{"D:\\Proyectos\\back end\\Node JS\\typescript\\app.ts": {"path":"D:\\Proyectos\\back end\\Node JS\\typescript\\app.ts","statementMap":{"0":{"start":{"line":1,"column":0},"end":{"line":1,"column":30}},"1":{"start":{"line":2,"column":0},"end":{"line":2,"column":24}},"2":{"start":{"line":3,"column":0},"end":{"line":3,"column":32}},"3":{"start":{"line":4,"column":0},"end":{"line":4,"column":42}},"4":{"start":{"line":5,"column":0},"end":{"line":5,"column":55}},"5":{"start":{"line":6,"column":0},"end":{"line":6,"column":75}},"6":{"start":{"line":7,"column":0},"end":{"line":7,"column":52}},"7":{"start":{"line":10,"column":0},"end":{"line":10,"column":9}},"8":{"start":{"line":11,"column":12},"end":{"line":11,"column":21}},"9":{"start":{"line":12,"column":13},"end":{"line":12,"column":37}},"10":{"start":{"line":15,"column":0},"end":{"line":15,"column":16}},"11":{"start":{"line":17,"column":0},"end":{"line":17,"column":24}},"12":{"start":{"line":19,"column":0},"end":{"line":19,"column":21}},"13":{"start":{"line":21,"column":0},"end":{"line":21,"column":29}},"14":{"start":{"line":22,"column":0},"end":{"line":22,"column":19}},"15":{"start":{"line":24,"column":0},"end":{"line":24,"column":19}},"16":{"start":{"line":25,"column":13},"end":{"line":27,"column":3}},"17":{"start":{"line":26,"column":4},"end":{"line":26,"column":49}},"18":{"start":{"line":29,"column":0},"end":{"line":29,"column":19}}},"fnMap":{"0":{"name":"(anonymous_1)","decl":{"start":{"line":25,"column":39},"end":{"line":25,"column":42}},"loc":{"start":{"line":25,"column":44},"end":{"line":27,"column":1}}}},"branchMap":{"0":{"loc":{"start":{"line":12,"column":13},"end":{"line":12,"column":37}},"type":"binary-expr","locations":[{"start":{"line":12,"column":13},"end":{"line":12,"column":29}},{"start":{"line":12,"column":33},"end":{"line":12,"column":37}}]}},"s":{"0":1,"1":1,"2":1,"3":1,"4":1,"5":1,"6":1,"7":1,"8":1,"9":1,"10":1,"11":1,"12":1,"13":1,"14":1,"15":1,"16":1,"17":1,"18":1},"f":{"0":1},"b":{"0":[1,0]}}
,"D:\\Proyectos\\back end\\Node JS\\typescript\\config\\mongodb.ts": {"path":"D:\\Proyectos\\back end\\Node JS\\typescript\\config\\mongodb.ts","statementMap":{"0":{"start":{"line":1,"column":17},"end":{"line":1,"column":36}},"1":{"start":{"line":3,"column":32},"end":{"line":18,"column":1}},"2":{"start":{"line":4,"column":46},"end":{"line":4,"column":57}},"3":{"start":{"line":5,"column":18},"end":{"line":5,"column":60}},"4":{"start":{"line":7,"column":4},"end":{"line":17,"column":6}},"5":{"start":{"line":11,"column":12},"end":{"line":15,"column":null}},"6":{"start":{"line":12,"column":16},"end":{"line":12,"column":52}},"7":{"start":{"line":14,"column":16},"end":{"line":14,"column":54}},"8":{"start":{"line":3,"column":13},"end":{"line":3,"column":32}}},"fnMap":{"0":{"name":"(anonymous_0)","decl":{"start":{"line":3,"column":32},"end":{"line":3,"column":35}},"loc":{"start":{"line":3,"column":37},"end":{"line":18,"column":1}}},"1":{"name":"(anonymous_1)","decl":{"start":{"line":10,"column":8},"end":{"line":10,"column":9}},"loc":{"start":{"line":10,"column":32},"end":{"line":16,"column":9}}}},"branchMap":{"0":{"loc":{"start":{"line":5,"column":18},"end":{"line":5,"column":60}},"type":"cond-expr","locations":[{"start":{"line":5,"column":40},"end":{"line":5,"column":51}},{"start":{"line":5,"column":54},"end":{"line":5,"column":60}}]},"1":{"loc":{"start":{"line":11,"column":12},"end":{"line":15,"column":null}},"type":"if","locations":[{"start":{"line":11,"column":12},"end":{"line":15,"column":null}},{"start":{"line":13,"column":19},"end":{"line":15,"column":null}}]}},"s":{"0":1,"1":1,"2":1,"3":1,"4":1,"5":1,"6":1,"7":0,"8":1},"f":{"0":1,"1":1},"b":{"0":[1,0],"1":[1,0]}}
,"D:\\Proyectos\\back end\\Node JS\\typescript\\src\\components\\role\\role.repo.ts": {"path":"D:\\Proyectos\\back end\\Node JS\\typescript\\src\\components\\role\\role.repo.ts","statementMap":{"0":{"start":{"line":1,"column":0},"end":{"line":1,"column":40}},"1":{"start":{"line":3,"column":0},"end":{"line":3,"column":null}},"2":{"start":{"line":4,"column":4},"end":{"line":4,"column":null}},"3":{"start":{"line":5,"column":4},"end":{"line":5,"column":null}},"4":{"start":{"line":7,"column":0},"end":{"line":16,"column":2}},"5":{"start":{"line":8,"column":39},"end":{"line":11,"column":null}},"6":{"start":{"line":9,"column":21},"end":{"line":9,"column":39}},"7":{"start":{"line":10,"column":8},"end":{"line":10,"column":81}},"8":{"start":{"line":12,"column":32},"end":{"line":15,"column":null}},"9":{"start":{"line":13,"column":21},"end":{"line":13,"column":49}},"10":{"start":{"line":14,"column":8},"end":{"line":14,"column":20}}},"fnMap":{"0":{"name":"(anonymous_8)","decl":{"start":{"line":3,"column":0},"end":{"line":3,"column":12}},"loc":{"start":{"line":3,"column":20},"end":{"line":6,"column":1}}},"1":{"name":"(anonymous_9)","decl":{"start":{"line":8,"column":10},"end":{"line":8,"column":17}},"loc":{"start":{"line":8,"column":39},"end":{"line":11,"column":null}}},"2":{"name":"(anonymous_10)","decl":{"start":{"line":8,"column":39},"end":{"line":8,"column":null}},"loc":{"start":{"line":8,"column":39},"end":{"line":11,"column":5}}},"3":{"name":"(anonymous_11)","decl":{"start":{"line":12,"column":14},"end":{"line":12,"column":21}},"loc":{"start":{"line":12,"column":32},"end":{"line":15,"column":null}}},"4":{"name":"(anonymous_12)","decl":{"start":{"line":12,"column":32},"end":{"line":12,"column":null}},"loc":{"start":{"line":12,"column":32},"end":{"line":15,"column":5}}}},"branchMap":{"0":{"loc":{"start":{"line":3,"column":12},"end":{"line":3,"column":null}},"type":"binary-expr","locations":[{"start":{"line":3,"column":12},"end":{"line":3,"column":20}},{"start":{"line":3,"column":12},"end":{"line":3,"column":null}}]},"1":{"loc":{"start":{"line":10,"column":15},"end":{"line":10,"column":80}},"type":"binary-expr","locations":[{"start":{"line":10,"column":16},"end":{"line":10,"column":45}},{"start":{"line":10,"column":51},"end":{"line":10,"column":79}}]}},"s":{"0":1,"1":1,"2":1,"3":1,"4":1,"5":2,"6":2,"7":2,"8":1,"9":1,"10":1},"f":{"0":1,"1":2,"2":2,"3":1,"4":1},"b":{"0":[1,1],"1":[2,0]}}
,"D:\\Proyectos\\back end\\Node JS\\typescript\\src\\components\\role\\model\\mongodb.ts": {"path":"D:\\Proyectos\\back end\\Node JS\\typescript\\src\\components\\role\\model\\mongodb.ts","statementMap":{"0":{"start":{"line":1,"column":0},"end":{"line":1,"column":41}},"1":{"start":{"line":2,"column":0},"end":{"line":2,"column":40}},"2":{"start":{"line":4,"column":19},"end":{"line":6,"column":null}},"3":{"start":{"line":9,"column":0},"end":{"line":9,"column":42}}},"fnMap":{},"branchMap":{},"s":{"0":1,"1":1,"2":1,"3":1},"f":{},"b":{}}
,"D:\\Proyectos\\back end\\Node JS\\typescript\\src\\components\\user\\user.controller.ts": {"path":"D:\\Proyectos\\back end\\Node JS\\typescript\\src\\components\\user\\user.controller.ts","statementMap":{"0":{"start":{"line":1,"column":0},"end":{"line":1,"column":33}},"1":{"start":{"line":2,"column":0},"end":{"line":2,"column":64}},"2":{"start":{"line":5,"column":0},"end":{"line":5,"column":null}},"3":{"start":{"line":10,"column":0},"end":{"line":10,"column":41}},"4":{"start":{"line":12,"column":19},"end":{"line":12,"column":27}},"5":{"start":{"line":14,"column":28},"end":{"line":18,"column":2}},"6":{"start":{"line":14,"column":48},"end":{"line":18,"column":2}},"7":{"start":{"line":15,"column":29},"end":{"line":15,"column":56}},"8":{"start":{"line":16,"column":4},"end":{"line":16,"column":47}},"9":{"start":{"line":17,"column":4},"end":{"line":17,"column":20}},"10":{"start":{"line":20,"column":25},"end":{"line":25,"column":2}},"11":{"start":{"line":20,"column":44},"end":{"line":25,"column":2}},"12":{"start":{"line":21,"column":29},"end":{"line":21,"column":37}},"13":{"start":{"line":22,"column":26},"end":{"line":22,"column":62}},"14":{"start":{"line":23,"column":4},"end":{"line":23,"column":20}},"15":{"start":{"line":24,"column":4},"end":{"line":24,"column":19}},"16":{"start":{"line":27,"column":35},"end":{"line":32,"column":2}},"17":{"start":{"line":27,"column":54},"end":{"line":32,"column":2}},"18":{"start":{"line":28,"column":29},"end":{"line":28,"column":46}},"19":{"start":{"line":29,"column":19},"end":{"line":29,"column":61}},"20":{"start":{"line":30,"column":4},"end":{"line":30,"column":20}},"21":{"start":{"line":31,"column":4},"end":{"line":31,"column":25}},"22":{"start":{"line":34,"column":35},"end":{"line":40,"column":2}},"23":{"start":{"line":34,"column":54},"end":{"line":40,"column":2}},"24":{"start":{"line":35,"column":19},"end":{"line":35,"column":32}},"25":{"start":{"line":36,"column":38},"end":{"line":36,"column":46}},"26":{"start":{"line":37,"column":4},"end":{"line":37,"column":56}},"27":{"start":{"line":38,"column":4},"end":{"line":38,"column":20}},"28":{"start":{"line":39,"column":4},"end":{"line":39,"column":15}},"29":{"start":{"line":42,"column":26},"end":{"line":47,"column":2}},"30":{"start":{"line":42,"column":45},"end":{"line":47,"column":2}},"31":{"start":{"line":43,"column":29},"end":{"line":43,"column":37}},"32":{"start":{"line":44,"column":27},"end":{"line":44,"column":59}},"33":{"start":{"line":45,"column":4},"end":{"line":45,"column":20}},"34":{"start":{"line":46,"column":4},"end":{"line":46,"column":21}},"35":{"start":{"line":49,"column":33},"end":{"line":54,"column":2}},"36":{"start":{"line":49,"column":52},"end":{"line":54,"column":2}},"37":{"start":{"line":50,"column":26},"end":{"line":50,"column":56}},"38":{"start":{"line":51,"column":27},"end":{"line":51,"column":64}},"39":{"start":{"line":52,"column":4},"end":{"line":52,"column":20}},"40":{"start":{"line":53,"column":4},"end":{"line":53,"column":21}},"41":{"start":{"line":56,"column":34},"end":{"line":61,"column":2}},"42":{"start":{"line":56,"column":53},"end":{"line":61,"column":2}},"43":{"start":{"line":57,"column":26},"end":{"line":57,"column":56}},"44":{"start":{"line":58,"column":20},"end":{"line":58,"column":58}},"45":{"start":{"line":59,"column":4},"end":{"line":59,"column":20}},"46":{"start":{"line":60,"column":4},"end":{"line":60,"column":26}},"47":{"start":{"line":63,"column":0},"end":{"line":63,"column":40}},"48":{"start":{"line":64,"column":0},"end":{"line":64,"column":53}},"49":{"start":{"line":65,"column":0},"end":{"line":65,"column":78}},"50":{"start":{"line":66,"column":0},"end":{"line":66,"column":83}},"51":{"start":{"line":67,"column":0},"end":{"line":67,"column":60}},"52":{"start":{"line":68,"column":0},"end":{"line":68,"column":60}},"53":{"start":{"line":69,"column":0},"end":{"line":69,"column":62}},"54":{"start":{"line":71,"column":0},"end":{"line":71,"column":38}}},"fnMap":{"0":{"name":"(anonymous_8)","decl":{"start":{"line":14,"column":28},"end":{"line":14,"column":35}},"loc":{"start":{"line":14,"column":48},"end":{"line":18,"column":2}}},"1":{"name":"(anonymous_9)","decl":{"start":{"line":14,"column":48},"end":{"line":14,"column":null}},"loc":{"start":{"line":14,"column":48},"end":{"line":18,"column":1}}},"2":{"name":"(anonymous_10)","decl":{"start":{"line":20,"column":25},"end":{"line":20,"column":32}},"loc":{"start":{"line":20,"column":44},"end":{"line":25,"column":2}}},"3":{"name":"(anonymous_11)","decl":{"start":{"line":20,"column":44},"end":{"line":20,"column":null}},"loc":{"start":{"line":20,"column":44},"end":{"line":25,"column":1}}},"4":{"name":"(anonymous_12)","decl":{"start":{"line":27,"column":35},"end":{"line":27,"column":42}},"loc":{"start":{"line":27,"column":54},"end":{"line":32,"column":2}}},"5":{"name":"(anonymous_13)","decl":{"start":{"line":27,"column":54},"end":{"line":27,"column":null}},"loc":{"start":{"line":27,"column":54},"end":{"line":32,"column":1}}},"6":{"name":"(anonymous_14)","decl":{"start":{"line":34,"column":35},"end":{"line":34,"column":42}},"loc":{"start":{"line":34,"column":54},"end":{"line":40,"column":2}}},"7":{"name":"(anonymous_15)","decl":{"start":{"line":34,"column":54},"end":{"line":34,"column":null}},"loc":{"start":{"line":34,"column":54},"end":{"line":40,"column":1}}},"8":{"name":"(anonymous_16)","decl":{"start":{"line":42,"column":26},"end":{"line":42,"column":33}},"loc":{"start":{"line":42,"column":45},"end":{"line":47,"column":2}}},"9":{"name":"(anonymous_17)","decl":{"start":{"line":42,"column":45},"end":{"line":42,"column":null}},"loc":{"start":{"line":42,"column":45},"end":{"line":47,"column":1}}},"10":{"name":"(anonymous_18)","decl":{"start":{"line":49,"column":33},"end":{"line":49,"column":40}},"loc":{"start":{"line":49,"column":52},"end":{"line":54,"column":2}}},"11":{"name":"(anonymous_19)","decl":{"start":{"line":49,"column":52},"end":{"line":49,"column":null}},"loc":{"start":{"line":49,"column":52},"end":{"line":54,"column":1}}},"12":{"name":"(anonymous_20)","decl":{"start":{"line":56,"column":34},"end":{"line":56,"column":41}},"loc":{"start":{"line":56,"column":53},"end":{"line":61,"column":2}}},"13":{"name":"(anonymous_21)","decl":{"start":{"line":56,"column":53},"end":{"line":56,"column":null}},"loc":{"start":{"line":56,"column":53},"end":{"line":61,"column":1}}}},"branchMap":{"0":{"loc":{"start":{"line":16,"column":15},"end":{"line":16,"column":45}},"type":"cond-expr","locations":[{"start":{"line":16,"column":36},"end":{"line":16,"column":39}},{"start":{"line":16,"column":42},"end":{"line":16,"column":45}}]},"1":{"loc":{"start":{"line":50,"column":26},"end":{"line":50,"column":56}},"type":"binary-expr","locations":[{"start":{"line":50,"column":26},"end":{"line":50,"column":50}},{"start":{"line":50,"column":54},"end":{"line":50,"column":56}}]},"2":{"loc":{"start":{"line":57,"column":26},"end":{"line":57,"column":56}},"type":"binary-expr","locations":[{"start":{"line":57,"column":26},"end":{"line":57,"column":50}},{"start":{"line":57,"column":54},"end":{"line":57,"column":56}}]}},"s":{"0":1,"1":1,"2":1,"3":1,"4":1,"5":1,"6":2,"7":2,"8":2,"9":2,"10":1,"11":2,"12":2,"13":2,"14":1,"15":1,"16":1,"17":2,"18":2,"19":2,"20":2,"21":2,"22":1,"23":3,"24":3,"25":3,"26":3,"27":1,"28":1,"29":1,"30":3,"31":3,"32":3,"33":1,"34":1,"35":1,"36":3,"37":3,"38":3,"39":1,"40":1,"41":1,"42":3,"43":3,"44":3,"45":2,"46":2,"47":1,"48":1,"49":1,"50":1,"51":1,"52":1,"53":1,"54":1},"f":{"0":2,"1":2,"2":2,"3":2,"4":2,"5":2,"6":3,"7":3,"8":3,"9":3,"10":3,"11":3,"12":3,"13":3},"b":{"0":[1,1],"1":[3,1],"2":[3,1]}}
,"D:\\Proyectos\\back end\\Node JS\\typescript\\src\\components\\user\\user.repo.ts": {"path":"D:\\Proyectos\\back end\\Node JS\\typescript\\src\\components\\user\\user.repo.ts","statementMap":{"0":{"start":{"line":2,"column":0},"end":{"line":2,"column":40}},"1":{"start":{"line":4,"column":16},"end":{"line":6,"column":2}},"2":{"start":{"line":4,"column":27},"end":{"line":6,"column":2}},"3":{"start":{"line":5,"column":4},"end":{"line":5,"column":36}},"4":{"start":{"line":8,"column":13},"end":{"line":11,"column":2}},"5":{"start":{"line":8,"column":38},"end":{"line":11,"column":2}},"6":{"start":{"line":9,"column":19},"end":{"line":9,"column":47}},"7":{"start":{"line":10,"column":4},"end":{"line":10,"column":18}},"8":{"start":{"line":13,"column":23},"end":{"line":16,"column":2}},"9":{"start":{"line":13,"column":50},"end":{"line":16,"column":2}},"10":{"start":{"line":14,"column":19},"end":{"line":14,"column":56}},"11":{"start":{"line":15,"column":4},"end":{"line":15,"column":18}},"12":{"start":{"line":18,"column":17},"end":{"line":21,"column":2}},"13":{"start":{"line":18,"column":38},"end":{"line":21,"column":2}},"14":{"start":{"line":19,"column":19},"end":{"line":19,"column":47}},"15":{"start":{"line":20,"column":4},"end":{"line":20,"column":18}},"16":{"start":{"line":23,"column":15},"end":{"line":25,"column":2}},"17":{"start":{"line":23,"column":49},"end":{"line":25,"column":2}},"18":{"start":{"line":24,"column":4},"end":{"line":24,"column":50}},"19":{"start":{"line":27,"column":0},"end":{"line":27,"column":67}}},"fnMap":{"0":{"name":"(anonymous_8)","decl":{"start":{"line":4,"column":16},"end":{"line":4,"column":25}},"loc":{"start":{"line":4,"column":27},"end":{"line":6,"column":2}}},"1":{"name":"(anonymous_9)","decl":{"start":{"line":4,"column":27},"end":{"line":4,"column":null}},"loc":{"start":{"line":4,"column":27},"end":{"line":6,"column":1}}},"2":{"name":"(anonymous_10)","decl":{"start":{"line":8,"column":13},"end":{"line":8,"column":20}},"loc":{"start":{"line":8,"column":38},"end":{"line":11,"column":2}}},"3":{"name":"(anonymous_11)","decl":{"start":{"line":8,"column":38},"end":{"line":8,"column":null}},"loc":{"start":{"line":8,"column":38},"end":{"line":11,"column":1}}},"4":{"name":"(anonymous_12)","decl":{"start":{"line":13,"column":23},"end":{"line":13,"column":30}},"loc":{"start":{"line":13,"column":50},"end":{"line":16,"column":2}}},"5":{"name":"(anonymous_13)","decl":{"start":{"line":13,"column":50},"end":{"line":13,"column":null}},"loc":{"start":{"line":13,"column":50},"end":{"line":16,"column":1}}},"6":{"name":"(anonymous_14)","decl":{"start":{"line":18,"column":17},"end":{"line":18,"column":24}},"loc":{"start":{"line":18,"column":38},"end":{"line":21,"column":2}}},"7":{"name":"(anonymous_15)","decl":{"start":{"line":18,"column":38},"end":{"line":18,"column":null}},"loc":{"start":{"line":18,"column":38},"end":{"line":21,"column":1}}},"8":{"name":"(anonymous_16)","decl":{"start":{"line":23,"column":15},"end":{"line":23,"column":22}},"loc":{"start":{"line":23,"column":49},"end":{"line":25,"column":2}}},"9":{"name":"(anonymous_17)","decl":{"start":{"line":23,"column":49},"end":{"line":23,"column":null}},"loc":{"start":{"line":23,"column":49},"end":{"line":25,"column":1}}}},"branchMap":{},"s":{"0":1,"1":1,"2":2,"3":2,"4":1,"5":2,"6":2,"7":1,"8":1,"9":5,"10":5,"11":5,"12":1,"13":3,"14":3,"15":2,"16":1,"17":1,"18":1,"19":1},"f":{"0":2,"1":2,"2":2,"3":2,"4":5,"5":5,"6":3,"7":3,"8":1,"9":1},"b":{}}
,"D:\\Proyectos\\back end\\Node JS\\typescript\\src\\components\\user\\user.service.ts": {"path":"D:\\Proyectos\\back end\\Node JS\\typescript\\src\\components\\user\\user.service.ts","statementMap":{"0":{"start":{"line":1,"column":0},"end":{"line":1,"column":81}},"1":{"start":{"line":2,"column":0},"end":{"line":2,"column":55}},"2":{"start":{"line":4,"column":0},"end":{"line":4,"column":56}},"3":{"start":{"line":5,"column":0},"end":{"line":5,"column":35}},"4":{"start":{"line":6,"column":0},"end":{"line":6,"column":65}},"5":{"start":{"line":8,"column":13},"end":{"line":27,"column":2}},"6":{"start":{"line":8,"column":75},"end":{"line":27,"column":2}},"7":{"start":{"line":9,"column":28},"end":{"line":9,"column":57}},"8":{"start":{"line":11,"column":29},"end":{"line":11,"column":57}},"9":{"start":{"line":13,"column":31},"end":{"line":17,"column":6}},"10":{"start":{"line":19,"column":4},"end":{"line":26,"column":null}},"11":{"start":{"line":20,"column":23},"end":{"line":20,"column":52}},"12":{"start":{"line":21,"column":33},"end":{"line":21,"column":62}},"13":{"start":{"line":22,"column":8},"end":{"line":22,"column":23}},"14":{"start":{"line":24,"column":24},"end":{"line":24,"column":68}},"15":{"start":{"line":25,"column":8},"end":{"line":25,"column":58}},"16":{"start":{"line":29,"column":26},"end":{"line":31,"column":2}},"17":{"start":{"line":29,"column":68},"end":{"line":31,"column":2}},"18":{"start":{"line":30,"column":4},"end":{"line":30,"column":46}},"19":{"start":{"line":29,"column":13},"end":{"line":29,"column":26}},"20":{"start":{"line":33,"column":0},"end":{"line":129,"column":2}},"21":{"start":{"line":34,"column":44},"end":{"line":41,"column":null}},"22":{"start":{"line":35,"column":24},"end":{"line":35,"column":48}},"23":{"start":{"line":36,"column":33},"end":{"line":39,"column":10}},"24":{"start":{"line":37,"column":29},"end":{"line":37,"column":42}},"25":{"start":{"line":38,"column":12},"end":{"line":38,"column":32}},"26":{"start":{"line":40,"column":8},"end":{"line":40,"column":21}},"27":{"start":{"line":43,"column":57},"end":{"line":45,"column":null}},"28":{"start":{"line":44,"column":8},"end":{"line":44,"column":48}},"29":{"start":{"line":47,"column":65},"end":{"line":50,"column":null}},"30":{"start":{"line":48,"column":23},"end":{"line":48,"column":62}},"31":{"start":{"line":49,"column":8},"end":{"line":49,"column":31}},"32":{"start":{"line":52,"column":72},"end":{"line":69,"column":null}},"33":{"start":{"line":53,"column":21},"end":{"line":53,"column":25}},"34":{"start":{"line":54,"column":8},"end":{"line":60,"column":null}},"35":{"start":{"line":55,"column":12},"end":{"line":55,"column":53}},"36":{"start":{"line":56,"column":12},"end":{"line":56,"column":43}},"37":{"start":{"line":56,"column":25},"end":{"line":56,"column":43}},"38":{"start":{"line":58,"column":28},"end":{"line":58,"column":51}},"39":{"start":{"line":59,"column":12},"end":{"line":59,"column":63}},"40":{"start":{"line":62,"column":25},"end":{"line":62,"column":82}},"41":{"start":{"line":63,"column":8},"end":{"line":66,"column":null}},"42":{"start":{"line":64,"column":28},"end":{"line":64,"column":52}},"43":{"start":{"line":65,"column":12},"end":{"line":65,"column":66}},"44":{"start":{"line":68,"column":8},"end":{"line":68,"column":75}},"45":{"start":{"line":71,"column":35},"end":{"line":97,"column":null}},"46":{"start":{"line":72,"column":23},"end":{"line":72,"column":67}},"47":{"start":{"line":73,"column":8},"end":{"line":76,"column":null}},"48":{"start":{"line":74,"column":28},"end":{"line":74,"column":65}},"49":{"start":{"line":75,"column":12},"end":{"line":75,"column":66}},"50":{"start":{"line":78,"column":25},"end":{"line":78,"column":70}},"51":{"start":{"line":79,"column":8},"end":{"line":82,"column":null}},"52":{"start":{"line":80,"column":28},"end":{"line":80,"column":65}},"53":{"start":{"line":81,"column":12},"end":{"line":81,"column":66}},"54":{"start":{"line":84,"column":32},"end":{"line":84,"column":34}},"55":{"start":{"line":85,"column":8},"end":{"line":89,"column":null}},"56":{"start":{"line":86,"column":25},"end":{"line":86,"column":56}},"57":{"start":{"line":87,"column":29},"end":{"line":87,"column":45}},"58":{"start":{"line":88,"column":12},"end":{"line":88,"column":33}},"59":{"start":{"line":92,"column":8},"end":{"line":96,"column":11}},"60":{"start":{"line":99,"column":49},"end":{"line":114,"column":null}},"61":{"start":{"line":100,"column":8},"end":{"line":103,"column":null}},"62":{"start":{"line":101,"column":28},"end":{"line":101,"column":51}},"63":{"start":{"line":102,"column":12},"end":{"line":102,"column":65}},"64":{"start":{"line":105,"column":8},"end":{"line":108,"column":null}},"65":{"start":{"line":106,"column":28},"end":{"line":106,"column":45}},"66":{"start":{"line":107,"column":12},"end":{"line":107,"column":66}},"67":{"start":{"line":110,"column":24},"end":{"line":110,"column":44}},"68":{"start":{"line":113,"column":8},"end":{"line":113,"column":37}},"69":{"start":{"line":116,"column":43},"end":{"line":128,"column":null}},"70":{"start":{"line":117,"column":8},"end":{"line":120,"column":null}},"71":{"start":{"line":118,"column":28},"end":{"line":118,"column":51}},"72":{"start":{"line":119,"column":12},"end":{"line":119,"column":65}},"73":{"start":{"line":122,"column":8},"end":{"line":127,"column":null}},"74":{"start":{"line":123,"column":12},"end":{"line":123,"column":26}},"75":{"start":{"line":124,"column":12},"end":{"line":124,"column":24}},"76":{"start":{"line":126,"column":12},"end":{"line":126,"column":25}}},"fnMap":{"0":{"name":"(anonymous_14)","decl":{"start":{"line":8,"column":13},"end":{"line":8,"column":20}},"loc":{"start":{"line":8,"column":75},"end":{"line":27,"column":2}}},"1":{"name":"(anonymous_15)","decl":{"start":{"line":8,"column":75},"end":{"line":8,"column":null}},"loc":{"start":{"line":8,"column":75},"end":{"line":27,"column":1}}},"2":{"name":"(anonymous_16)","decl":{"start":{"line":29,"column":26},"end":{"line":29,"column":33}},"loc":{"start":{"line":29,"column":68},"end":{"line":31,"column":2}}},"3":{"name":"(anonymous_17)","decl":{"start":{"line":29,"column":68},"end":{"line":29,"column":null}},"loc":{"start":{"line":29,"column":68},"end":{"line":31,"column":1}}},"4":{"name":"(anonymous_18)","decl":{"start":{"line":34,"column":13},"end":{"line":34,"column":42}},"loc":{"start":{"line":34,"column":44},"end":{"line":41,"column":null}}},"5":{"name":"(anonymous_19)","decl":{"start":{"line":34,"column":44},"end":{"line":34,"column":null}},"loc":{"start":{"line":34,"column":44},"end":{"line":41,"column":5}}},"6":{"name":"(anonymous_20)","decl":{"start":{"line":36,"column":45},"end":{"line":36,"column":46}},"loc":{"start":{"line":36,"column":54},"end":{"line":39,"column":9}}},"7":{"name":"(anonymous_21)","decl":{"start":{"line":43,"column":15},"end":{"line":43,"column":22}},"loc":{"start":{"line":43,"column":57},"end":{"line":45,"column":null}}},"8":{"name":"(anonymous_22)","decl":{"start":{"line":43,"column":57},"end":{"line":43,"column":null}},"loc":{"start":{"line":43,"column":57},"end":{"line":45,"column":5}}},"9":{"name":"(anonymous_23)","decl":{"start":{"line":47,"column":20},"end":{"line":47,"column":27}},"loc":{"start":{"line":47,"column":65},"end":{"line":50,"column":null}}},"10":{"name":"(anonymous_24)","decl":{"start":{"line":47,"column":65},"end":{"line":47,"column":null}},"loc":{"start":{"line":47,"column":65},"end":{"line":50,"column":5}}},"11":{"name":"(anonymous_25)","decl":{"start":{"line":52,"column":20},"end":{"line":52,"column":27}},"loc":{"start":{"line":52,"column":72},"end":{"line":69,"column":null}}},"12":{"name":"(anonymous_26)","decl":{"start":{"line":52,"column":72},"end":{"line":52,"column":null}},"loc":{"start":{"line":52,"column":72},"end":{"line":69,"column":5}}},"13":{"name":"(anonymous_27)","decl":{"start":{"line":71,"column":11},"end":{"line":71,"column":18}},"loc":{"start":{"line":71,"column":35},"end":{"line":97,"column":null}}},"14":{"name":"(anonymous_28)","decl":{"start":{"line":71,"column":35},"end":{"line":71,"column":null}},"loc":{"start":{"line":71,"column":35},"end":{"line":97,"column":5}}},"15":{"name":"(anonymous_29)","decl":{"start":{"line":99,"column":18},"end":{"line":99,"column":25}},"loc":{"start":{"line":99,"column":49},"end":{"line":114,"column":null}}},"16":{"name":"(anonymous_30)","decl":{"start":{"line":99,"column":49},"end":{"line":99,"column":null}},"loc":{"start":{"line":99,"column":49},"end":{"line":114,"column":5}}},"17":{"name":"(anonymous_31)","decl":{"start":{"line":116,"column":19},"end":{"line":116,"column":26}},"loc":{"start":{"line":116,"column":43},"end":{"line":128,"column":null}}},"18":{"name":"(anonymous_32)","decl":{"start":{"line":116,"column":43},"end":{"line":116,"column":null}},"loc":{"start":{"line":116,"column":43},"end":{"line":128,"column":5}}}},"branchMap":{"0":{"loc":{"start":{"line":56,"column":12},"end":{"line":56,"column":43}},"type":"if","locations":[{"start":{"line":56,"column":12},"end":{"line":56,"column":43}}]},"1":{"loc":{"start":{"line":63,"column":8},"end":{"line":66,"column":null}},"type":"if","locations":[{"start":{"line":63,"column":8},"end":{"line":66,"column":null}}]},"2":{"loc":{"start":{"line":73,"column":8},"end":{"line":76,"column":null}},"type":"if","locations":[{"start":{"line":73,"column":8},"end":{"line":76,"column":null}}]},"3":{"loc":{"start":{"line":79,"column":8},"end":{"line":82,"column":null}},"type":"if","locations":[{"start":{"line":79,"column":8},"end":{"line":82,"column":null}}]},"4":{"loc":{"start":{"line":87,"column":29},"end":{"line":87,"column":45}},"type":"binary-expr","locations":[{"start":{"line":87,"column":29},"end":{"line":87,"column":39}},{"start":{"line":87,"column":43},"end":{"line":87,"column":45}}]},"5":{"loc":{"start":{"line":87,"column":29},"end":{"line":87,"column":39}},"type":"cond-expr","locations":[{"start":{"line":87,"column":33},"end":{"line":87,"column":35}},{"start":{"line":87,"column":29},"end":{"line":87,"column":39}}]},"6":{"loc":{"start":{"line":87,"column":29},"end":{"line":87,"column":35}},"type":"binary-expr","locations":[{"start":{"line":87,"column":29},"end":{"line":87,"column":35}},{"start":{"line":87,"column":29},"end":{"line":87,"column":35}}]},"7":{"loc":{"start":{"line":100,"column":8},"end":{"line":103,"column":null}},"type":"if","locations":[{"start":{"line":100,"column":8},"end":{"line":103,"column":null}}]},"8":{"loc":{"start":{"line":105,"column":8},"end":{"line":108,"column":null}},"type":"if","locations":[{"start":{"line":105,"column":8},"end":{"line":108,"column":null}}]},"9":{"loc":{"start":{"line":117,"column":8},"end":{"line":120,"column":null}},"type":"if","locations":[{"start":{"line":117,"column":8},"end":{"line":120,"column":null}}]}},"s":{"0":1,"1":1,"2":1,"3":1,"4":1,"5":1,"6":2,"7":2,"8":2,"9":2,"10":2,"11":2,"12":1,"13":1,"14":1,"15":1,"16":1,"17":0,"18":0,"19":1,"20":1,"21":2,"22":2,"23":2,"24":1,"25":1,"26":2,"27":2,"28":2,"29":2,"30":2,"31":2,"32":3,"33":3,"34":3,"35":3,"36":2,"37":0,"38":1,"39":1,"40":2,"41":2,"42":1,"43":1,"44":1,"45":3,"46":3,"47":3,"48":1,"49":1,"50":2,"51":2,"52":1,"53":1,"54":1,"55":1,"56":1,"57":1,"58":1,"59":1,"60":3,"61":3,"62":1,"63":1,"64":2,"65":1,"66":1,"67":1,"68":1,"69":3,"70":3,"71":1,"72":1,"73":2,"74":2,"75":1,"76":1},"f":{"0":2,"1":2,"2":0,"3":0,"4":2,"5":2,"6":1,"7":2,"8":2,"9":2,"10":2,"11":3,"12":3,"13":3,"14":3,"15":3,"16":3,"17":3,"18":3},"b":{"0":[0],"1":[1],"2":[1],"3":[1],"4":[1,0],"5":[0,1],"6":[1,1],"7":[1],"8":[1],"9":[1]}}
,"D:\\Proyectos\\back end\\Node JS\\typescript\\src\\components\\user\\dto\\validator.ts": {"path":"D:\\Proyectos\\back end\\Node JS\\typescript\\src\\components\\user\\dto\\validator.ts","statementMap":{"0":{"start":{"line":1,"column":0},"end":{"line":1,"column":42}},"1":{"start":{"line":2,"column":0},"end":{"line":2,"column":59}},"2":{"start":{"line":4,"column":13},"end":{"line":7,"column":2}},"3":{"start":{"line":9,"column":13},"end":{"line":12,"column":2}},"4":{"start":{"line":14,"column":13},"end":{"line":20,"column":2}}},"fnMap":{},"branchMap":{},"s":{"0":1,"1":1,"2":1,"3":1,"4":1},"f":{},"b":{}}
,"D:\\Proyectos\\back end\\Node JS\\typescript\\src\\components\\user\\model\\mongodb.ts": {"path":"D:\\Proyectos\\back end\\Node JS\\typescript\\src\\components\\user\\model\\mongodb.ts","statementMap":{"0":{"start":{"line":1,"column":0},"end":{"line":1,"column":41}},"1":{"start":{"line":3,"column":19},"end":{"line":16,"column":null}},"2":{"start":{"line":19,"column":0},"end":{"line":19,"column":42}}},"fnMap":{},"branchMap":{},"s":{"0":1,"1":1,"2":1},"f":{},"b":{}}
,"D:\\Proyectos\\back end\\Node JS\\typescript\\src\\midlewares\\handle404.ts": {"path":"D:\\Proyectos\\back end\\Node JS\\typescript\\src\\midlewares\\handle404.ts","statementMap":{"0":{"start":{"line":3,"column":25},"end":{"line":10,"column":1}},"1":{"start":{"line":4,"column":4},"end":{"line":4,"column":20}},"2":{"start":{"line":5,"column":4},"end":{"line":9,"column":7}},"3":{"start":{"line":3,"column":13},"end":{"line":3,"column":25}}},"fnMap":{"0":{"name":"(anonymous_0)","decl":{"start":{"line":3,"column":25},"end":{"line":3,"column":26}},"loc":{"start":{"line":3,"column":78},"end":{"line":10,"column":1}}}},"branchMap":{},"s":{"0":1,"1":0,"2":0,"3":1},"f":{"0":0},"b":{}}
,"D:\\Proyectos\\back end\\Node JS\\typescript\\src\\midlewares\\handleHttpException.ts": {"path":"D:\\Proyectos\\back end\\Node JS\\typescript\\src\\midlewares\\handleHttpException.ts","statementMap":{"0":{"start":{"line":2,"column":0},"end":{"line":2,"column":28}},"1":{"start":{"line":4,"column":0},"end":{"line":4,"column":16}},"2":{"start":{"line":5,"column":24},"end":{"line":5,"column":35}},"3":{"start":{"line":7,"column":0},"end":{"line":7,"column":null}},"4":{"start":{"line":8,"column":4},"end":{"line":8,"column":null}},"5":{"start":{"line":9,"column":4},"end":{"line":9,"column":null}},"6":{"start":{"line":10,"column":4},"end":{"line":10,"column":null}},"7":{"start":{"line":11,"column":4},"end":{"line":11,"column":null}},"8":{"start":{"line":12,"column":4},"end":{"line":12,"column":null}},"9":{"start":{"line":13,"column":4},"end":{"line":13,"column":null}},"10":{"start":{"line":14,"column":4},"end":{"line":14,"column":null}},"11":{"start":{"line":15,"column":4},"end":{"line":15,"column":null}},"12":{"start":{"line":16,"column":4},"end":{"line":16,"column":null}},"13":{"start":{"line":17,"column":4},"end":{"line":17,"column":null}},"14":{"start":{"line":18,"column":4},"end":{"line":18,"column":null}},"15":{"start":{"line":21,"column":23},"end":{"line":30,"column":2}},"16":{"start":{"line":32,"column":29},"end":{"line":34,"column":1}},"17":{"start":{"line":33,"column":4},"end":{"line":33,"column":58}},"18":{"start":{"line":32,"column":13},"end":{"line":32,"column":29}},"19":{"start":{"line":36,"column":35},"end":{"line":72,"column":1}},"20":{"start":{"line":42,"column":17},"end":{"line":42,"column":45}},"21":{"start":{"line":44,"column":4},"end":{"line":71,"column":null}},"22":{"start":{"line":45,"column":8},"end":{"line":45,"column":24}},"23":{"start":{"line":46,"column":8},"end":{"line":50,"column":11}},"24":{"start":{"line":51,"column":11},"end":{"line":71,"column":null}},"25":{"start":{"line":52,"column":34},"end":{"line":52,"column":72}},"26":{"start":{"line":53,"column":23},"end":{"line":53,"column":37}},"27":{"start":{"line":54,"column":27},"end":{"line":56,"column":15}},"28":{"start":{"line":55,"column":22},"end":{"line":55,"column":44}},"29":{"start":{"line":58,"column":8},"end":{"line":58,"column":27}},"30":{"start":{"line":59,"column":8},"end":{"line":63,"column":11}},"31":{"start":{"line":65,"column":8},"end":{"line":65,"column":24}},"32":{"start":{"line":66,"column":8},"end":{"line":70,"column":11}},"33":{"start":{"line":36,"column":13},"end":{"line":36,"column":35}}},"fnMap":{"0":{"name":"(anonymous_1)","decl":{"start":{"line":7,"column":0},"end":{"line":7,"column":12}},"loc":{"start":{"line":7,"column":22},"end":{"line":19,"column":1}}},"1":{"name":"(anonymous_2)","decl":{"start":{"line":32,"column":29},"end":{"line":32,"column":30}},"loc":{"start":{"line":32,"column":69},"end":{"line":34,"column":1}}},"2":{"name":"(anonymous_3)","decl":{"start":{"line":36,"column":35},"end":{"line":36,"column":null}},"loc":{"start":{"line":41,"column":4},"end":{"line":72,"column":1}}},"3":{"name":"(anonymous_4)","decl":{"start":{"line":55,"column":12},"end":{"line":55,"column":13}},"loc":{"start":{"line":55,"column":22},"end":{"line":55,"column":44}}}},"branchMap":{"0":{"loc":{"start":{"line":7,"column":12},"end":{"line":7,"column":null}},"type":"binary-expr","locations":[{"start":{"line":7,"column":12},"end":{"line":7,"column":22}},{"start":{"line":7,"column":12},"end":{"line":7,"column":null}}]},"1":{"loc":{"start":{"line":44,"column":4},"end":{"line":71,"column":null}},"type":"if","locations":[{"start":{"line":44,"column":4},"end":{"line":71,"column":null}},{"start":{"line":51,"column":11},"end":{"line":71,"column":null}}]},"2":{"loc":{"start":{"line":51,"column":11},"end":{"line":71,"column":null}},"type":"if","locations":[{"start":{"line":51,"column":11},"end":{"line":71,"column":null}},{"start":{"line":64,"column":11},"end":{"line":71,"column":null}}]},"3":{"loc":{"start":{"line":51,"column":15},"end":{"line":51,"column":57}},"type":"cond-expr","locations":[{"start":{"line":51,"column":28},"end":{"line":51,"column":30}},{"start":{"line":51,"column":28},"end":{"line":51,"column":57}}]},"4":{"loc":{"start":{"line":51,"column":15},"end":{"line":51,"column":30}},"type":"binary-expr","locations":[{"start":{"line":51,"column":15},"end":{"line":51,"column":30}},{"start":{"line":51,"column":28},"end":{"line":51,"column":30}}]},"5":{"loc":{"start":{"line":51,"column":39},"end":{"line":51,"column":56}},"type":"binary-expr","locations":[{"start":{"line":51,"column":39},"end":{"line":51,"column":50}},{"start":{"line":51,"column":54},"end":{"line":51,"column":56}}]},"6":{"loc":{"start":{"line":52,"column":54},"end":{"line":52,"column":71}},"type":"binary-expr","locations":[{"start":{"line":52,"column":54},"end":{"line":52,"column":65}},{"start":{"line":52,"column":69},"end":{"line":52,"column":71}}]},"7":{"loc":{"start":{"line":54,"column":27},"end":{"line":56,"column":15}},"type":"cond-expr","locations":[{"start":{"line":56,"column":9},"end":{"line":56,"column":11}},{"start":{"line":56,"column":9},"end":{"line":56,"column":15}}]},"8":{"loc":{"start":{"line":54,"column":27},"end":{"line":56,"column":11}},"type":"binary-expr","locations":[{"start":{"line":54,"column":27},"end":{"line":56,"column":11}},{"start":{"line":56,"column":9},"end":{"line":56,"column":11}}]},"9":{"loc":{"start":{"line":68,"column":21},"end":{"line":68,"column":46}},"type":"binary-expr","locations":[{"start":{"line":68,"column":21},"end":{"line":68,"column":34}},{"start":{"line":68,"column":38},"end":{"line":68,"column":46}}]}},"s":{"0":1,"1":1,"2":1,"3":1,"4":1,"5":1,"6":1,"7":1,"8":1,"9":1,"10":1,"11":1,"12":1,"13":1,"14":1,"15":1,"16":1,"17":9,"18":1,"19":1,"20":16,"21":16,"22":8,"23":8,"24":8,"25":8,"26":8,"27":8,"28":20,"29":8,"30":8,"31":0,"32":0,"33":1},"f":{"0":1,"1":9,"2":16,"3":20},"b":{"0":[1,1],"1":[8,8],"2":[8,0],"3":[0,8],"4":[8,8],"5":[8,0],"6":[8,0],"7":[0,8],"8":[8,8],"9":[0,0]}}
,"D:\\Proyectos\\back end\\Node JS\\typescript\\src\\routers\\index.ts": {"path":"D:\\Proyectos\\back end\\Node JS\\typescript\\src\\routers\\index.ts","statementMap":{"0":{"start":{"line":1,"column":0},"end":{"line":1,"column":33}},"1":{"start":{"line":2,"column":0},"end":{"line":2,"column":55}},"2":{"start":{"line":4,"column":15},"end":{"line":4,"column":23}},"3":{"start":{"line":6,"column":0},"end":{"line":6,"column":35}},"4":{"start":{"line":8,"column":0},"end":{"line":8,"column":22}}},"fnMap":{},"branchMap":{},"s":{"0":1,"1":1,"2":1,"3":1,"4":1},"f":{},"b":{}}
,"D:\\Proyectos\\back end\\Node JS\\typescript\\src\\tests\\helpers\\index.ts": {"path":"D:\\Proyectos\\back end\\Node JS\\typescript\\src\\tests\\helpers\\index.ts","statementMap":{"0":{"start":{"line":1,"column":0},"end":{"line":1,"column":38}},"1":{"start":{"line":2,"column":0},"end":{"line":2,"column":33}},"2":{"start":{"line":3,"column":0},"end":{"line":3,"column":47}},"3":{"start":{"line":4,"column":0},"end":{"line":4,"column":59}},"4":{"start":{"line":5,"column":0},"end":{"line":5,"column":60}},"5":{"start":{"line":6,"column":0},"end":{"line":6,"column":60}},"6":{"start":{"line":7,"column":0},"end":{"line":7,"column":55}},"7":{"start":{"line":9,"column":11},"end":{"line":9,"column":37}},"8":{"start":{"line":9,"column":17},"end":{"line":9,"column":37}},"9":{"start":{"line":11,"column":26},"end":{"line":14,"column":2}},"10":{"start":{"line":11,"column":74},"end":{"line":14,"column":2}},"11":{"start":{"line":12,"column":17},"end":{"line":12,"column":35}},"12":{"start":{"line":13,"column":4},"end":{"line":13,"column":77}},"13":{"start":{"line":11,"column":13},"end":{"line":11,"column":26}},"14":{"start":{"line":16,"column":26},"end":{"line":26,"column":2}},"15":{"start":{"line":16,"column":79},"end":{"line":26,"column":2}},"16":{"start":{"line":17,"column":21},"end":{"line":17,"column":26}},"17":{"start":{"line":18,"column":25},"end":{"line":18,"column":48}},"18":{"start":{"line":19,"column":17},"end":{"line":23,"column":6}},"19":{"start":{"line":24,"column":30},"end":{"line":24,"column":58}},"20":{"start":{"line":25,"column":4},"end":{"line":25,"column":39}},"21":{"start":{"line":16,"column":13},"end":{"line":16,"column":26}},"22":{"start":{"line":28,"column":26},"end":{"line":36,"column":2}},"23":{"start":{"line":28,"column":61},"end":{"line":36,"column":2}},"24":{"start":{"line":29,"column":26},"end":{"line":29,"column":51}},"25":{"start":{"line":30,"column":18},"end":{"line":30,"column":50}},"26":{"start":{"line":31,"column":20},"end":{"line":31,"column":49}},"27":{"start":{"line":31,"column":40},"end":{"line":31,"column":48}},"28":{"start":{"line":33,"column":38},"end":{"line":33,"column":67}},"29":{"start":{"line":35,"column":4},"end":{"line":35,"column":32}},"30":{"start":{"line":38,"column":35},"end":{"line":48,"column":2}},"31":{"start":{"line":38,"column":70},"end":{"line":48,"column":2}},"32":{"start":{"line":39,"column":33},"end":{"line":39,"column":70}},"33":{"start":{"line":40,"column":18},"end":{"line":40,"column":58}},"34":{"start":{"line":40,"column":42},"end":{"line":40,"column":57}},"35":{"start":{"line":41,"column":27},"end":{"line":45,"column":6}},"36":{"start":{"line":46,"column":18},"end":{"line":46,"column":68}},"37":{"start":{"line":47,"column":4},"end":{"line":47,"column":39}},"38":{"start":{"line":38,"column":13},"end":{"line":38,"column":35}}},"fnMap":{"0":{"name":"(anonymous_8)","decl":{"start":{"line":9,"column":11},"end":{"line":9,"column":14}},"loc":{"start":{"line":9,"column":17},"end":{"line":9,"column":37}}},"1":{"name":"(anonymous_9)","decl":{"start":{"line":11,"column":26},"end":{"line":11,"column":33}},"loc":{"start":{"line":11,"column":74},"end":{"line":14,"column":2}}},"2":{"name":"(anonymous_10)","decl":{"start":{"line":11,"column":74},"end":{"line":11,"column":null}},"loc":{"start":{"line":11,"column":74},"end":{"line":14,"column":1}}},"3":{"name":"(anonymous_11)","decl":{"start":{"line":16,"column":26},"end":{"line":16,"column":33}},"loc":{"start":{"line":16,"column":79},"end":{"line":26,"column":2}}},"4":{"name":"(anonymous_12)","decl":{"start":{"line":16,"column":79},"end":{"line":16,"column":null}},"loc":{"start":{"line":16,"column":79},"end":{"line":26,"column":1}}},"5":{"name":"(anonymous_13)","decl":{"start":{"line":28,"column":26},"end":{"line":28,"column":33}},"loc":{"start":{"line":28,"column":61},"end":{"line":36,"column":2}}},"6":{"name":"(anonymous_14)","decl":{"start":{"line":28,"column":61},"end":{"line":28,"column":null}},"loc":{"start":{"line":28,"column":61},"end":{"line":36,"column":1}}},"7":{"name":"(anonymous_15)","decl":{"start":{"line":31,"column":30},"end":{"line":31,"column":31}},"loc":{"start":{"line":31,"column":40},"end":{"line":31,"column":48}}},"8":{"name":"(anonymous_16)","decl":{"start":{"line":38,"column":35},"end":{"line":38,"column":42}},"loc":{"start":{"line":38,"column":70},"end":{"line":48,"column":2}}},"9":{"name":"(anonymous_17)","decl":{"start":{"line":38,"column":70},"end":{"line":38,"column":null}},"loc":{"start":{"line":38,"column":70},"end":{"line":48,"column":1}}},"10":{"name":"(anonymous_18)","decl":{"start":{"line":40,"column":32},"end":{"line":40,"column":33}},"loc":{"start":{"line":40,"column":42},"end":{"line":40,"column":57}}}},"branchMap":{"0":{"loc":{"start":{"line":11,"column":33},"end":{"line":11,"column":70}},"type":"default-arg","locations":[{"start":{"line":11,"column":54},"end":{"line":11,"column":70}}]},"1":{"loc":{"start":{"line":13,"column":11},"end":{"line":13,"column":76}},"type":"binary-expr","locations":[{"start":{"line":13,"column":12},"end":{"line":13,"column":41}},{"start":{"line":13,"column":47},"end":{"line":13,"column":75}}]},"2":{"loc":{"start":{"line":16,"column":33},"end":{"line":16,"column":75}},"type":"default-arg","locations":[{"start":{"line":16,"column":56},"end":{"line":16,"column":75}}]},"3":{"loc":{"start":{"line":16,"column":35},"end":{"line":16,"column":51}},"type":"default-arg","locations":[{"start":{"line":16,"column":45},"end":{"line":16,"column":51}}]}},"s":{"0":1,"1":1,"2":1,"3":1,"4":1,"5":1,"6":1,"7":1,"8":6,"9":1,"10":3,"11":3,"12":3,"13":1,"14":1,"15":9,"16":9,"17":9,"18":9,"19":9,"20":9,"21":1,"22":1,"23":2,"24":2,"25":2,"26":2,"27":2,"28":2,"29":2,"30":1,"31":2,"32":2,"33":2,"34":2,"35":2,"36":2,"37":2,"38":1},"f":{"0":6,"1":3,"2":3,"3":9,"4":9,"5":2,"6":2,"7":2,"8":2,"9":2,"10":2},"b":{"0":[1],"1":[3,0],"2":[6],"3":[0]}}
,"D:\\Proyectos\\back end\\Node JS\\typescript\\src\\utils\\controller.ts": {"path":"D:\\Proyectos\\back end\\Node JS\\typescript\\src\\utils\\controller.ts","statementMap":{"0":{"start":{"line":6,"column":4},"end":{"line":12,"column":6}},"1":{"start":{"line":6,"column":24},"end":{"line":12,"column":6}},"2":{"start":{"line":6,"column":82},"end":{"line":12,"column":6}},"3":{"start":{"line":7,"column":8},"end":{"line":11,"column":null}},"4":{"start":{"line":8,"column":12},"end":{"line":8,"column":31}},"5":{"start":{"line":10,"column":12},"end":{"line":10,"column":24}},"6":{"start":{"line":5,"column":13},"end":{"line":5,"column":null}}},"fnMap":{"0":{"name":"(anonymous_7)","decl":{"start":{"line":6,"column":4},"end":{"line":6,"column":5}},"loc":{"start":{"line":6,"column":24},"end":{"line":12,"column":6}}},"1":{"name":"(anonymous_8)","decl":{"start":{"line":6,"column":24},"end":{"line":6,"column":31}},"loc":{"start":{"line":6,"column":82},"end":{"line":12,"column":6}}},"2":{"name":"(anonymous_9)","decl":{"start":{"line":6,"column":82},"end":{"line":6,"column":null}},"loc":{"start":{"line":6,"column":82},"end":{"line":12,"column":5}}}},"branchMap":{},"s":{"0":1,"1":7,"2":18,"3":18,"4":18,"5":8,"6":1},"f":{"0":7,"1":18,"2":18},"b":{}}
,"D:\\Proyectos\\back end\\Node JS\\typescript\\src\\utils\\jwt.ts": {"path":"D:\\Proyectos\\back end\\Node JS\\typescript\\src\\utils\\jwt.ts","statementMap":{"0":{"start":{"line":1,"column":0},"end":{"line":1,"column":40}},"1":{"start":{"line":2,"column":0},"end":{"line":2,"column":28}},"2":{"start":{"line":3,"column":0},"end":{"line":3,"column":78}},"3":{"start":{"line":5,"column":0},"end":{"line":5,"column":16}},"4":{"start":{"line":6,"column":23},"end":{"line":6,"column":54}},"5":{"start":{"line":8,"column":4},"end":{"line":8,"column":53}},"6":{"start":{"line":9,"column":15},"end":{"line":9,"column":24}},"7":{"start":{"line":10,"column":15},"end":{"line":10,"column":24}},"8":{"start":{"line":23,"column":20},"end":{"line":29,"column":1}},"9":{"start":{"line":24,"column":22},"end":{"line":24,"column":78}},"10":{"start":{"line":25,"column":20},"end":{"line":25,"column":36}},"11":{"start":{"line":26,"column":19},"end":{"line":26,"column":25}},"12":{"start":{"line":28,"column":4},"end":{"line":28,"column":78}},"13":{"start":{"line":31,"column":28},"end":{"line":35,"column":1}},"14":{"start":{"line":32,"column":24},"end":{"line":32,"column":44}},"15":{"start":{"line":33,"column":25},"end":{"line":33,"column":51}},"16":{"start":{"line":34,"column":4},"end":{"line":34,"column":70}},"17":{"start":{"line":31,"column":13},"end":{"line":31,"column":28}},"18":{"start":{"line":37,"column":24},"end":{"line":40,"column":39}},"19":{"start":{"line":38,"column":4},"end":{"line":40,"column":39}},"20":{"start":{"line":37,"column":13},"end":{"line":37,"column":24}},"21":{"start":{"line":42,"column":22},"end":{"line":59,"column":1}},"22":{"start":{"line":43,"column":4},"end":{"line":45,"column":null}},"23":{"start":{"line":44,"column":8},"end":{"line":44,"column":77}},"24":{"start":{"line":46,"column":4},"end":{"line":58,"column":null}},"25":{"start":{"line":47,"column":22},"end":{"line":47,"column":58}},"26":{"start":{"line":48,"column":21},"end":{"line":48,"column":66}},"27":{"start":{"line":50,"column":8},"end":{"line":52,"column":null}},"28":{"start":{"line":51,"column":12},"end":{"line":51,"column":57}},"29":{"start":{"line":54,"column":8},"end":{"line":54,"column":75}},"30":{"start":{"line":56,"column":24},"end":{"line":56,"column":50}},"31":{"start":{"line":57,"column":8},"end":{"line":57,"column":62}},"32":{"start":{"line":42,"column":13},"end":{"line":42,"column":22}}},"fnMap":{"0":{"name":"(anonymous_1)","decl":{"start":{"line":23,"column":20},"end":{"line":23,"column":21}},"loc":{"start":{"line":23,"column":73},"end":{"line":29,"column":1}}},"1":{"name":"(anonymous_2)","decl":{"start":{"line":31,"column":28},"end":{"line":31,"column":29}},"loc":{"start":{"line":31,"column":57},"end":{"line":35,"column":1}}},"2":{"name":"(anonymous_3)","decl":{"start":{"line":37,"column":24},"end":{"line":37,"column":25}},"loc":{"start":{"line":38,"column":4},"end":{"line":40,"column":39}}},"3":{"name":"(anonymous_4)","decl":{"start":{"line":42,"column":22},"end":{"line":42,"column":23}},"loc":{"start":{"line":42,"column":55},"end":{"line":59,"column":1}}}},"branchMap":{"0":{"loc":{"start":{"line":6,"column":23},"end":{"line":6,"column":54}},"type":"binary-expr","locations":[{"start":{"line":6,"column":23},"end":{"line":6,"column":41}},{"start":{"line":6,"column":45},"end":{"line":6,"column":54}}]},"1":{"loc":{"start":{"line":8,"column":4},"end":{"line":8,"column":53}},"type":"binary-expr","locations":[{"start":{"line":8,"column":4},"end":{"line":8,"column":43}},{"start":{"line":8,"column":47},"end":{"line":8,"column":53}}]},"2":{"loc":{"start":{"line":23,"column":39},"end":{"line":23,"column":69}},"type":"default-arg","locations":[{"start":{"line":23,"column":68},"end":{"line":23,"column":69}}]},"3":{"loc":{"start":{"line":38,"column":4},"end":{"line":40,"column":39}},"type":"binary-expr","locations":[{"start":{"line":38,"column":4},"end":{"line":38,"column":24}},{"start":{"line":39,"column":4},"end":{"line":39,"column":48}},{"start":{"line":40,"column":4},"end":{"line":40,"column":39}}]},"4":{"loc":{"start":{"line":43,"column":4},"end":{"line":45,"column":null}},"type":"if","locations":[{"start":{"line":43,"column":4},"end":{"line":45,"column":null}}]},"5":{"loc":{"start":{"line":50,"column":8},"end":{"line":52,"column":null}},"type":"if","locations":[{"start":{"line":50,"column":8},"end":{"line":52,"column":null}}]},"6":{"loc":{"start":{"line":50,"column":12},"end":{"line":50,"column":53}},"type":"binary-expr","locations":[{"start":{"line":50,"column":12},"end":{"line":50,"column":20}},{"start":{"line":50,"column":24},"end":{"line":50,"column":38}},{"start":{"line":50,"column":42},"end":{"line":50,"column":53}}]}},"s":{"0":1,"1":1,"2":1,"3":1,"4":1,"5":1,"6":1,"7":1,"8":1,"9":8,"10":8,"11":8,"12":8,"13":1,"14":4,"15":4,"16":4,"17":1,"18":1,"19":11,"20":1,"21":1,"22":5,"23":1,"24":4,"25":4,"26":4,"27":4,"28":0,"29":4,"30":0,"31":0,"32":1},"f":{"0":8,"1":4,"2":11,"3":5},"b":{"0":[1,0],"1":[1,0],"2":[4],"3":[11,11,11],"4":[1],"5":[0],"6":[4,4,4]}}
,"D:\\Proyectos\\back end\\Node JS\\typescript\\src\\utils\\password.ts": {"path":"D:\\Proyectos\\back end\\Node JS\\typescript\\src\\utils\\password.ts","statementMap":{"0":{"start":{"line":1,"column":0},"end":{"line":1,"column":28}},"1":{"start":{"line":3,"column":19},"end":{"line":3,"column":21}},"2":{"start":{"line":5,"column":23},"end":{"line":8,"column":2}},"3":{"start":{"line":5,"column":50},"end":{"line":8,"column":2}},"4":{"start":{"line":6,"column":25},"end":{"line":6,"column":64}},"5":{"start":{"line":7,"column":4},"end":{"line":7,"column":24}},"6":{"start":{"line":5,"column":13},"end":{"line":5,"column":23}},"7":{"start":{"line":10,"column":23},"end":{"line":13,"column":2}},"8":{"start":{"line":10,"column":72},"end":{"line":13,"column":2}},"9":{"start":{"line":11,"column":20},"end":{"line":11,"column":64}},"10":{"start":{"line":12,"column":4},"end":{"line":12,"column":19}},"11":{"start":{"line":10,"column":13},"end":{"line":10,"column":23}}},"fnMap":{"0":{"name":"(anonymous_8)","decl":{"start":{"line":5,"column":23},"end":{"line":5,"column":30}},"loc":{"start":{"line":5,"column":50},"end":{"line":8,"column":2}}},"1":{"name":"(anonymous_9)","decl":{"start":{"line":5,"column":50},"end":{"line":5,"column":null}},"loc":{"start":{"line":5,"column":50},"end":{"line":8,"column":1}}},"2":{"name":"(anonymous_10)","decl":{"start":{"line":10,"column":23},"end":{"line":10,"column":30}},"loc":{"start":{"line":10,"column":72},"end":{"line":13,"column":2}}},"3":{"name":"(anonymous_11)","decl":{"start":{"line":10,"column":72},"end":{"line":10,"column":null}},"loc":{"start":{"line":10,"column":72},"end":{"line":13,"column":1}}}},"branchMap":{},"s":{"0":1,"1":1,"2":1,"3":11,"4":11,"5":11,"6":1,"7":1,"8":4,"9":4,"10":4,"11":1},"f":{"0":11,"1":11,"2":4,"3":4},"b":{}}
,"D:\\Proyectos\\back end\\Node JS\\typescript\\src\\utils\\validator.ts": {"path":"D:\\Proyectos\\back end\\Node JS\\typescript\\src\\utils\\validator.ts","statementMap":{"0":{"start":{"line":2,"column":0},"end":{"line":2,"column":53}},"1":{"start":{"line":4,"column":31},"end":{"line":16,"column":1}},"2":{"start":{"line":9,"column":4},"end":{"line":15,"column":null}},"3":{"start":{"line":10,"column":8},"end":{"line":10,"column":38}},"4":{"start":{"line":11,"column":8},"end":{"line":11,"column":15}},"5":{"start":{"line":13,"column":22},"end":{"line":13,"column":30}},"6":{"start":{"line":14,"column":8},"end":{"line":14,"column":20}},"7":{"start":{"line":4,"column":13},"end":{"line":4,"column":31}}},"fnMap":{"0":{"name":"(anonymous_0)","decl":{"start":{"line":4,"column":31},"end":{"line":4,"column":null}},"loc":{"start":{"line":8,"column":4},"end":{"line":16,"column":1}}}},"branchMap":{},"s":{"0":1,"1":1,"2":18,"3":18,"4":10,"5":8,"6":8,"7":1},"f":{"0":18},"b":{}}
}
