{"D:\\Proyectos\\back end\\Node JS\\typescript\\app.ts": {"path":"D:\\Proyectos\\back end\\Node JS\\typescript\\app.ts","statementMap":{"0":{"start":{"line":1,"column":0},"end":{"line":1,"column":30}},"1":{"start":{"line":2,"column":0},"end":{"line":2,"column":24}},"2":{"start":{"line":3,"column":0},"end":{"line":3,"column":32}},"3":{"start":{"line":4,"column":0},"end":{"line":4,"column":42}},"4":{"start":{"line":5,"column":0},"end":{"line":5,"column":55}},"5":{"start":{"line":6,"column":0},"end":{"line":6,"column":75}},"6":{"start":{"line":7,"column":0},"end":{"line":7,"column":52}},"7":{"start":{"line":10,"column":0},"end":{"line":10,"column":9}},"8":{"start":{"line":11,"column":12},"end":{"line":11,"column":21}},"9":{"start":{"line":12,"column":13},"end":{"line":12,"column":37}},"10":{"start":{"line":15,"column":0},"end":{"line":15,"column":16}},"11":{"start":{"line":17,"column":0},"end":{"line":17,"column":24}},"12":{"start":{"line":19,"column":0},"end":{"line":19,"column":21}},"13":{"start":{"line":21,"column":0},"end":{"line":21,"column":29}},"14":{"start":{"line":22,"column":0},"end":{"line":22,"column":19}},"15":{"start":{"line":24,"column":0},"end":{"line":24,"column":19}},"16":{"start":{"line":25,"column":13},"end":{"line":27,"column":3}},"17":{"start":{"line":26,"column":4},"end":{"line":26,"column":49}},"18":{"start":{"line":29,"column":0},"end":{"line":29,"column":19}}},"fnMap":{"0":{"name":"(anonymous_1)","decl":{"start":{"line":25,"column":39},"end":{"line":25,"column":42}},"loc":{"start":{"line":25,"column":44},"end":{"line":27,"column":1}}}},"branchMap":{"0":{"loc":{"start":{"line":12,"column":13},"end":{"line":12,"column":37}},"type":"binary-expr","locations":[{"start":{"line":12,"column":13},"end":{"line":12,"column":29}},{"start":{"line":12,"column":33},"end":{"line":12,"column":37}}]}},"s":{"0":5,"1":5,"2":5,"3":5,"4":5,"5":5,"6":5,"7":5,"8":5,"9":5,"10":5,"11":5,"12":5,"13":5,"14":5,"15":5,"16":5,"17":5,"18":5},"f":{"0":5},"b":{"0":[5,0]}}
,"D:\\Proyectos\\back end\\Node JS\\typescript\\config\\mongodb.ts": {"path":"D:\\Proyectos\\back end\\Node JS\\typescript\\config\\mongodb.ts","statementMap":{"0":{"start":{"line":1,"column":17},"end":{"line":1,"column":36}},"1":{"start":{"line":3,"column":32},"end":{"line":18,"column":1}},"2":{"start":{"line":4,"column":46},"end":{"line":4,"column":57}},"3":{"start":{"line":5,"column":18},"end":{"line":5,"column":60}},"4":{"start":{"line":7,"column":4},"end":{"line":17,"column":6}},"5":{"start":{"line":11,"column":12},"end":{"line":15,"column":null}},"6":{"start":{"line":12,"column":16},"end":{"line":12,"column":52}},"7":{"start":{"line":14,"column":16},"end":{"line":14,"column":54}},"8":{"start":{"line":3,"column":13},"end":{"line":3,"column":32}}},"fnMap":{"0":{"name":"(anonymous_0)","decl":{"start":{"line":3,"column":32},"end":{"line":3,"column":35}},"loc":{"start":{"line":3,"column":37},"end":{"line":18,"column":1}}},"1":{"name":"(anonymous_1)","decl":{"start":{"line":10,"column":8},"end":{"line":10,"column":9}},"loc":{"start":{"line":10,"column":32},"end":{"line":16,"column":9}}}},"branchMap":{"0":{"loc":{"start":{"line":5,"column":18},"end":{"line":5,"column":60}},"type":"cond-expr","locations":[{"start":{"line":5,"column":40},"end":{"line":5,"column":51}},{"start":{"line":5,"column":54},"end":{"line":5,"column":60}}]},"1":{"loc":{"start":{"line":11,"column":12},"end":{"line":15,"column":null}},"type":"if","locations":[{"start":{"line":11,"column":12},"end":{"line":15,"column":null}},{"start":{"line":13,"column":19},"end":{"line":15,"column":null}}]}},"s":{"0":5,"1":5,"2":5,"3":5,"4":5,"5":5,"6":5,"7":0,"8":5},"f":{"0":5,"1":5},"b":{"0":[5,0],"1":[5,0]}}
,"D:\\Proyectos\\back end\\Node JS\\typescript\\src\\components\\category\\category.controller.ts": {"path":"D:\\Proyectos\\back end\\Node JS\\typescript\\src\\components\\category\\category.controller.ts","statementMap":{"0":{"start":{"line":1,"column":0},"end":{"line":1,"column":33}},"1":{"start":{"line":2,"column":0},"end":{"line":2,"column":64}},"2":{"start":{"line":3,"column":0},"end":{"line":3,"column":49}},"3":{"start":{"line":6,"column":15},"end":{"line":6,"column":23}},"4":{"start":{"line":8,"column":28},"end":{"line":12,"column":2}},"5":{"start":{"line":8,"column":48},"end":{"line":12,"column":2}},"6":{"start":{"line":9,"column":38},"end":{"line":9,"column":69}},"7":{"start":{"line":10,"column":4},"end":{"line":10,"column":52}},"8":{"start":{"line":11,"column":4},"end":{"line":11,"column":25}},"9":{"start":{"line":14,"column":0},"end":{"line":14,"column":36}},"10":{"start":{"line":16,"column":0},"end":{"line":16,"column":26}}},"fnMap":{"0":{"name":"(anonymous_8)","decl":{"start":{"line":8,"column":28},"end":{"line":8,"column":35}},"loc":{"start":{"line":8,"column":48},"end":{"line":12,"column":2}}},"1":{"name":"(anonymous_9)","decl":{"start":{"line":8,"column":48},"end":{"line":8,"column":null}},"loc":{"start":{"line":8,"column":48},"end":{"line":12,"column":1}}}},"branchMap":{"0":{"loc":{"start":{"line":10,"column":15},"end":{"line":10,"column":50}},"type":"cond-expr","locations":[{"start":{"line":10,"column":41},"end":{"line":10,"column":44}},{"start":{"line":10,"column":47},"end":{"line":10,"column":50}}]}},"s":{"0":5,"1":5,"2":5,"3":5,"4":5,"5":2,"6":2,"7":2,"8":2,"9":5,"10":5},"f":{"0":2,"1":2},"b":{"0":[1,1]}}
,"D:\\Proyectos\\back end\\Node JS\\typescript\\src\\components\\category\\category.repo.ts": {"path":"D:\\Proyectos\\back end\\Node JS\\typescript\\src\\components\\category\\category.repo.ts","statementMap":{"0":{"start":{"line":1,"column":0},"end":{"line":1,"column":44}},"1":{"start":{"line":3,"column":0},"end":{"line":12,"column":2}},"2":{"start":{"line":4,"column":24},"end":{"line":7,"column":null}},"3":{"start":{"line":5,"column":27},"end":{"line":5,"column":55}},"4":{"start":{"line":6,"column":8},"end":{"line":6,"column":26}},"5":{"start":{"line":8,"column":39},"end":{"line":11,"column":null}},"6":{"start":{"line":9,"column":25},"end":{"line":9,"column":62}},"7":{"start":{"line":10,"column":8},"end":{"line":10,"column":24}}},"fnMap":{"0":{"name":"(anonymous_8)","decl":{"start":{"line":4,"column":13},"end":{"line":4,"column":22}},"loc":{"start":{"line":4,"column":24},"end":{"line":7,"column":null}}},"1":{"name":"(anonymous_9)","decl":{"start":{"line":4,"column":24},"end":{"line":4,"column":null}},"loc":{"start":{"line":4,"column":24},"end":{"line":7,"column":5}}},"2":{"name":"(anonymous_10)","decl":{"start":{"line":8,"column":16},"end":{"line":8,"column":23}},"loc":{"start":{"line":8,"column":39},"end":{"line":11,"column":null}}},"3":{"name":"(anonymous_11)","decl":{"start":{"line":8,"column":39},"end":{"line":8,"column":null}},"loc":{"start":{"line":8,"column":39},"end":{"line":11,"column":5}}}},"branchMap":{},"s":{"0":5,"1":5,"2":2,"3":2,"4":2,"5":4,"6":4,"7":4},"f":{"0":2,"1":2,"2":4,"3":4},"b":{}}
,"D:\\Proyectos\\back end\\Node JS\\typescript\\src\\components\\category\\category.service.ts": {"path":"D:\\Proyectos\\back end\\Node JS\\typescript\\src\\components\\category\\category.service.ts","statementMap":{"0":{"start":{"line":1,"column":0},"end":{"line":1,"column":43}},"1":{"start":{"line":4,"column":27},"end":{"line":7,"column":1}},"2":{"start":{"line":5,"column":25},"end":{"line":5,"column":34}},"3":{"start":{"line":6,"column":4},"end":{"line":6,"column":20}},"4":{"start":{"line":9,"column":0},"end":{"line":15,"column":2}},"5":{"start":{"line":10,"column":48},"end":{"line":14,"column":null}},"6":{"start":{"line":11,"column":29},"end":{"line":11,"column":57}},"7":{"start":{"line":13,"column":8},"end":{"line":13,"column":52}}},"fnMap":{"0":{"name":"(anonymous_8)","decl":{"start":{"line":4,"column":27},"end":{"line":4,"column":28}},"loc":{"start":{"line":4,"column":54},"end":{"line":7,"column":1}}},"1":{"name":"(anonymous_9)","decl":{"start":{"line":10,"column":13},"end":{"line":10,"column":46}},"loc":{"start":{"line":10,"column":48},"end":{"line":14,"column":null}}},"2":{"name":"(anonymous_10)","decl":{"start":{"line":10,"column":48},"end":{"line":10,"column":null}},"loc":{"start":{"line":10,"column":48},"end":{"line":14,"column":5}}}},"branchMap":{},"s":{"0":5,"1":5,"2":1,"3":1,"4":5,"5":2,"6":2,"7":2},"f":{"0":1,"1":2,"2":2},"b":{}}
,"D:\\Proyectos\\back end\\Node JS\\typescript\\src\\components\\category\\model\\mongodb.ts": {"path":"D:\\Proyectos\\back end\\Node JS\\typescript\\src\\components\\category\\model\\mongodb.ts","statementMap":{"0":{"start":{"line":1,"column":0},"end":{"line":1,"column":41}},"1":{"start":{"line":4,"column":23},"end":{"line":6,"column":null}},"2":{"start":{"line":9,"column":0},"end":{"line":9,"column":51}}},"fnMap":{},"branchMap":{},"s":{"0":5,"1":5,"2":5},"f":{},"b":{}}
,"D:\\Proyectos\\back end\\Node JS\\typescript\\src\\components\\country\\country.controller.ts": {"path":"D:\\Proyectos\\back end\\Node JS\\typescript\\src\\components\\country\\country.controller.ts","statementMap":{"0":{"start":{"line":1,"column":0},"end":{"line":1,"column":33}},"1":{"start":{"line":2,"column":0},"end":{"line":2,"column":64}},"2":{"start":{"line":3,"column":0},"end":{"line":3,"column":47}},"3":{"start":{"line":6,"column":15},"end":{"line":6,"column":23}},"4":{"start":{"line":8,"column":28},"end":{"line":12,"column":2}},"5":{"start":{"line":8,"column":48},"end":{"line":12,"column":2}},"6":{"start":{"line":9,"column":36},"end":{"line":9,"column":66}},"7":{"start":{"line":10,"column":4},"end":{"line":10,"column":51}},"8":{"start":{"line":11,"column":4},"end":{"line":11,"column":24}},"9":{"start":{"line":14,"column":0},"end":{"line":14,"column":36}},"10":{"start":{"line":16,"column":0},"end":{"line":16,"column":26}}},"fnMap":{"0":{"name":"(anonymous_8)","decl":{"start":{"line":8,"column":28},"end":{"line":8,"column":35}},"loc":{"start":{"line":8,"column":48},"end":{"line":12,"column":2}}},"1":{"name":"(anonymous_9)","decl":{"start":{"line":8,"column":48},"end":{"line":8,"column":null}},"loc":{"start":{"line":8,"column":48},"end":{"line":12,"column":1}}}},"branchMap":{"0":{"loc":{"start":{"line":10,"column":15},"end":{"line":10,"column":49}},"type":"cond-expr","locations":[{"start":{"line":10,"column":40},"end":{"line":10,"column":43}},{"start":{"line":10,"column":46},"end":{"line":10,"column":49}}]}},"s":{"0":5,"1":5,"2":5,"3":5,"4":5,"5":2,"6":2,"7":2,"8":2,"9":5,"10":5},"f":{"0":2,"1":2},"b":{"0":[1,1]}}
,"D:\\Proyectos\\back end\\Node JS\\typescript\\src\\components\\country\\country.repo.ts": {"path":"D:\\Proyectos\\back end\\Node JS\\typescript\\src\\components\\country\\country.repo.ts","statementMap":{"0":{"start":{"line":1,"column":0},"end":{"line":1,"column":43}},"1":{"start":{"line":3,"column":0},"end":{"line":19,"column":2}},"2":{"start":{"line":4,"column":24},"end":{"line":7,"column":null}},"3":{"start":{"line":5,"column":26},"end":{"line":5,"column":53}},"4":{"start":{"line":6,"column":8},"end":{"line":6,"column":25}},"5":{"start":{"line":8,"column":35},"end":{"line":11,"column":null}},"6":{"start":{"line":9,"column":24},"end":{"line":9,"column":55}},"7":{"start":{"line":10,"column":8},"end":{"line":10,"column":23}},"8":{"start":{"line":12,"column":39},"end":{"line":18,"column":null}},"9":{"start":{"line":13,"column":24},"end":{"line":13,"column":32}},"10":{"start":{"line":15,"column":12},"end":{"line":16,"column":48}},"11":{"start":{"line":17,"column":8},"end":{"line":17,"column":25}}},"fnMap":{"0":{"name":"(anonymous_8)","decl":{"start":{"line":4,"column":13},"end":{"line":4,"column":22}},"loc":{"start":{"line":4,"column":24},"end":{"line":7,"column":null}}},"1":{"name":"(anonymous_9)","decl":{"start":{"line":4,"column":24},"end":{"line":4,"column":null}},"loc":{"start":{"line":4,"column":24},"end":{"line":7,"column":5}}},"2":{"name":"(anonymous_10)","decl":{"start":{"line":8,"column":14},"end":{"line":8,"column":21}},"loc":{"start":{"line":8,"column":35},"end":{"line":11,"column":null}}},"3":{"name":"(anonymous_11)","decl":{"start":{"line":8,"column":35},"end":{"line":8,"column":null}},"loc":{"start":{"line":8,"column":35},"end":{"line":11,"column":5}}},"4":{"name":"(anonymous_12)","decl":{"start":{"line":12,"column":16},"end":{"line":12,"column":23}},"loc":{"start":{"line":12,"column":39},"end":{"line":18,"column":null}}},"5":{"name":"(anonymous_13)","decl":{"start":{"line":12,"column":39},"end":{"line":12,"column":null}},"loc":{"start":{"line":12,"column":39},"end":{"line":18,"column":5}}}},"branchMap":{"0":{"loc":{"start":{"line":15,"column":12},"end":{"line":16,"column":48}},"type":"binary-expr","locations":[{"start":{"line":15,"column":13},"end":{"line":15,"column":48}},{"start":{"line":16,"column":13},"end":{"line":16,"column":47}}]}},"s":{"0":5,"1":5,"2":2,"3":2,"4":2,"5":0,"6":0,"7":0,"8":2,"9":2,"10":2,"11":2},"f":{"0":2,"1":2,"2":0,"3":0,"4":2,"5":2},"b":{"0":[2,0]}}
,"D:\\Proyectos\\back end\\Node JS\\typescript\\src\\components\\country\\country.service.ts": {"path":"D:\\Proyectos\\back end\\Node JS\\typescript\\src\\components\\country\\country.service.ts","statementMap":{"0":{"start":{"line":1,"column":0},"end":{"line":1,"column":41}},"1":{"start":{"line":4,"column":26},"end":{"line":7,"column":1}},"2":{"start":{"line":5,"column":21},"end":{"line":5,"column":25}},"3":{"start":{"line":6,"column":4},"end":{"line":6,"column":20}},"4":{"start":{"line":9,"column":0},"end":{"line":15,"column":2}},"5":{"start":{"line":10,"column":47},"end":{"line":14,"column":null}},"6":{"start":{"line":11,"column":28},"end":{"line":11,"column":55}},"7":{"start":{"line":13,"column":8},"end":{"line":13,"column":50}}},"fnMap":{"0":{"name":"(anonymous_8)","decl":{"start":{"line":4,"column":26},"end":{"line":4,"column":27}},"loc":{"start":{"line":4,"column":40},"end":{"line":7,"column":1}}},"1":{"name":"(anonymous_9)","decl":{"start":{"line":10,"column":13},"end":{"line":10,"column":45}},"loc":{"start":{"line":10,"column":47},"end":{"line":14,"column":null}}},"2":{"name":"(anonymous_10)","decl":{"start":{"line":10,"column":47},"end":{"line":10,"column":null}},"loc":{"start":{"line":10,"column":47},"end":{"line":14,"column":5}}}},"branchMap":{},"s":{"0":5,"1":5,"2":1,"3":1,"4":5,"5":2,"6":2,"7":2},"f":{"0":1,"1":2,"2":2},"b":{}}
,"D:\\Proyectos\\back end\\Node JS\\typescript\\src\\components\\country\\model\\mongodb.ts": {"path":"D:\\Proyectos\\back end\\Node JS\\typescript\\src\\components\\country\\model\\mongodb.ts","statementMap":{"0":{"start":{"line":1,"column":0},"end":{"line":1,"column":41}},"1":{"start":{"line":4,"column":22},"end":{"line":6,"column":null}},"2":{"start":{"line":9,"column":0},"end":{"line":9,"column":49}}},"fnMap":{},"branchMap":{},"s":{"0":5,"1":5,"2":5},"f":{},"b":{}}
,"D:\\Proyectos\\back end\\Node JS\\typescript\\src\\components\\customer\\customer.controller.ts": {"path":"D:\\Proyectos\\back end\\Node JS\\typescript\\src\\components\\customer\\customer.controller.ts","statementMap":{"0":{"start":{"line":1,"column":0},"end":{"line":1,"column":33}},"1":{"start":{"line":2,"column":0},"end":{"line":2,"column":64}},"2":{"start":{"line":3,"column":0},"end":{"line":3,"column":49}},"3":{"start":{"line":5,"column":0},"end":{"line":5,"column":87}},"4":{"start":{"line":7,"column":15},"end":{"line":7,"column":23}},"5":{"start":{"line":9,"column":28},"end":{"line":14,"column":2}},"6":{"start":{"line":9,"column":48},"end":{"line":14,"column":2}},"7":{"start":{"line":10,"column":37},"end":{"line":10,"column":68}},"8":{"start":{"line":12,"column":4},"end":{"line":12,"column":51}},"9":{"start":{"line":13,"column":4},"end":{"line":13,"column":24}},"10":{"start":{"line":16,"column":29},"end":{"line":23,"column":2}},"11":{"start":{"line":16,"column":48},"end":{"line":23,"column":2}},"12":{"start":{"line":17,"column":23},"end":{"line":17,"column":36}},"13":{"start":{"line":19,"column":34},"end":{"line":19,"column":68}},"14":{"start":{"line":21,"column":4},"end":{"line":21,"column":20}},"15":{"start":{"line":22,"column":4},"end":{"line":22,"column":23}},"16":{"start":{"line":25,"column":25},"end":{"line":32,"column":2}},"17":{"start":{"line":25,"column":44},"end":{"line":32,"column":2}},"18":{"start":{"line":26,"column":37},"end":{"line":26,"column":45}},"19":{"start":{"line":28,"column":34},"end":{"line":28,"column":73}},"20":{"start":{"line":30,"column":4},"end":{"line":30,"column":20}},"21":{"start":{"line":31,"column":4},"end":{"line":31,"column":23}},"22":{"start":{"line":34,"column":31},"end":{"line":41,"column":2}},"23":{"start":{"line":34,"column":50},"end":{"line":41,"column":2}},"24":{"start":{"line":35,"column":23},"end":{"line":35,"column":36}},"25":{"start":{"line":37,"column":4},"end":{"line":37,"column":41}},"26":{"start":{"line":39,"column":4},"end":{"line":39,"column":20}},"27":{"start":{"line":40,"column":4},"end":{"line":40,"column":15}},"28":{"start":{"line":43,"column":32},"end":{"line":50,"column":2}},"29":{"start":{"line":43,"column":51},"end":{"line":50,"column":2}},"30":{"start":{"line":44,"column":26},"end":{"line":44,"column":40}},"31":{"start":{"line":46,"column":19},"end":{"line":46,"column":59}},"32":{"start":{"line":48,"column":4},"end":{"line":48,"column":20}},"33":{"start":{"line":49,"column":4},"end":{"line":49,"column":25}},"34":{"start":{"line":52,"column":27},"end":{"line":60,"column":2}},"35":{"start":{"line":52,"column":46},"end":{"line":60,"column":2}},"36":{"start":{"line":53,"column":23},"end":{"line":53,"column":36}},"37":{"start":{"line":54,"column":40},"end":{"line":54,"column":48}},"38":{"start":{"line":56,"column":37},"end":{"line":56,"column":82}},"39":{"start":{"line":58,"column":4},"end":{"line":58,"column":20}},"40":{"start":{"line":59,"column":4},"end":{"line":59,"column":26}},"41":{"start":{"line":62,"column":0},"end":{"line":62,"column":36}},"42":{"start":{"line":63,"column":0},"end":{"line":63,"column":41}},"43":{"start":{"line":64,"column":0},"end":{"line":64,"column":52}},"44":{"start":{"line":65,"column":0},"end":{"line":65,"column":46}},"45":{"start":{"line":66,"column":0},"end":{"line":66,"column":65}},"46":{"start":{"line":67,"column":0},"end":{"line":67,"column":57}},"47":{"start":{"line":69,"column":0},"end":{"line":69,"column":26}}},"fnMap":{"0":{"name":"(anonymous_8)","decl":{"start":{"line":9,"column":28},"end":{"line":9,"column":35}},"loc":{"start":{"line":9,"column":48},"end":{"line":14,"column":2}}},"1":{"name":"(anonymous_9)","decl":{"start":{"line":9,"column":48},"end":{"line":9,"column":null}},"loc":{"start":{"line":9,"column":48},"end":{"line":14,"column":1}}},"2":{"name":"(anonymous_10)","decl":{"start":{"line":16,"column":29},"end":{"line":16,"column":36}},"loc":{"start":{"line":16,"column":48},"end":{"line":23,"column":2}}},"3":{"name":"(anonymous_11)","decl":{"start":{"line":16,"column":48},"end":{"line":16,"column":null}},"loc":{"start":{"line":16,"column":48},"end":{"line":23,"column":1}}},"4":{"name":"(anonymous_12)","decl":{"start":{"line":25,"column":25},"end":{"line":25,"column":32}},"loc":{"start":{"line":25,"column":44},"end":{"line":32,"column":2}}},"5":{"name":"(anonymous_13)","decl":{"start":{"line":25,"column":44},"end":{"line":25,"column":null}},"loc":{"start":{"line":25,"column":44},"end":{"line":32,"column":1}}},"6":{"name":"(anonymous_14)","decl":{"start":{"line":34,"column":31},"end":{"line":34,"column":38}},"loc":{"start":{"line":34,"column":50},"end":{"line":41,"column":2}}},"7":{"name":"(anonymous_15)","decl":{"start":{"line":34,"column":50},"end":{"line":34,"column":null}},"loc":{"start":{"line":34,"column":50},"end":{"line":41,"column":1}}},"8":{"name":"(anonymous_16)","decl":{"start":{"line":43,"column":32},"end":{"line":43,"column":39}},"loc":{"start":{"line":43,"column":51},"end":{"line":50,"column":2}}},"9":{"name":"(anonymous_17)","decl":{"start":{"line":43,"column":51},"end":{"line":43,"column":null}},"loc":{"start":{"line":43,"column":51},"end":{"line":50,"column":1}}},"10":{"name":"(anonymous_18)","decl":{"start":{"line":52,"column":27},"end":{"line":52,"column":34}},"loc":{"start":{"line":52,"column":46},"end":{"line":60,"column":2}}},"11":{"name":"(anonymous_19)","decl":{"start":{"line":52,"column":46},"end":{"line":52,"column":null}},"loc":{"start":{"line":52,"column":46},"end":{"line":60,"column":1}}}},"branchMap":{"0":{"loc":{"start":{"line":12,"column":15},"end":{"line":12,"column":49}},"type":"cond-expr","locations":[{"start":{"line":12,"column":40},"end":{"line":12,"column":43}},{"start":{"line":12,"column":46},"end":{"line":12,"column":49}}]}},"s":{"0":5,"1":5,"2":5,"3":5,"4":5,"5":5,"6":2,"7":2,"8":2,"9":2,"10":5,"11":2,"12":2,"13":2,"14":1,"15":1,"16":5,"17":3,"18":3,"19":3,"20":1,"21":1,"22":5,"23":2,"24":2,"25":2,"26":1,"27":1,"28":5,"29":2,"30":2,"31":2,"32":2,"33":2,"34":5,"35":4,"36":4,"37":4,"38":4,"39":1,"40":1,"41":5,"42":5,"43":5,"44":5,"45":5,"46":5,"47":5},"f":{"0":2,"1":2,"2":2,"3":2,"4":3,"5":3,"6":2,"7":2,"8":2,"9":2,"10":4,"11":4},"b":{"0":[1,1]}}
,"D:\\Proyectos\\back end\\Node JS\\typescript\\src\\components\\customer\\customer.repo.ts": {"path":"D:\\Proyectos\\back end\\Node JS\\typescript\\src\\components\\customer\\customer.repo.ts","statementMap":{"0":{"start":{"line":4,"column":0},"end":{"line":4,"column":44}},"1":{"start":{"line":6,"column":0},"end":{"line":37,"column":2}},"2":{"start":{"line":7,"column":24},"end":{"line":12,"column":null}},"3":{"start":{"line":8,"column":28},"end":{"line":10,"column":80}},"4":{"start":{"line":11,"column":8},"end":{"line":11,"column":27}},"5":{"start":{"line":14,"column":35},"end":{"line":19,"column":null}},"6":{"start":{"line":15,"column":27},"end":{"line":17,"column":80}},"7":{"start":{"line":18,"column":8},"end":{"line":18,"column":26}},"8":{"start":{"line":20,"column":41},"end":{"line":23,"column":null}},"9":{"start":{"line":21,"column":27},"end":{"line":21,"column":65}},"10":{"start":{"line":22,"column":8},"end":{"line":22,"column":26}},"11":{"start":{"line":24,"column":41},"end":{"line":30,"column":null}},"12":{"start":{"line":25,"column":27},"end":{"line":28,"column":31}},"13":{"start":{"line":29,"column":8},"end":{"line":29,"column":26}},"14":{"start":{"line":31,"column":37},"end":{"line":33,"column":null}},"15":{"start":{"line":32,"column":8},"end":{"line":32,"column":50}},"16":{"start":{"line":34,"column":55},"end":{"line":36,"column":null}},"17":{"start":{"line":35,"column":8},"end":{"line":35,"column":64}}},"fnMap":{"0":{"name":"(anonymous_8)","decl":{"start":{"line":7,"column":13},"end":{"line":7,"column":22}},"loc":{"start":{"line":7,"column":24},"end":{"line":12,"column":null}}},"1":{"name":"(anonymous_9)","decl":{"start":{"line":7,"column":24},"end":{"line":7,"column":null}},"loc":{"start":{"line":7,"column":24},"end":{"line":12,"column":5}}},"2":{"name":"(anonymous_10)","decl":{"start":{"line":14,"column":14},"end":{"line":14,"column":21}},"loc":{"start":{"line":14,"column":35},"end":{"line":19,"column":null}}},"3":{"name":"(anonymous_11)","decl":{"start":{"line":14,"column":35},"end":{"line":14,"column":null}},"loc":{"start":{"line":14,"column":35},"end":{"line":19,"column":5}}},"4":{"name":"(anonymous_12)","decl":{"start":{"line":20,"column":17},"end":{"line":20,"column":24}},"loc":{"start":{"line":20,"column":41},"end":{"line":23,"column":null}}},"5":{"name":"(anonymous_13)","decl":{"start":{"line":20,"column":41},"end":{"line":20,"column":null}},"loc":{"start":{"line":20,"column":41},"end":{"line":23,"column":5}}},"6":{"name":"(anonymous_14)","decl":{"start":{"line":24,"column":10},"end":{"line":24,"column":17}},"loc":{"start":{"line":24,"column":41},"end":{"line":30,"column":null}}},"7":{"name":"(anonymous_15)","decl":{"start":{"line":24,"column":41},"end":{"line":24,"column":null}},"loc":{"start":{"line":24,"column":41},"end":{"line":30,"column":5}}},"8":{"name":"(anonymous_16)","decl":{"start":{"line":31,"column":16},"end":{"line":31,"column":23}},"loc":{"start":{"line":31,"column":37},"end":{"line":33,"column":null}}},"9":{"name":"(anonymous_17)","decl":{"start":{"line":31,"column":37},"end":{"line":31,"column":null}},"loc":{"start":{"line":31,"column":37},"end":{"line":33,"column":5}}},"10":{"name":"(anonymous_18)","decl":{"start":{"line":34,"column":12},"end":{"line":34,"column":19}},"loc":{"start":{"line":34,"column":55},"end":{"line":36,"column":null}}},"11":{"name":"(anonymous_19)","decl":{"start":{"line":34,"column":55},"end":{"line":34,"column":null}},"loc":{"start":{"line":34,"column":55},"end":{"line":36,"column":5}}}},"branchMap":{},"s":{"0":5,"1":5,"2":2,"3":2,"4":2,"5":7,"6":7,"7":5,"8":8,"9":8,"10":8,"11":1,"12":1,"13":1,"14":2,"15":2,"16":1,"17":1},"f":{"0":2,"1":2,"2":7,"3":7,"4":8,"5":8,"6":1,"7":1,"8":2,"9":2,"10":1,"11":1},"b":{}}
,"D:\\Proyectos\\back end\\Node JS\\typescript\\src\\components\\customer\\customer.service.ts": {"path":"D:\\Proyectos\\back end\\Node JS\\typescript\\src\\components\\customer\\customer.service.ts","statementMap":{"0":{"start":{"line":2,"column":0},"end":{"line":2,"column":81}},"1":{"start":{"line":3,"column":0},"end":{"line":3,"column":43}},"2":{"start":{"line":4,"column":0},"end":{"line":4,"column":50}},"3":{"start":{"line":5,"column":0},"end":{"line":5,"column":47}},"4":{"start":{"line":7,"column":0},"end":{"line":7,"column":null}},"5":{"start":{"line":8,"column":4},"end":{"line":8,"column":null}},"6":{"start":{"line":9,"column":4},"end":{"line":9,"column":null}},"7":{"start":{"line":10,"column":4},"end":{"line":10,"column":null}},"8":{"start":{"line":13,"column":27},"end":{"line":29,"column":1}},"9":{"start":{"line":14,"column":64},"end":{"line":14,"column":68}},"10":{"start":{"line":15,"column":49},"end":{"line":15,"column":53}},"11":{"start":{"line":16,"column":25},"end":{"line":16,"column":31}},"12":{"start":{"line":17,"column":30},"end":{"line":17,"column":39}},"13":{"start":{"line":19,"column":4},"end":{"line":28,"column":6}},"14":{"start":{"line":31,"column":20},"end":{"line":34,"column":2}},"15":{"start":{"line":31,"column":44},"end":{"line":34,"column":2}},"16":{"start":{"line":32,"column":23},"end":{"line":32,"column":60}},"17":{"start":{"line":33,"column":4},"end":{"line":33,"column":31}},"18":{"start":{"line":36,"column":0},"end":{"line":148,"column":2}},"19":{"start":{"line":37,"column":48},"end":{"line":41,"column":null}},"20":{"start":{"line":38,"column":28},"end":{"line":38,"column":56}},"21":{"start":{"line":40,"column":8},"end":{"line":40,"column":51}},"22":{"start":{"line":43,"column":57},"end":{"line":53,"column":null}},"23":{"start":{"line":44,"column":8},"end":{"line":52,"column":null}},"24":{"start":{"line":45,"column":31},"end":{"line":45,"column":62}},"25":{"start":{"line":46,"column":12},"end":{"line":46,"column":47}},"26":{"start":{"line":46,"column":29},"end":{"line":46,"column":47}},"27":{"start":{"line":48,"column":12},"end":{"line":48,"column":50}},"28":{"start":{"line":50,"column":28},"end":{"line":50,"column":51}},"29":{"start":{"line":51,"column":12},"end":{"line":51,"column":63}},"30":{"start":{"line":55,"column":67},"end":{"line":80,"column":null}},"31":{"start":{"line":56,"column":23},"end":{"line":56,"column":59}},"32":{"start":{"line":57,"column":8},"end":{"line":60,"column":null}},"33":{"start":{"line":58,"column":28},"end":{"line":58,"column":51}},"34":{"start":{"line":59,"column":12},"end":{"line":59,"column":62}},"35":{"start":{"line":63,"column":54},"end":{"line":66,"column":10}},"36":{"start":{"line":68,"column":40},"end":{"line":76,"column":10}},"37":{"start":{"line":78,"column":27},"end":{"line":78,"column":63}},"38":{"start":{"line":79,"column":8},"end":{"line":79,"column":46}},"39":{"start":{"line":82,"column":37},"end":{"line":89,"column":null}},"40":{"start":{"line":83,"column":8},"end":{"line":88,"column":null}},"41":{"start":{"line":84,"column":12},"end":{"line":84,"column":46}},"42":{"start":{"line":86,"column":28},"end":{"line":86,"column":51}},"43":{"start":{"line":87,"column":12},"end":{"line":87,"column":63}},"44":{"start":{"line":95,"column":30},"end":{"line":147,"column":null}},"45":{"start":{"line":96,"column":25},"end":{"line":96,"column":29}},"46":{"start":{"line":97,"column":8},"end":{"line":103,"column":null}},"47":{"start":{"line":98,"column":12},"end":{"line":98,"column":57}},"48":{"start":{"line":99,"column":12},"end":{"line":99,"column":47}},"49":{"start":{"line":99,"column":29},"end":{"line":99,"column":47}},"50":{"start":{"line":101,"column":28},"end":{"line":101,"column":51}},"51":{"start":{"line":102,"column":12},"end":{"line":102,"column":63}},"52":{"start":{"line":105,"column":32},"end":{"line":105,"column":41}},"53":{"start":{"line":107,"column":8},"end":{"line":114,"column":null}},"54":{"start":{"line":108,"column":27},"end":{"line":108,"column":63}},"55":{"start":{"line":109,"column":12},"end":{"line":112,"column":null}},"56":{"start":{"line":110,"column":32},"end":{"line":110,"column":59}},"57":{"start":{"line":111,"column":16},"end":{"line":111,"column":66}},"58":{"start":{"line":113,"column":12},"end":{"line":113,"column":60}},"59":{"start":{"line":116,"column":29},"end":{"line":116,"column":53}},"60":{"start":{"line":117,"column":29},"end":{"line":117,"column":49}},"61":{"start":{"line":118,"column":8},"end":{"line":125,"column":null}},"62":{"start":{"line":119,"column":27},"end":{"line":119,"column":73}},"63":{"start":{"line":120,"column":12},"end":{"line":123,"column":null}},"64":{"start":{"line":121,"column":32},"end":{"line":121,"column":62}},"65":{"start":{"line":122,"column":16},"end":{"line":122,"column":66}},"66":{"start":{"line":124,"column":12},"end":{"line":124,"column":73}},"67":{"start":{"line":127,"column":8},"end":{"line":130,"column":null}},"68":{"start":{"line":128,"column":28},"end":{"line":128,"column":77}},"69":{"start":{"line":129,"column":12},"end":{"line":129,"column":48}},"70":{"start":{"line":131,"column":8},"end":{"line":133,"column":null}},"71":{"start":{"line":132,"column":12},"end":{"line":132,"column":58}},"72":{"start":{"line":134,"column":8},"end":{"line":136,"column":null}},"73":{"start":{"line":135,"column":12},"end":{"line":135,"column":66}},"74":{"start":{"line":137,"column":8},"end":{"line":139,"column":null}},"75":{"start":{"line":138,"column":12},"end":{"line":138,"column":62}},"76":{"start":{"line":140,"column":8},"end":{"line":142,"column":null}},"77":{"start":{"line":141,"column":12},"end":{"line":141,"column":72}},"78":{"start":{"line":144,"column":29},"end":{"line":144,"column":64}},"79":{"start":{"line":145,"column":8},"end":{"line":145,"column":52}},"80":{"start":{"line":146,"column":8},"end":{"line":146,"column":67}}},"fnMap":{"0":{"name":"(anonymous_8)","decl":{"start":{"line":7,"column":0},"end":{"line":7,"column":12}},"loc":{"start":{"line":7,"column":18},"end":{"line":11,"column":1}}},"1":{"name":"(anonymous_9)","decl":{"start":{"line":13,"column":27},"end":{"line":13,"column":28}},"loc":{"start":{"line":13,"column":54},"end":{"line":29,"column":1}}},"2":{"name":"(anonymous_10)","decl":{"start":{"line":31,"column":20},"end":{"line":31,"column":27}},"loc":{"start":{"line":31,"column":44},"end":{"line":34,"column":2}}},"3":{"name":"(anonymous_11)","decl":{"start":{"line":31,"column":44},"end":{"line":31,"column":null}},"loc":{"start":{"line":31,"column":44},"end":{"line":34,"column":1}}},"4":{"name":"(anonymous_12)","decl":{"start":{"line":37,"column":13},"end":{"line":37,"column":46}},"loc":{"start":{"line":37,"column":48},"end":{"line":41,"column":null}}},"5":{"name":"(anonymous_13)","decl":{"start":{"line":37,"column":48},"end":{"line":37,"column":null}},"loc":{"start":{"line":37,"column":48},"end":{"line":41,"column":5}}},"6":{"name":"(anonymous_14)","decl":{"start":{"line":43,"column":14},"end":{"line":43,"column":21}},"loc":{"start":{"line":43,"column":57},"end":{"line":53,"column":null}}},"7":{"name":"(anonymous_15)","decl":{"start":{"line":43,"column":57},"end":{"line":43,"column":null}},"loc":{"start":{"line":43,"column":57},"end":{"line":53,"column":5}}},"8":{"name":"(anonymous_16)","decl":{"start":{"line":55,"column":10},"end":{"line":55,"column":17}},"loc":{"start":{"line":55,"column":67},"end":{"line":80,"column":null}}},"9":{"name":"(anonymous_17)","decl":{"start":{"line":55,"column":67},"end":{"line":55,"column":null}},"loc":{"start":{"line":55,"column":67},"end":{"line":80,"column":5}}},"10":{"name":"(anonymous_18)","decl":{"start":{"line":82,"column":16},"end":{"line":82,"column":23}},"loc":{"start":{"line":82,"column":37},"end":{"line":89,"column":null}}},"11":{"name":"(anonymous_19)","decl":{"start":{"line":82,"column":37},"end":{"line":82,"column":null}},"loc":{"start":{"line":82,"column":37},"end":{"line":89,"column":5}}},"12":{"name":"(anonymous_20)","decl":{"start":{"line":92,"column":12},"end":{"line":92,"column":null}},"loc":{"start":{"line":95,"column":30},"end":{"line":147,"column":null}}},"13":{"name":"(anonymous_21)","decl":{"start":{"line":95,"column":30},"end":{"line":95,"column":null}},"loc":{"start":{"line":95,"column":30},"end":{"line":147,"column":5}}}},"branchMap":{"0":{"loc":{"start":{"line":7,"column":12},"end":{"line":7,"column":null}},"type":"binary-expr","locations":[{"start":{"line":7,"column":12},"end":{"line":7,"column":18}},{"start":{"line":7,"column":12},"end":{"line":7,"column":null}}]},"1":{"loc":{"start":{"line":46,"column":12},"end":{"line":46,"column":47}},"type":"if","locations":[{"start":{"line":46,"column":12},"end":{"line":46,"column":47}}]},"2":{"loc":{"start":{"line":57,"column":8},"end":{"line":60,"column":null}},"type":"if","locations":[{"start":{"line":57,"column":8},"end":{"line":60,"column":null}}]},"3":{"loc":{"start":{"line":99,"column":12},"end":{"line":99,"column":47}},"type":"if","locations":[{"start":{"line":99,"column":12},"end":{"line":99,"column":47}}]},"4":{"loc":{"start":{"line":107,"column":8},"end":{"line":114,"column":null}},"type":"if","locations":[{"start":{"line":107,"column":8},"end":{"line":114,"column":null}}]},"5":{"loc":{"start":{"line":109,"column":12},"end":{"line":112,"column":null}},"type":"if","locations":[{"start":{"line":109,"column":12},"end":{"line":112,"column":null}}]},"6":{"loc":{"start":{"line":118,"column":8},"end":{"line":125,"column":null}},"type":"if","locations":[{"start":{"line":118,"column":8},"end":{"line":125,"column":null}}]},"7":{"loc":{"start":{"line":120,"column":12},"end":{"line":123,"column":null}},"type":"if","locations":[{"start":{"line":120,"column":12},"end":{"line":123,"column":null}}]},"8":{"loc":{"start":{"line":127,"column":8},"end":{"line":130,"column":null}},"type":"if","locations":[{"start":{"line":127,"column":8},"end":{"line":130,"column":null}}]},"9":{"loc":{"start":{"line":131,"column":8},"end":{"line":133,"column":null}},"type":"if","locations":[{"start":{"line":131,"column":8},"end":{"line":133,"column":null}}]},"10":{"loc":{"start":{"line":134,"column":8},"end":{"line":136,"column":null}},"type":"if","locations":[{"start":{"line":134,"column":8},"end":{"line":136,"column":null}}]},"11":{"loc":{"start":{"line":137,"column":8},"end":{"line":139,"column":null}},"type":"if","locations":[{"start":{"line":137,"column":8},"end":{"line":139,"column":null}}]},"12":{"loc":{"start":{"line":140,"column":8},"end":{"line":142,"column":null}},"type":"if","locations":[{"start":{"line":140,"column":8},"end":{"line":142,"column":null}}]}},"s":{"0":5,"1":5,"2":5,"3":5,"4":5,"5":5,"6":5,"7":5,"8":5,"9":4,"10":4,"11":4,"12":4,"13":4,"14":5,"15":8,"16":8,"17":8,"18":5,"19":2,"20":2,"21":2,"22":2,"23":2,"24":2,"25":1,"26":0,"27":1,"28":1,"29":1,"30":3,"31":3,"32":3,"33":1,"34":1,"35":2,"36":1,"37":1,"38":1,"39":2,"40":2,"41":2,"42":1,"43":1,"44":4,"45":4,"46":4,"47":4,"48":3,"49":0,"50":1,"51":1,"52":3,"53":3,"54":3,"55":3,"56":1,"57":1,"58":2,"59":2,"60":2,"61":2,"62":2,"63":2,"64":1,"65":1,"66":1,"67":1,"68":0,"69":0,"70":1,"71":0,"72":1,"73":0,"74":1,"75":0,"76":1,"77":1,"78":1,"79":1,"80":1},"f":{"0":5,"1":4,"2":8,"3":8,"4":2,"5":2,"6":2,"7":2,"8":3,"9":3,"10":2,"11":2,"12":4,"13":4},"b":{"0":[5,5],"1":[0],"2":[1],"3":[0],"4":[3],"5":[1],"6":[2],"7":[1],"8":[0],"9":[0],"10":[0],"11":[0],"12":[1]}}
,"D:\\Proyectos\\back end\\Node JS\\typescript\\src\\components\\customer\\dto\\validator.ts": {"path":"D:\\Proyectos\\back end\\Node JS\\typescript\\src\\components\\customer\\dto\\validator.ts","statementMap":{"0":{"start":{"line":1,"column":0},"end":{"line":1,"column":42}},"1":{"start":{"line":2,"column":0},"end":{"line":2,"column":59}},"2":{"start":{"line":4,"column":13},"end":{"line":17,"column":2}},"3":{"start":{"line":19,"column":13},"end":{"line":22,"column":2}},"4":{"start":{"line":24,"column":13},"end":{"line":40,"column":2}}},"fnMap":{},"branchMap":{},"s":{"0":5,"1":5,"2":5,"3":5,"4":5},"f":{},"b":{}}
,"D:\\Proyectos\\back end\\Node JS\\typescript\\src\\components\\customer\\model\\mongodb.ts": {"path":"D:\\Proyectos\\back end\\Node JS\\typescript\\src\\components\\customer\\model\\mongodb.ts","statementMap":{"0":{"start":{"line":1,"column":0},"end":{"line":1,"column":41}},"1":{"start":{"line":2,"column":0},"end":{"line":2,"column":45}},"2":{"start":{"line":5,"column":23},"end":{"line":20,"column":null}},"3":{"start":{"line":23,"column":0},"end":{"line":23,"column":50}}},"fnMap":{},"branchMap":{},"s":{"0":5,"1":5,"2":5,"3":5},"f":{},"b":{}}
,"D:\\Proyectos\\back end\\Node JS\\typescript\\src\\components\\product\\product.controller.ts": {"path":"D:\\Proyectos\\back end\\Node JS\\typescript\\src\\components\\product\\product.controller.ts","statementMap":{"0":{"start":{"line":1,"column":0},"end":{"line":1,"column":47}},"1":{"start":{"line":2,"column":0},"end":{"line":2,"column":33}},"2":{"start":{"line":3,"column":0},"end":{"line":3,"column":64}},"3":{"start":{"line":5,"column":0},"end":{"line":5,"column":50}},"4":{"start":{"line":7,"column":15},"end":{"line":7,"column":23}},"5":{"start":{"line":11,"column":36},"end":{"line":22,"column":2}},"6":{"start":{"line":11,"column":55},"end":{"line":22,"column":2}},"7":{"start":{"line":12,"column":25},"end":{"line":12,"column":57}},"8":{"start":{"line":13,"column":33},"end":{"line":13,"column":73}},"9":{"start":{"line":15,"column":35},"end":{"line":18,"column":6}},"10":{"start":{"line":20,"column":4},"end":{"line":20,"column":50}},"11":{"start":{"line":21,"column":4},"end":{"line":21,"column":23}},"12":{"start":{"line":24,"column":29},"end":{"line":31,"column":2}},"13":{"start":{"line":24,"column":48},"end":{"line":31,"column":2}},"14":{"start":{"line":25,"column":23},"end":{"line":25,"column":36}},"15":{"start":{"line":27,"column":32},"end":{"line":27,"column":65}},"16":{"start":{"line":29,"column":4},"end":{"line":29,"column":20}},"17":{"start":{"line":30,"column":4},"end":{"line":30,"column":22}},"18":{"start":{"line":33,"column":27},"end":{"line":41,"column":2}},"19":{"start":{"line":33,"column":46},"end":{"line":41,"column":2}},"20":{"start":{"line":34,"column":23},"end":{"line":34,"column":36}},"21":{"start":{"line":35,"column":35},"end":{"line":35,"column":43}},"22":{"start":{"line":37,"column":32},"end":{"line":37,"column":75}},"23":{"start":{"line":39,"column":4},"end":{"line":39,"column":20}},"24":{"start":{"line":40,"column":4},"end":{"line":40,"column":22}},"25":{"start":{"line":43,"column":31},"end":{"line":50,"column":2}},"26":{"start":{"line":43,"column":50},"end":{"line":50,"column":2}},"27":{"start":{"line":44,"column":23},"end":{"line":44,"column":36}},"28":{"start":{"line":46,"column":4},"end":{"line":46,"column":40}},"29":{"start":{"line":48,"column":4},"end":{"line":48,"column":20}},"30":{"start":{"line":49,"column":4},"end":{"line":49,"column":15}},"31":{"start":{"line":52,"column":0},"end":{"line":52,"column":44}},"32":{"start":{"line":53,"column":0},"end":{"line":53,"column":41}},"33":{"start":{"line":54,"column":0},"end":{"line":54,"column":56}},"34":{"start":{"line":55,"column":0},"end":{"line":55,"column":46}},"35":{"start":{"line":57,"column":0},"end":{"line":57,"column":26}}},"fnMap":{"0":{"name":"(anonymous_8)","decl":{"start":{"line":11,"column":36},"end":{"line":11,"column":43}},"loc":{"start":{"line":11,"column":55},"end":{"line":22,"column":2}}},"1":{"name":"(anonymous_9)","decl":{"start":{"line":11,"column":55},"end":{"line":11,"column":null}},"loc":{"start":{"line":11,"column":55},"end":{"line":22,"column":1}}},"2":{"name":"(anonymous_10)","decl":{"start":{"line":24,"column":29},"end":{"line":24,"column":36}},"loc":{"start":{"line":24,"column":48},"end":{"line":31,"column":2}}},"3":{"name":"(anonymous_11)","decl":{"start":{"line":24,"column":48},"end":{"line":24,"column":null}},"loc":{"start":{"line":24,"column":48},"end":{"line":31,"column":1}}},"4":{"name":"(anonymous_12)","decl":{"start":{"line":33,"column":27},"end":{"line":33,"column":34}},"loc":{"start":{"line":33,"column":46},"end":{"line":41,"column":2}}},"5":{"name":"(anonymous_13)","decl":{"start":{"line":33,"column":46},"end":{"line":33,"column":null}},"loc":{"start":{"line":33,"column":46},"end":{"line":41,"column":1}}},"6":{"name":"(anonymous_14)","decl":{"start":{"line":43,"column":31},"end":{"line":43,"column":38}},"loc":{"start":{"line":43,"column":50},"end":{"line":50,"column":2}}},"7":{"name":"(anonymous_15)","decl":{"start":{"line":43,"column":50},"end":{"line":43,"column":null}},"loc":{"start":{"line":43,"column":50},"end":{"line":50,"column":1}}}},"branchMap":{"0":{"loc":{"start":{"line":12,"column":25},"end":{"line":12,"column":57}},"type":"binary-expr","locations":[{"start":{"line":12,"column":25},"end":{"line":12,"column":51}},{"start":{"line":12,"column":55},"end":{"line":12,"column":57}}]},"1":{"loc":{"start":{"line":12,"column":25},"end":{"line":12,"column":51}},"type":"cond-expr","locations":[{"start":{"line":12,"column":39},"end":{"line":12,"column":41}},{"start":{"line":12,"column":39},"end":{"line":12,"column":51}}]},"2":{"loc":{"start":{"line":12,"column":25},"end":{"line":12,"column":41}},"type":"binary-expr","locations":[{"start":{"line":12,"column":25},"end":{"line":12,"column":41}},{"start":{"line":12,"column":39},"end":{"line":12,"column":41}}]},"3":{"loc":{"start":{"line":13,"column":33},"end":{"line":13,"column":73}},"type":"binary-expr","locations":[{"start":{"line":13,"column":33},"end":{"line":13,"column":67}},{"start":{"line":13,"column":71},"end":{"line":13,"column":73}}]},"4":{"loc":{"start":{"line":13,"column":33},"end":{"line":13,"column":67}},"type":"cond-expr","locations":[{"start":{"line":13,"column":55},"end":{"line":13,"column":57}},{"start":{"line":13,"column":55},"end":{"line":13,"column":67}}]},"5":{"loc":{"start":{"line":13,"column":33},"end":{"line":13,"column":57}},"type":"binary-expr","locations":[{"start":{"line":13,"column":33},"end":{"line":13,"column":57}},{"start":{"line":13,"column":55},"end":{"line":13,"column":57}}]},"6":{"loc":{"start":{"line":20,"column":15},"end":{"line":20,"column":48}},"type":"cond-expr","locations":[{"start":{"line":20,"column":39},"end":{"line":20,"column":42}},{"start":{"line":20,"column":45},"end":{"line":20,"column":48}}]}},"s":{"0":5,"1":5,"2":5,"3":5,"4":5,"5":5,"6":8,"7":8,"8":8,"9":8,"10":7,"11":7,"12":5,"13":2,"14":2,"15":2,"16":1,"17":1,"18":5,"19":2,"20":2,"21":2,"22":2,"23":1,"24":1,"25":5,"26":2,"27":2,"28":2,"29":1,"30":1,"31":5,"32":5,"33":5,"34":5,"35":5},"f":{"0":8,"1":8,"2":2,"3":2,"4":2,"5":2,"6":2,"7":2},"b":{"0":[8,5],"1":[5,3],"2":[8,8],"3":[8,4],"4":[4,4],"5":[8,8],"6":[3,4]}}
,"D:\\Proyectos\\back end\\Node JS\\typescript\\src\\components\\product\\product.repo.ts": {"path":"D:\\Proyectos\\back end\\Node JS\\typescript\\src\\components\\product\\product.repo.ts","statementMap":{"0":{"start":{"line":2,"column":0},"end":{"line":2,"column":43}},"1":{"start":{"line":4,"column":0},"end":{"line":20,"column":2}},"2":{"start":{"line":5,"column":51},"end":{"line":8,"column":null}},"3":{"start":{"line":6,"column":27},"end":{"line":6,"column":58}},"4":{"start":{"line":7,"column":8},"end":{"line":7,"column":26}},"5":{"start":{"line":9,"column":35},"end":{"line":12,"column":null}},"6":{"start":{"line":10,"column":26},"end":{"line":10,"column":57}},"7":{"start":{"line":11,"column":8},"end":{"line":11,"column":25}},"8":{"start":{"line":13,"column":54},"end":{"line":16,"column":null}},"9":{"start":{"line":14,"column":26},"end":{"line":14,"column":75}},"10":{"start":{"line":15,"column":8},"end":{"line":15,"column":25}},"11":{"start":{"line":17,"column":37},"end":{"line":19,"column":null}},"12":{"start":{"line":18,"column":8},"end":{"line":18,"column":49}}},"fnMap":{"0":{"name":"(anonymous_8)","decl":{"start":{"line":5,"column":21},"end":{"line":5,"column":28}},"loc":{"start":{"line":5,"column":51},"end":{"line":8,"column":null}}},"1":{"name":"(anonymous_9)","decl":{"start":{"line":5,"column":51},"end":{"line":5,"column":null}},"loc":{"start":{"line":5,"column":51},"end":{"line":8,"column":5}}},"2":{"name":"(anonymous_10)","decl":{"start":{"line":9,"column":14},"end":{"line":9,"column":21}},"loc":{"start":{"line":9,"column":35},"end":{"line":12,"column":null}}},"3":{"name":"(anonymous_11)","decl":{"start":{"line":9,"column":35},"end":{"line":9,"column":null}},"loc":{"start":{"line":9,"column":35},"end":{"line":12,"column":5}}},"4":{"name":"(anonymous_12)","decl":{"start":{"line":13,"column":12},"end":{"line":13,"column":19}},"loc":{"start":{"line":13,"column":54},"end":{"line":16,"column":null}}},"5":{"name":"(anonymous_13)","decl":{"start":{"line":13,"column":54},"end":{"line":13,"column":null}},"loc":{"start":{"line":13,"column":54},"end":{"line":16,"column":5}}},"6":{"name":"(anonymous_14)","decl":{"start":{"line":17,"column":16},"end":{"line":17,"column":23}},"loc":{"start":{"line":17,"column":37},"end":{"line":19,"column":null}}},"7":{"name":"(anonymous_15)","decl":{"start":{"line":17,"column":37},"end":{"line":17,"column":null}},"loc":{"start":{"line":17,"column":37},"end":{"line":19,"column":5}}}},"branchMap":{"0":{"loc":{"start":{"line":5,"column":28},"end":{"line":5,"column":47}},"type":"default-arg","locations":[{"start":{"line":5,"column":45},"end":{"line":5,"column":47}}]}},"s":{"0":5,"1":5,"2":7,"3":7,"4":7,"5":3,"6":3,"7":2,"8":2,"9":2,"10":1,"11":2,"12":2},"f":{"0":7,"1":7,"2":3,"3":3,"4":2,"5":2,"6":2,"7":2},"b":{"0":[0]}}
,"D:\\Proyectos\\back end\\Node JS\\typescript\\src\\components\\product\\product.service.ts": {"path":"D:\\Proyectos\\back end\\Node JS\\typescript\\src\\components\\product\\product.service.ts","statementMap":{"0":{"start":{"line":2,"column":0},"end":{"line":2,"column":53}},"1":{"start":{"line":3,"column":0},"end":{"line":3,"column":41}},"2":{"start":{"line":4,"column":0},"end":{"line":4,"column":81}},"3":{"start":{"line":6,"column":26},"end":{"line":9,"column":1}},"4":{"start":{"line":7,"column":63},"end":{"line":7,"column":67}},"5":{"start":{"line":8,"column":4},"end":{"line":8,"column":75}},"6":{"start":{"line":11,"column":0},"end":{"line":77,"column":2}},"7":{"start":{"line":15,"column":32},"end":{"line":36,"column":null}},"8":{"start":{"line":16,"column":26},"end":{"line":16,"column":35}},"9":{"start":{"line":18,"column":8},"end":{"line":18,"column":73}},"10":{"start":{"line":18,"column":18},"end":{"line":18,"column":73}},"11":{"start":{"line":20,"column":8},"end":{"line":29,"column":null}},"12":{"start":{"line":21,"column":31},"end":{"line":21,"column":74}},"13":{"start":{"line":22,"column":12},"end":{"line":25,"column":null}},"14":{"start":{"line":23,"column":32},"end":{"line":23,"column":75}},"15":{"start":{"line":24,"column":16},"end":{"line":24,"column":67}},"16":{"start":{"line":27,"column":31},"end":{"line":27,"column":54}},"17":{"start":{"line":28,"column":12},"end":{"line":28,"column":52}},"18":{"start":{"line":31,"column":23},"end":{"line":31,"column":52}},"19":{"start":{"line":32,"column":27},"end":{"line":32,"column":68}},"20":{"start":{"line":34,"column":39},"end":{"line":34,"column":72}},"21":{"start":{"line":35,"column":8},"end":{"line":35,"column":24}},"22":{"start":{"line":38,"column":56},"end":{"line":49,"column":null}},"23":{"start":{"line":39,"column":24},"end":{"line":39,"column":28}},"24":{"start":{"line":40,"column":8},"end":{"line":46,"column":null}},"25":{"start":{"line":41,"column":12},"end":{"line":41,"column":55}},"26":{"start":{"line":42,"column":12},"end":{"line":42,"column":46}},"27":{"start":{"line":42,"column":28},"end":{"line":42,"column":46}},"28":{"start":{"line":44,"column":28},"end":{"line":44,"column":52}},"29":{"start":{"line":45,"column":12},"end":{"line":45,"column":63}},"30":{"start":{"line":48,"column":8},"end":{"line":48,"column":44}},"31":{"start":{"line":51,"column":75},"end":{"line":67,"column":null}},"32":{"start":{"line":52,"column":8},"end":{"line":55,"column":null}},"33":{"start":{"line":53,"column":28},"end":{"line":53,"column":53}},"34":{"start":{"line":54,"column":12},"end":{"line":54,"column":65}},"35":{"start":{"line":57,"column":8},"end":{"line":66,"column":null}},"36":{"start":{"line":58,"column":12},"end":{"line":58,"column":50}},"37":{"start":{"line":59,"column":30},"end":{"line":59,"column":60}},"38":{"start":{"line":60,"column":12},"end":{"line":60,"column":46}},"39":{"start":{"line":60,"column":28},"end":{"line":60,"column":46}},"40":{"start":{"line":62,"column":12},"end":{"line":62,"column":48}},"41":{"start":{"line":64,"column":28},"end":{"line":64,"column":52}},"42":{"start":{"line":65,"column":12},"end":{"line":65,"column":63}},"43":{"start":{"line":69,"column":37},"end":{"line":76,"column":null}},"44":{"start":{"line":70,"column":8},"end":{"line":75,"column":null}},"45":{"start":{"line":71,"column":12},"end":{"line":71,"column":45}},"46":{"start":{"line":73,"column":28},"end":{"line":73,"column":52}},"47":{"start":{"line":74,"column":12},"end":{"line":74,"column":63}}},"fnMap":{"0":{"name":"(anonymous_8)","decl":{"start":{"line":6,"column":26},"end":{"line":6,"column":27}},"loc":{"start":{"line":6,"column":52},"end":{"line":9,"column":1}}},"1":{"name":"(anonymous_9)","decl":{"start":{"line":12,"column":21},"end":{"line":12,"column":28}},"loc":{"start":{"line":15,"column":32},"end":{"line":36,"column":null}}},"2":{"name":"(anonymous_10)","decl":{"start":{"line":15,"column":32},"end":{"line":15,"column":null}},"loc":{"start":{"line":15,"column":32},"end":{"line":36,"column":5}}},"3":{"name":"(anonymous_11)","decl":{"start":{"line":38,"column":14},"end":{"line":38,"column":21}},"loc":{"start":{"line":38,"column":56},"end":{"line":49,"column":null}}},"4":{"name":"(anonymous_12)","decl":{"start":{"line":38,"column":56},"end":{"line":38,"column":null}},"loc":{"start":{"line":38,"column":56},"end":{"line":49,"column":5}}},"5":{"name":"(anonymous_13)","decl":{"start":{"line":51,"column":12},"end":{"line":51,"column":19}},"loc":{"start":{"line":51,"column":75},"end":{"line":67,"column":null}}},"6":{"name":"(anonymous_14)","decl":{"start":{"line":51,"column":75},"end":{"line":51,"column":null}},"loc":{"start":{"line":51,"column":75},"end":{"line":67,"column":5}}},"7":{"name":"(anonymous_15)","decl":{"start":{"line":69,"column":16},"end":{"line":69,"column":23}},"loc":{"start":{"line":69,"column":37},"end":{"line":76,"column":null}}},"8":{"name":"(anonymous_16)","decl":{"start":{"line":69,"column":37},"end":{"line":69,"column":null}},"loc":{"start":{"line":69,"column":37},"end":{"line":76,"column":5}}}},"branchMap":{"0":{"loc":{"start":{"line":13,"column":8},"end":{"line":13,"column":17}},"type":"default-arg","locations":[{"start":{"line":13,"column":15},"end":{"line":13,"column":17}}]},"1":{"loc":{"start":{"line":14,"column":8},"end":{"line":14,"column":25}},"type":"default-arg","locations":[{"start":{"line":14,"column":23},"end":{"line":14,"column":25}}]},"2":{"loc":{"start":{"line":18,"column":8},"end":{"line":18,"column":73}},"type":"if","locations":[{"start":{"line":18,"column":8},"end":{"line":18,"column":73}}]},"3":{"loc":{"start":{"line":20,"column":8},"end":{"line":29,"column":null}},"type":"if","locations":[{"start":{"line":20,"column":8},"end":{"line":29,"column":null}}]},"4":{"loc":{"start":{"line":22,"column":12},"end":{"line":25,"column":null}},"type":"if","locations":[{"start":{"line":22,"column":12},"end":{"line":25,"column":null}}]},"5":{"loc":{"start":{"line":42,"column":12},"end":{"line":42,"column":46}},"type":"if","locations":[{"start":{"line":42,"column":12},"end":{"line":42,"column":46}}]},"6":{"loc":{"start":{"line":52,"column":8},"end":{"line":55,"column":null}},"type":"if","locations":[{"start":{"line":52,"column":8},"end":{"line":55,"column":null}}]},"7":{"loc":{"start":{"line":52,"column":12},"end":{"line":52,"column":50}},"type":"binary-expr","locations":[{"start":{"line":52,"column":12},"end":{"line":52,"column":29}},{"start":{"line":52,"column":33},"end":{"line":52,"column":50}}]},"8":{"loc":{"start":{"line":60,"column":12},"end":{"line":60,"column":46}},"type":"if","locations":[{"start":{"line":60,"column":12},"end":{"line":60,"column":46}}]}},"s":{"0":5,"1":5,"2":5,"3":5,"4":6,"5":6,"6":5,"7":8,"8":8,"9":8,"10":3,"11":8,"12":4,"13":4,"14":1,"15":1,"16":3,"17":3,"18":7,"19":7,"20":7,"21":7,"22":2,"23":2,"24":2,"25":2,"26":1,"27":0,"28":1,"29":1,"30":1,"31":2,"32":2,"33":0,"34":0,"35":2,"36":2,"37":1,"38":1,"39":0,"40":1,"41":1,"42":1,"43":2,"44":2,"45":2,"46":1,"47":1},"f":{"0":6,"1":8,"2":8,"3":2,"4":2,"5":2,"6":2,"7":2,"8":2},"b":{"0":[0],"1":[0],"2":[3],"3":[4],"4":[1],"5":[0],"6":[0],"7":[2,2],"8":[0]}}
,"D:\\Proyectos\\back end\\Node JS\\typescript\\src\\components\\product\\dto\\validator.ts": {"path":"D:\\Proyectos\\back end\\Node JS\\typescript\\src\\components\\product\\dto\\validator.ts","statementMap":{"0":{"start":{"line":1,"column":0},"end":{"line":1,"column":42}},"1":{"start":{"line":2,"column":0},"end":{"line":2,"column":59}},"2":{"start":{"line":4,"column":13},"end":{"line":12,"column":2}}},"fnMap":{},"branchMap":{},"s":{"0":5,"1":5,"2":5},"f":{},"b":{}}
,"D:\\Proyectos\\back end\\Node JS\\typescript\\src\\components\\product\\model\\mongodb.ts": {"path":"D:\\Proyectos\\back end\\Node JS\\typescript\\src\\components\\product\\model\\mongodb.ts","statementMap":{"0":{"start":{"line":1,"column":0},"end":{"line":1,"column":41}},"1":{"start":{"line":4,"column":22},"end":{"line":13,"column":null}},"2":{"start":{"line":16,"column":0},"end":{"line":16,"column":48}}},"fnMap":{},"branchMap":{},"s":{"0":5,"1":5,"2":5},"f":{},"b":{}}
,"D:\\Proyectos\\back end\\Node JS\\typescript\\src\\components\\role\\role.repo.ts": {"path":"D:\\Proyectos\\back end\\Node JS\\typescript\\src\\components\\role\\role.repo.ts","statementMap":{"0":{"start":{"line":1,"column":0},"end":{"line":1,"column":40}},"1":{"start":{"line":3,"column":0},"end":{"line":3,"column":null}},"2":{"start":{"line":4,"column":4},"end":{"line":4,"column":null}},"3":{"start":{"line":5,"column":4},"end":{"line":5,"column":null}},"4":{"start":{"line":7,"column":0},"end":{"line":16,"column":2}},"5":{"start":{"line":8,"column":45},"end":{"line":11,"column":null}},"6":{"start":{"line":9,"column":21},"end":{"line":9,"column":39}},"7":{"start":{"line":10,"column":8},"end":{"line":10,"column":81}},"8":{"start":{"line":12,"column":32},"end":{"line":15,"column":null}},"9":{"start":{"line":13,"column":21},"end":{"line":13,"column":49}},"10":{"start":{"line":14,"column":8},"end":{"line":14,"column":20}}},"fnMap":{"0":{"name":"(anonymous_8)","decl":{"start":{"line":3,"column":0},"end":{"line":3,"column":12}},"loc":{"start":{"line":3,"column":20},"end":{"line":6,"column":1}}},"1":{"name":"(anonymous_9)","decl":{"start":{"line":8,"column":16},"end":{"line":8,"column":23}},"loc":{"start":{"line":8,"column":45},"end":{"line":11,"column":null}}},"2":{"name":"(anonymous_10)","decl":{"start":{"line":8,"column":45},"end":{"line":8,"column":null}},"loc":{"start":{"line":8,"column":45},"end":{"line":11,"column":5}}},"3":{"name":"(anonymous_11)","decl":{"start":{"line":12,"column":14},"end":{"line":12,"column":21}},"loc":{"start":{"line":12,"column":32},"end":{"line":15,"column":null}}},"4":{"name":"(anonymous_12)","decl":{"start":{"line":12,"column":32},"end":{"line":12,"column":null}},"loc":{"start":{"line":12,"column":32},"end":{"line":15,"column":5}}}},"branchMap":{"0":{"loc":{"start":{"line":3,"column":12},"end":{"line":3,"column":null}},"type":"binary-expr","locations":[{"start":{"line":3,"column":12},"end":{"line":3,"column":20}},{"start":{"line":3,"column":12},"end":{"line":3,"column":null}}]},"1":{"loc":{"start":{"line":10,"column":15},"end":{"line":10,"column":80}},"type":"binary-expr","locations":[{"start":{"line":10,"column":16},"end":{"line":10,"column":45}},{"start":{"line":10,"column":51},"end":{"line":10,"column":79}}]}},"s":{"0":5,"1":5,"2":5,"3":5,"4":5,"5":4,"6":4,"7":4,"8":0,"9":0,"10":0},"f":{"0":5,"1":4,"2":4,"3":0,"4":0},"b":{"0":[5,5],"1":[4,0]}}
,"D:\\Proyectos\\back end\\Node JS\\typescript\\src\\components\\role\\model\\mongodb.ts": {"path":"D:\\Proyectos\\back end\\Node JS\\typescript\\src\\components\\role\\model\\mongodb.ts","statementMap":{"0":{"start":{"line":1,"column":0},"end":{"line":1,"column":41}},"1":{"start":{"line":3,"column":0},"end":{"line":3,"column":40}},"2":{"start":{"line":5,"column":19},"end":{"line":7,"column":null}},"3":{"start":{"line":10,"column":0},"end":{"line":10,"column":42}}},"fnMap":{},"branchMap":{},"s":{"0":5,"1":5,"2":5,"3":5},"f":{},"b":{}}
,"D:\\Proyectos\\back end\\Node JS\\typescript\\src\\components\\user\\user.controller.ts": {"path":"D:\\Proyectos\\back end\\Node JS\\typescript\\src\\components\\user\\user.controller.ts","statementMap":{"0":{"start":{"line":1,"column":0},"end":{"line":1,"column":33}},"1":{"start":{"line":2,"column":0},"end":{"line":2,"column":64}},"2":{"start":{"line":5,"column":0},"end":{"line":5,"column":null}},"3":{"start":{"line":10,"column":0},"end":{"line":10,"column":41}},"4":{"start":{"line":12,"column":19},"end":{"line":12,"column":27}},"5":{"start":{"line":14,"column":28},"end":{"line":18,"column":2}},"6":{"start":{"line":14,"column":48},"end":{"line":18,"column":2}},"7":{"start":{"line":15,"column":29},"end":{"line":15,"column":56}},"8":{"start":{"line":16,"column":4},"end":{"line":16,"column":47}},"9":{"start":{"line":17,"column":4},"end":{"line":17,"column":20}},"10":{"start":{"line":20,"column":25},"end":{"line":25,"column":2}},"11":{"start":{"line":20,"column":44},"end":{"line":25,"column":2}},"12":{"start":{"line":21,"column":29},"end":{"line":21,"column":37}},"13":{"start":{"line":22,"column":26},"end":{"line":22,"column":62}},"14":{"start":{"line":23,"column":4},"end":{"line":23,"column":20}},"15":{"start":{"line":24,"column":4},"end":{"line":24,"column":19}},"16":{"start":{"line":27,"column":35},"end":{"line":32,"column":2}},"17":{"start":{"line":27,"column":54},"end":{"line":32,"column":2}},"18":{"start":{"line":28,"column":29},"end":{"line":28,"column":46}},"19":{"start":{"line":29,"column":19},"end":{"line":29,"column":61}},"20":{"start":{"line":30,"column":4},"end":{"line":30,"column":20}},"21":{"start":{"line":31,"column":4},"end":{"line":31,"column":25}},"22":{"start":{"line":34,"column":35},"end":{"line":40,"column":2}},"23":{"start":{"line":34,"column":54},"end":{"line":40,"column":2}},"24":{"start":{"line":35,"column":19},"end":{"line":35,"column":32}},"25":{"start":{"line":36,"column":38},"end":{"line":36,"column":46}},"26":{"start":{"line":37,"column":4},"end":{"line":37,"column":56}},"27":{"start":{"line":38,"column":4},"end":{"line":38,"column":20}},"28":{"start":{"line":39,"column":4},"end":{"line":39,"column":15}},"29":{"start":{"line":42,"column":26},"end":{"line":47,"column":2}},"30":{"start":{"line":42,"column":45},"end":{"line":47,"column":2}},"31":{"start":{"line":43,"column":29},"end":{"line":43,"column":37}},"32":{"start":{"line":44,"column":27},"end":{"line":44,"column":59}},"33":{"start":{"line":45,"column":4},"end":{"line":45,"column":20}},"34":{"start":{"line":46,"column":4},"end":{"line":46,"column":21}},"35":{"start":{"line":49,"column":33},"end":{"line":54,"column":2}},"36":{"start":{"line":49,"column":52},"end":{"line":54,"column":2}},"37":{"start":{"line":50,"column":26},"end":{"line":50,"column":56}},"38":{"start":{"line":51,"column":27},"end":{"line":51,"column":64}},"39":{"start":{"line":52,"column":4},"end":{"line":52,"column":20}},"40":{"start":{"line":53,"column":4},"end":{"line":53,"column":21}},"41":{"start":{"line":56,"column":34},"end":{"line":61,"column":2}},"42":{"start":{"line":56,"column":53},"end":{"line":61,"column":2}},"43":{"start":{"line":57,"column":26},"end":{"line":57,"column":56}},"44":{"start":{"line":58,"column":20},"end":{"line":58,"column":58}},"45":{"start":{"line":59,"column":4},"end":{"line":59,"column":20}},"46":{"start":{"line":60,"column":4},"end":{"line":60,"column":26}},"47":{"start":{"line":63,"column":0},"end":{"line":63,"column":40}},"48":{"start":{"line":64,"column":0},"end":{"line":64,"column":53}},"49":{"start":{"line":65,"column":0},"end":{"line":65,"column":78}},"50":{"start":{"line":66,"column":0},"end":{"line":66,"column":83}},"51":{"start":{"line":67,"column":0},"end":{"line":67,"column":60}},"52":{"start":{"line":68,"column":0},"end":{"line":68,"column":60}},"53":{"start":{"line":69,"column":0},"end":{"line":69,"column":62}},"54":{"start":{"line":71,"column":0},"end":{"line":71,"column":38}}},"fnMap":{"0":{"name":"(anonymous_8)","decl":{"start":{"line":14,"column":28},"end":{"line":14,"column":35}},"loc":{"start":{"line":14,"column":48},"end":{"line":18,"column":2}}},"1":{"name":"(anonymous_9)","decl":{"start":{"line":14,"column":48},"end":{"line":14,"column":null}},"loc":{"start":{"line":14,"column":48},"end":{"line":18,"column":1}}},"2":{"name":"(anonymous_10)","decl":{"start":{"line":20,"column":25},"end":{"line":20,"column":32}},"loc":{"start":{"line":20,"column":44},"end":{"line":25,"column":2}}},"3":{"name":"(anonymous_11)","decl":{"start":{"line":20,"column":44},"end":{"line":20,"column":null}},"loc":{"start":{"line":20,"column":44},"end":{"line":25,"column":1}}},"4":{"name":"(anonymous_12)","decl":{"start":{"line":27,"column":35},"end":{"line":27,"column":42}},"loc":{"start":{"line":27,"column":54},"end":{"line":32,"column":2}}},"5":{"name":"(anonymous_13)","decl":{"start":{"line":27,"column":54},"end":{"line":27,"column":null}},"loc":{"start":{"line":27,"column":54},"end":{"line":32,"column":1}}},"6":{"name":"(anonymous_14)","decl":{"start":{"line":34,"column":35},"end":{"line":34,"column":42}},"loc":{"start":{"line":34,"column":54},"end":{"line":40,"column":2}}},"7":{"name":"(anonymous_15)","decl":{"start":{"line":34,"column":54},"end":{"line":34,"column":null}},"loc":{"start":{"line":34,"column":54},"end":{"line":40,"column":1}}},"8":{"name":"(anonymous_16)","decl":{"start":{"line":42,"column":26},"end":{"line":42,"column":33}},"loc":{"start":{"line":42,"column":45},"end":{"line":47,"column":2}}},"9":{"name":"(anonymous_17)","decl":{"start":{"line":42,"column":45},"end":{"line":42,"column":null}},"loc":{"start":{"line":42,"column":45},"end":{"line":47,"column":1}}},"10":{"name":"(anonymous_18)","decl":{"start":{"line":49,"column":33},"end":{"line":49,"column":40}},"loc":{"start":{"line":49,"column":52},"end":{"line":54,"column":2}}},"11":{"name":"(anonymous_19)","decl":{"start":{"line":49,"column":52},"end":{"line":49,"column":null}},"loc":{"start":{"line":49,"column":52},"end":{"line":54,"column":1}}},"12":{"name":"(anonymous_20)","decl":{"start":{"line":56,"column":34},"end":{"line":56,"column":41}},"loc":{"start":{"line":56,"column":53},"end":{"line":61,"column":2}}},"13":{"name":"(anonymous_21)","decl":{"start":{"line":56,"column":53},"end":{"line":56,"column":null}},"loc":{"start":{"line":56,"column":53},"end":{"line":61,"column":1}}}},"branchMap":{"0":{"loc":{"start":{"line":16,"column":15},"end":{"line":16,"column":45}},"type":"cond-expr","locations":[{"start":{"line":16,"column":36},"end":{"line":16,"column":39}},{"start":{"line":16,"column":42},"end":{"line":16,"column":45}}]},"1":{"loc":{"start":{"line":50,"column":26},"end":{"line":50,"column":56}},"type":"binary-expr","locations":[{"start":{"line":50,"column":26},"end":{"line":50,"column":50}},{"start":{"line":50,"column":54},"end":{"line":50,"column":56}}]},"2":{"loc":{"start":{"line":57,"column":26},"end":{"line":57,"column":56}},"type":"binary-expr","locations":[{"start":{"line":57,"column":26},"end":{"line":57,"column":50}},{"start":{"line":57,"column":54},"end":{"line":57,"column":56}}]}},"s":{"0":5,"1":5,"2":5,"3":5,"4":5,"5":5,"6":2,"7":2,"8":2,"9":2,"10":5,"11":2,"12":2,"13":2,"14":1,"15":1,"16":5,"17":2,"18":2,"19":2,"20":2,"21":2,"22":5,"23":3,"24":3,"25":3,"26":3,"27":1,"28":1,"29":5,"30":3,"31":3,"32":3,"33":1,"34":1,"35":5,"36":3,"37":3,"38":3,"39":1,"40":1,"41":5,"42":3,"43":3,"44":3,"45":2,"46":2,"47":5,"48":5,"49":5,"50":5,"51":5,"52":5,"53":5,"54":5},"f":{"0":2,"1":2,"2":2,"3":2,"4":2,"5":2,"6":3,"7":3,"8":3,"9":3,"10":3,"11":3,"12":3,"13":3},"b":{"0":[1,1],"1":[3,1],"2":[3,1]}}
,"D:\\Proyectos\\back end\\Node JS\\typescript\\src\\components\\user\\user.repo.ts": {"path":"D:\\Proyectos\\back end\\Node JS\\typescript\\src\\components\\user\\user.repo.ts","statementMap":{"0":{"start":{"line":3,"column":0},"end":{"line":3,"column":40}},"1":{"start":{"line":5,"column":16},"end":{"line":7,"column":2}},"2":{"start":{"line":5,"column":27},"end":{"line":7,"column":2}},"3":{"start":{"line":6,"column":4},"end":{"line":6,"column":36}},"4":{"start":{"line":9,"column":13},"end":{"line":12,"column":2}},"5":{"start":{"line":9,"column":36},"end":{"line":12,"column":2}},"6":{"start":{"line":10,"column":19},"end":{"line":10,"column":47}},"7":{"start":{"line":11,"column":4},"end":{"line":11,"column":18}},"8":{"start":{"line":14,"column":23},"end":{"line":19,"column":2}},"9":{"start":{"line":14,"column":50},"end":{"line":19,"column":2}},"10":{"start":{"line":15,"column":19},"end":{"line":17,"column":47}},"11":{"start":{"line":18,"column":4},"end":{"line":18,"column":18}},"12":{"start":{"line":21,"column":17},"end":{"line":24,"column":2}},"13":{"start":{"line":21,"column":38},"end":{"line":24,"column":2}},"14":{"start":{"line":22,"column":19},"end":{"line":22,"column":47}},"15":{"start":{"line":23,"column":4},"end":{"line":23,"column":18}},"16":{"start":{"line":26,"column":15},"end":{"line":28,"column":2}},"17":{"start":{"line":26,"column":58},"end":{"line":28,"column":2}},"18":{"start":{"line":27,"column":4},"end":{"line":27,"column":56}},"19":{"start":{"line":30,"column":25},"end":{"line":32,"column":2}},"20":{"start":{"line":30,"column":74},"end":{"line":32,"column":2}},"21":{"start":{"line":31,"column":4},"end":{"line":31,"column":65}},"22":{"start":{"line":34,"column":0},"end":{"line":34,"column":85}}},"fnMap":{"0":{"name":"(anonymous_8)","decl":{"start":{"line":5,"column":16},"end":{"line":5,"column":25}},"loc":{"start":{"line":5,"column":27},"end":{"line":7,"column":2}}},"1":{"name":"(anonymous_9)","decl":{"start":{"line":5,"column":27},"end":{"line":5,"column":null}},"loc":{"start":{"line":5,"column":27},"end":{"line":7,"column":1}}},"2":{"name":"(anonymous_10)","decl":{"start":{"line":9,"column":13},"end":{"line":9,"column":20}},"loc":{"start":{"line":9,"column":36},"end":{"line":12,"column":2}}},"3":{"name":"(anonymous_11)","decl":{"start":{"line":9,"column":36},"end":{"line":9,"column":null}},"loc":{"start":{"line":9,"column":36},"end":{"line":12,"column":1}}},"4":{"name":"(anonymous_12)","decl":{"start":{"line":14,"column":23},"end":{"line":14,"column":30}},"loc":{"start":{"line":14,"column":50},"end":{"line":19,"column":2}}},"5":{"name":"(anonymous_13)","decl":{"start":{"line":14,"column":50},"end":{"line":14,"column":null}},"loc":{"start":{"line":14,"column":50},"end":{"line":19,"column":1}}},"6":{"name":"(anonymous_14)","decl":{"start":{"line":21,"column":17},"end":{"line":21,"column":24}},"loc":{"start":{"line":21,"column":38},"end":{"line":24,"column":2}}},"7":{"name":"(anonymous_15)","decl":{"start":{"line":21,"column":38},"end":{"line":21,"column":null}},"loc":{"start":{"line":21,"column":38},"end":{"line":24,"column":1}}},"8":{"name":"(anonymous_16)","decl":{"start":{"line":26,"column":15},"end":{"line":26,"column":22}},"loc":{"start":{"line":26,"column":58},"end":{"line":28,"column":2}}},"9":{"name":"(anonymous_17)","decl":{"start":{"line":26,"column":58},"end":{"line":26,"column":null}},"loc":{"start":{"line":26,"column":58},"end":{"line":28,"column":1}}},"10":{"name":"(anonymous_18)","decl":{"start":{"line":30,"column":25},"end":{"line":30,"column":32}},"loc":{"start":{"line":30,"column":74},"end":{"line":32,"column":2}}},"11":{"name":"(anonymous_19)","decl":{"start":{"line":30,"column":74},"end":{"line":30,"column":null}},"loc":{"start":{"line":30,"column":74},"end":{"line":32,"column":1}}}},"branchMap":{},"s":{"0":5,"1":5,"2":2,"3":2,"4":5,"5":4,"6":4,"7":2,"8":5,"9":7,"10":7,"11":7,"12":5,"13":3,"14":3,"15":2,"16":5,"17":1,"18":1,"19":5,"20":1,"21":1,"22":5},"f":{"0":2,"1":2,"2":4,"3":4,"4":7,"5":7,"6":3,"7":3,"8":1,"9":1,"10":1,"11":1},"b":{}}
,"D:\\Proyectos\\back end\\Node JS\\typescript\\src\\components\\user\\user.service.ts": {"path":"D:\\Proyectos\\back end\\Node JS\\typescript\\src\\components\\user\\user.service.ts","statementMap":{"0":{"start":{"line":1,"column":0},"end":{"line":1,"column":81}},"1":{"start":{"line":2,"column":0},"end":{"line":2,"column":55}},"2":{"start":{"line":4,"column":0},"end":{"line":4,"column":56}},"3":{"start":{"line":5,"column":0},"end":{"line":5,"column":35}},"4":{"start":{"line":6,"column":0},"end":{"line":6,"column":65}},"5":{"start":{"line":8,"column":23},"end":{"line":11,"column":1}},"6":{"start":{"line":9,"column":25},"end":{"line":9,"column":29}},"7":{"start":{"line":10,"column":4},"end":{"line":10,"column":24}},"8":{"start":{"line":13,"column":13},"end":{"line":29,"column":2}},"9":{"start":{"line":13,"column":57},"end":{"line":29,"column":2}},"10":{"start":{"line":14,"column":28},"end":{"line":14,"column":63}},"11":{"start":{"line":15,"column":29},"end":{"line":15,"column":57}},"12":{"start":{"line":17,"column":28},"end":{"line":21,"column":6}},"13":{"start":{"line":23,"column":4},"end":{"line":28,"column":null}},"14":{"start":{"line":24,"column":8},"end":{"line":24,"column":44}},"15":{"start":{"line":26,"column":24},"end":{"line":26,"column":67}},"16":{"start":{"line":27,"column":8},"end":{"line":27,"column":58}},"17":{"start":{"line":31,"column":0},"end":{"line":128,"column":2}},"18":{"start":{"line":32,"column":44},"end":{"line":35,"column":null}},"19":{"start":{"line":33,"column":24},"end":{"line":33,"column":48}},"20":{"start":{"line":34,"column":8},"end":{"line":34,"column":43}},"21":{"start":{"line":37,"column":57},"end":{"line":40,"column":null}},"22":{"start":{"line":38,"column":23},"end":{"line":38,"column":55}},"23":{"start":{"line":39,"column":8},"end":{"line":39,"column":38}},"24":{"start":{"line":42,"column":40},"end":{"line":45,"column":null}},"25":{"start":{"line":43,"column":23},"end":{"line":43,"column":57}},"26":{"start":{"line":44,"column":8},"end":{"line":44,"column":22}},"27":{"start":{"line":47,"column":65},"end":{"line":50,"column":null}},"28":{"start":{"line":48,"column":23},"end":{"line":48,"column":62}},"29":{"start":{"line":49,"column":8},"end":{"line":49,"column":31}},"30":{"start":{"line":52,"column":72},"end":{"line":69,"column":null}},"31":{"start":{"line":53,"column":21},"end":{"line":53,"column":25}},"32":{"start":{"line":54,"column":8},"end":{"line":60,"column":null}},"33":{"start":{"line":55,"column":12},"end":{"line":55,"column":53}},"34":{"start":{"line":56,"column":12},"end":{"line":56,"column":43}},"35":{"start":{"line":56,"column":25},"end":{"line":56,"column":43}},"36":{"start":{"line":58,"column":28},"end":{"line":58,"column":51}},"37":{"start":{"line":59,"column":12},"end":{"line":59,"column":63}},"38":{"start":{"line":62,"column":25},"end":{"line":62,"column":82}},"39":{"start":{"line":63,"column":8},"end":{"line":66,"column":null}},"40":{"start":{"line":64,"column":28},"end":{"line":64,"column":52}},"41":{"start":{"line":65,"column":12},"end":{"line":65,"column":66}},"42":{"start":{"line":68,"column":8},"end":{"line":68,"column":75}},"43":{"start":{"line":71,"column":35},"end":{"line":92,"column":null}},"44":{"start":{"line":72,"column":23},"end":{"line":72,"column":67}},"45":{"start":{"line":73,"column":8},"end":{"line":76,"column":null}},"46":{"start":{"line":74,"column":28},"end":{"line":74,"column":65}},"47":{"start":{"line":75,"column":12},"end":{"line":75,"column":66}},"48":{"start":{"line":78,"column":25},"end":{"line":78,"column":70}},"49":{"start":{"line":79,"column":8},"end":{"line":82,"column":null}},"50":{"start":{"line":80,"column":28},"end":{"line":80,"column":65}},"51":{"start":{"line":81,"column":12},"end":{"line":81,"column":66}},"52":{"start":{"line":84,"column":32},"end":{"line":84,"column":69}},"53":{"start":{"line":84,"column":59},"end":{"line":84,"column":68}},"54":{"start":{"line":87,"column":8},"end":{"line":91,"column":11}},"55":{"start":{"line":94,"column":49},"end":{"line":109,"column":null}},"56":{"start":{"line":95,"column":8},"end":{"line":98,"column":null}},"57":{"start":{"line":96,"column":28},"end":{"line":96,"column":51}},"58":{"start":{"line":97,"column":12},"end":{"line":97,"column":65}},"59":{"start":{"line":100,"column":8},"end":{"line":103,"column":null}},"60":{"start":{"line":101,"column":28},"end":{"line":101,"column":45}},"61":{"start":{"line":102,"column":12},"end":{"line":102,"column":66}},"62":{"start":{"line":105,"column":24},"end":{"line":105,"column":44}},"63":{"start":{"line":108,"column":8},"end":{"line":108,"column":37}},"64":{"start":{"line":111,"column":43},"end":{"line":123,"column":null}},"65":{"start":{"line":112,"column":8},"end":{"line":115,"column":null}},"66":{"start":{"line":113,"column":28},"end":{"line":113,"column":51}},"67":{"start":{"line":114,"column":12},"end":{"line":114,"column":65}},"68":{"start":{"line":117,"column":8},"end":{"line":122,"column":null}},"69":{"start":{"line":118,"column":12},"end":{"line":118,"column":26}},"70":{"start":{"line":119,"column":12},"end":{"line":119,"column":24}},"71":{"start":{"line":121,"column":12},"end":{"line":121,"column":25}},"72":{"start":{"line":125,"column":73},"end":{"line":127,"column":null}},"73":{"start":{"line":126,"column":8},"end":{"line":126,"column":82}}},"fnMap":{"0":{"name":"(anonymous_14)","decl":{"start":{"line":8,"column":23},"end":{"line":8,"column":24}},"loc":{"start":{"line":8,"column":46},"end":{"line":11,"column":1}}},"1":{"name":"(anonymous_15)","decl":{"start":{"line":13,"column":13},"end":{"line":13,"column":20}},"loc":{"start":{"line":13,"column":57},"end":{"line":29,"column":2}}},"2":{"name":"(anonymous_16)","decl":{"start":{"line":13,"column":57},"end":{"line":13,"column":null}},"loc":{"start":{"line":13,"column":57},"end":{"line":29,"column":1}}},"3":{"name":"(anonymous_17)","decl":{"start":{"line":32,"column":13},"end":{"line":32,"column":42}},"loc":{"start":{"line":32,"column":44},"end":{"line":35,"column":null}}},"4":{"name":"(anonymous_18)","decl":{"start":{"line":32,"column":44},"end":{"line":32,"column":null}},"loc":{"start":{"line":32,"column":44},"end":{"line":35,"column":5}}},"5":{"name":"(anonymous_19)","decl":{"start":{"line":37,"column":15},"end":{"line":37,"column":22}},"loc":{"start":{"line":37,"column":57},"end":{"line":40,"column":null}}},"6":{"name":"(anonymous_20)","decl":{"start":{"line":37,"column":57},"end":{"line":37,"column":null}},"loc":{"start":{"line":37,"column":57},"end":{"line":40,"column":5}}},"7":{"name":"(anonymous_21)","decl":{"start":{"line":42,"column":16},"end":{"line":42,"column":23}},"loc":{"start":{"line":42,"column":40},"end":{"line":45,"column":null}}},"8":{"name":"(anonymous_22)","decl":{"start":{"line":42,"column":40},"end":{"line":42,"column":null}},"loc":{"start":{"line":42,"column":40},"end":{"line":45,"column":5}}},"9":{"name":"(anonymous_23)","decl":{"start":{"line":47,"column":20},"end":{"line":47,"column":27}},"loc":{"start":{"line":47,"column":65},"end":{"line":50,"column":null}}},"10":{"name":"(anonymous_24)","decl":{"start":{"line":47,"column":65},"end":{"line":47,"column":null}},"loc":{"start":{"line":47,"column":65},"end":{"line":50,"column":5}}},"11":{"name":"(anonymous_25)","decl":{"start":{"line":52,"column":20},"end":{"line":52,"column":27}},"loc":{"start":{"line":52,"column":72},"end":{"line":69,"column":null}}},"12":{"name":"(anonymous_26)","decl":{"start":{"line":52,"column":72},"end":{"line":52,"column":null}},"loc":{"start":{"line":52,"column":72},"end":{"line":69,"column":5}}},"13":{"name":"(anonymous_27)","decl":{"start":{"line":71,"column":11},"end":{"line":71,"column":18}},"loc":{"start":{"line":71,"column":35},"end":{"line":92,"column":null}}},"14":{"name":"(anonymous_28)","decl":{"start":{"line":71,"column":35},"end":{"line":71,"column":null}},"loc":{"start":{"line":71,"column":35},"end":{"line":92,"column":5}}},"15":{"name":"(anonymous_29)","decl":{"start":{"line":84,"column":49},"end":{"line":84,"column":50}},"loc":{"start":{"line":84,"column":59},"end":{"line":84,"column":68}}},"16":{"name":"(anonymous_30)","decl":{"start":{"line":94,"column":18},"end":{"line":94,"column":25}},"loc":{"start":{"line":94,"column":49},"end":{"line":109,"column":null}}},"17":{"name":"(anonymous_31)","decl":{"start":{"line":94,"column":49},"end":{"line":94,"column":null}},"loc":{"start":{"line":94,"column":49},"end":{"line":109,"column":5}}},"18":{"name":"(anonymous_32)","decl":{"start":{"line":111,"column":19},"end":{"line":111,"column":26}},"loc":{"start":{"line":111,"column":43},"end":{"line":123,"column":null}}},"19":{"name":"(anonymous_33)","decl":{"start":{"line":111,"column":43},"end":{"line":111,"column":null}},"loc":{"start":{"line":111,"column":43},"end":{"line":123,"column":5}}},"20":{"name":"(anonymous_34)","decl":{"start":{"line":125,"column":20},"end":{"line":125,"column":27}},"loc":{"start":{"line":125,"column":73},"end":{"line":127,"column":null}}},"21":{"name":"(anonymous_35)","decl":{"start":{"line":125,"column":73},"end":{"line":125,"column":null}},"loc":{"start":{"line":125,"column":73},"end":{"line":127,"column":5}}}},"branchMap":{"0":{"loc":{"start":{"line":56,"column":12},"end":{"line":56,"column":43}},"type":"if","locations":[{"start":{"line":56,"column":12},"end":{"line":56,"column":43}}]},"1":{"loc":{"start":{"line":63,"column":8},"end":{"line":66,"column":null}},"type":"if","locations":[{"start":{"line":63,"column":8},"end":{"line":66,"column":null}}]},"2":{"loc":{"start":{"line":73,"column":8},"end":{"line":76,"column":null}},"type":"if","locations":[{"start":{"line":73,"column":8},"end":{"line":76,"column":null}}]},"3":{"loc":{"start":{"line":79,"column":8},"end":{"line":82,"column":null}},"type":"if","locations":[{"start":{"line":79,"column":8},"end":{"line":82,"column":null}}]},"4":{"loc":{"start":{"line":95,"column":8},"end":{"line":98,"column":null}},"type":"if","locations":[{"start":{"line":95,"column":8},"end":{"line":98,"column":null}}]},"5":{"loc":{"start":{"line":100,"column":8},"end":{"line":103,"column":null}},"type":"if","locations":[{"start":{"line":100,"column":8},"end":{"line":103,"column":null}}]},"6":{"loc":{"start":{"line":112,"column":8},"end":{"line":115,"column":null}},"type":"if","locations":[{"start":{"line":112,"column":8},"end":{"line":115,"column":null}}]}},"s":{"0":5,"1":5,"2":5,"3":5,"4":5,"5":5,"6":2,"7":2,"8":5,"9":4,"10":4,"11":4,"12":4,"13":4,"14":4,"15":2,"16":2,"17":5,"18":2,"19":2,"20":2,"21":2,"22":2,"23":1,"24":2,"25":2,"26":1,"27":4,"28":4,"29":4,"30":3,"31":3,"32":3,"33":3,"34":2,"35":0,"36":1,"37":1,"38":2,"39":2,"40":1,"41":1,"42":1,"43":3,"44":3,"45":3,"46":1,"47":1,"48":2,"49":2,"50":1,"51":1,"52":1,"53":1,"54":1,"55":3,"56":3,"57":1,"58":1,"59":2,"60":1,"61":1,"62":1,"63":1,"64":3,"65":3,"66":1,"67":1,"68":2,"69":2,"70":1,"71":1,"72":1,"73":1},"f":{"0":2,"1":4,"2":4,"3":2,"4":2,"5":2,"6":2,"7":2,"8":2,"9":4,"10":4,"11":3,"12":3,"13":3,"14":3,"15":1,"16":3,"17":3,"18":3,"19":3,"20":1,"21":1},"b":{"0":[0],"1":[1],"2":[1],"3":[1],"4":[1],"5":[1],"6":[1]}}
[...]
:\\Proyectos\\back end\\Node JS\\typescript\\src\\tests\\app-fabric.ts": {"path":"D:\\Proyectos\\back end\\Node JS\\typescript\\src\\tests\\app-fabric.ts","statementMap":{"0":{"start":{"line":1,"column":0},"end":{"line":1,"column":38}},"1":{"start":{"line":2,"column":0},"end":{"line":2,"column":33}},"2":{"start":{"line":3,"column":0},"end":{"line":3,"column":44}},"3":{"start":{"line":4,"column":0},"end":{"line":4,"column":56}},"4":{"start":{"line":5,"column":0},"end":{"line":5,"column":52}},"5":{"start":{"line":6,"column":0},"end":{"line":6,"column":57}},"6":{"start":{"line":7,"column":0},"end":{"line":7,"column":57}},"7":{"start":{"line":8,"column":0},"end":{"line":8,"column":65}},"8":{"start":{"line":9,"column":0},"end":{"line":9,"column":63}},"9":{"start":{"line":10,"column":0},"end":{"line":10,"column":63}},"10":{"start":{"line":11,"column":0},"end":{"line":11,"column":65}},"11":{"start":{"line":12,"column":0},"end":{"line":12,"column":65}},"12":{"start":{"line":14,"column":11},"end":{"line":14,"column":37}},"13":{"start":{"line":14,"column":17},"end":{"line":14,"column":37}},"14":{"start":{"line":16,"column":26},"end":{"line":19,"column":2}},"15":{"start":{"line":16,"column":74},"end":{"line":19,"column":2}},"16":{"start":{"line":17,"column":17},"end":{"line":17,"column":35}},"17":{"start":{"line":18,"column":4},"end":{"line":18,"column":77}},"18":{"start":{"line":16,"column":13},"end":{"line":16,"column":26}},"19":{"start":{"line":21,"column":26},"end":{"line":31,"column":2}},"20":{"start":{"line":21,"column":79},"end":{"line":31,"column":2}},"21":{"start":{"line":22,"column":21},"end":{"line":22,"column":26}},"22":{"start":{"line":23,"column":25},"end":{"line":23,"column":48}},"23":{"start":{"line":24,"column":17},"end":{"line":28,"column":6}},"24":{"start":{"line":29,"column":30},"end":{"line":29,"column":58}},"25":{"start":{"line":30,"column":4},"end":{"line":30,"column":39}},"26":{"start":{"line":21,"column":13},"end":{"line":21,"column":26}},"27":{"start":{"line":33,"column":26},"end":{"line":41,"column":2}},"28":{"start":{"line":33,"column":61},"end":{"line":41,"column":2}},"29":{"start":{"line":34,"column":26},"end":{"line":34,"column":51}},"30":{"start":{"line":35,"column":18},"end":{"line":35,"column":50}},"31":{"start":{"line":36,"column":20},"end":{"line":36,"column":49}},"32":{"start":{"line":36,"column":40},"end":{"line":36,"column":48}},"33":{"start":{"line":38,"column":38},"end":{"line":38,"column":67}},"34":{"start":{"line":40,"column":4},"end":{"line":40,"column":32}},"35":{"start":{"line":43,"column":35},"end":{"line":53,"column":2}},"36":{"start":{"line":43,"column":70},"end":{"line":53,"column":2}},"37":{"start":{"line":44,"column":33},"end":{"line":44,"column":70}},"38":{"start":{"line":45,"column":18},"end":{"line":45,"column":58}},"39":{"start":{"line":45,"column":42},"end":{"line":45,"column":57}},"40":{"start":{"line":46,"column":27},"end":{"line":50,"column":6}},"41":{"start":{"line":51,"column":18},"end":{"line":51,"column":68}},"42":{"start":{"line":52,"column":4},"end":{"line":52,"column":39}},"43":{"start":{"line":43,"column":13},"end":{"line":43,"column":35}},"44":{"start":{"line":55,"column":30},"end":{"line":61,"column":2}},"45":{"start":{"line":55,"column":76},"end":{"line":61,"column":2}},"46":{"start":{"line":56,"column":21},"end":{"line":56,"column":43}},"47":{"start":{"line":57,"column":4},"end":{"line":60,"column":6}},"48":{"start":{"line":55,"column":13},"end":{"line":55,"column":30}},"49":{"start":{"line":63,"column":29},"end":{"line":75,"column":2}},"50":{"start":{"line":65,"column":4},"end":{"line":75,"column":2}},"51":{"start":{"line":66,"column":20},"end":{"line":73,"column":6}},"52":{"start":{"line":74,"column":4},"end":{"line":74,"column":46}},"53":{"start":{"line":63,"column":13},"end":{"line":63,"column":29}},"54":{"start":{"line":77,"column":29},"end":{"line":82,"column":2}},"55":{"start":{"line":77,"column":68},"end":{"line":82,"column":2}},"56":{"start":{"line":78,"column":20},"end":{"line":78,"column":41}},"57":{"start":{"line":79,"column":4},"end":{"line":81,"column":6}},"58":{"start":{"line":77,"column":13},"end":{"line":77,"column":29}},"59":{"start":{"line":84,"column":30},"end":{"line":97,"column":2}},"60":{"start":{"line":86,"column":4},"end":{"line":97,"column":2}},"61":{"start":{"line":87,"column":21},"end":{"line":95,"column":6}},"62":{"start":{"line":96,"column":4},"end":{"line":96,"column":48}},"63":{"start":{"line":84,"column":13},"end":{"line":84,"column":30}}},"fnMap":{"0":{"name":"(anonymous_8)","decl":{"start":{"line":14,"column":11},"end":{"line":14,"column":14}},"loc":{"start":{"line":14,"column":17},"end":{"line":14,"column":37}}},"1":{"name":"(anonymous_9)","decl":{"start":{"line":16,"column":26},"end":{"line":16,"column":33}},"loc":{"start":{"line":16,"column":74},"end":{"line":19,"column":2}}},"2":{"name":"(anonymous_10)","decl":{"start":{"line":16,"column":74},"end":{"line":16,"column":null}},"loc":{"start":{"line":16,"column":74},"end":{"line":19,"column":1}}},"3":{"name":"(anonymous_11)","decl":{"start":{"line":21,"column":26},"end":{"line":21,"column":33}},"loc":{"start":{"line":21,"column":79},"end":{"line":31,"column":2}}},"4":{"name":"(anonymous_12)","decl":{"start":{"line":21,"column":79},"end":{"line":21,"column":null}},"loc":{"start":{"line":21,"column":79},"end":{"line":31,"column":1}}},"5":{"name":"(anonymous_13)","decl":{"start":{"line":33,"column":26},"end":{"line":33,"column":33}},"loc":{"start":{"line":33,"column":61},"end":{"line":41,"column":2}}},"6":{"name":"(anonymous_14)","decl":{"start":{"line":33,"column":61},"end":{"line":33,"column":null}},"loc":{"start":{"line":33,"column":61},"end":{"line":41,"column":1}}},"7":{"name":"(anonymous_15)","decl":{"start":{"line":36,"column":30},"end":{"line":36,"column":31}},"loc":{"start":{"line":36,"column":40},"end":{"line":36,"column":48}}},"8":{"name":"(anonymous_16)","decl":{"start":{"line":43,"column":35},"end":{"line":43,"column":42}},"loc":{"start":{"line":43,"column":70},"end":{"line":53,"column":2}}},"9":{"name":"(anonymous_17)","decl":{"start":{"line":43,"column":70},"end":{"line":43,"column":null}},"loc":{"start":{"line":43,"column":70},"end":{"line":53,"column":1}}},"10":{"name":"(anonymous_18)","decl":{"start":{"line":45,"column":32},"end":{"line":45,"column":33}},"loc":{"start":{"line":45,"column":42},"end":{"line":45,"column":57}}},"11":{"name":"(anonymous_19)","decl":{"start":{"line":55,"column":30},"end":{"line":55,"column":37}},"loc":{"start":{"line":55,"column":76},"end":{"line":61,"column":2}}},"12":{"name":"(anonymous_20)","decl":{"start":{"line":55,"column":76},"end":{"line":55,"column":null}},"loc":{"start":{"line":55,"column":76},"end":{"line":61,"column":1}}},"13":{"name":"(anonymous_21)","decl":{"start":{"line":63,"column":29},"end":{"line":63,"column":null}},"loc":{"start":{"line":65,"column":4},"end":{"line":75,"column":2}}},"14":{"name":"(anonymous_22)","decl":{"start":{"line":65,"column":4},"end":{"line":65,"column":null}},"loc":{"start":{"line":65,"column":4},"end":{"line":75,"column":1}}},"15":{"name":"(anonymous_23)","decl":{"start":{"line":77,"column":29},"end":{"line":77,"column":36}},"loc":{"start":{"line":77,"column":68},"end":{"line":82,"column":2}}},"16":{"name":"(anonymous_24)","decl":{"start":{"line":77,"column":68},"end":{"line":77,"column":null}},"loc":{"start":{"line":77,"column":68},"end":{"line":82,"column":1}}},"17":{"name":"(anonymous_25)","decl":{"start":{"line":84,"column":30},"end":{"line":84,"column":null}},"loc":{"start":{"line":86,"column":4},"end":{"line":97,"column":2}}},"18":{"name":"(anonymous_26)","decl":{"start":{"line":86,"column":4},"end":{"line":86,"column":null}},"loc":{"start":{"line":86,"column":4},"end":{"line":97,"column":1}}}},"branchMap":{"0":{"loc":{"start":{"line":16,"column":33},"end":{"line":16,"column":70}},"type":"default-arg","locations":[{"start":{"line":16,"column":54},"end":{"line":16,"column":70}}]},"1":{"loc":{"start":{"line":18,"column":11},"end":{"line":18,"column":76}},"type":"binary-expr","locations":[{"start":{"line":18,"column":12},"end":{"line":18,"column":41}},{"start":{"line":18,"column":47},"end":{"line":18,"column":75}}]},"2":{"loc":{"start":{"line":21,"column":33},"end":{"line":21,"column":75}},"type":"default-arg","locations":[{"start":{"line":21,"column":56},"end":{"line":21,"column":75}}]},"3":{"loc":{"start":{"line":21,"column":35},"end":{"line":21,"column":51}},"type":"default-arg","locations":[{"start":{"line":21,"column":45},"end":{"line":21,"column":51}}]},"4":{"loc":{"start":{"line":55,"column":37},"end":{"line":55,"column":72}},"type":"default-arg","locations":[{"start":{"line":55,"column":60},"end":{"line":55,"column":72}}]},"5":{"loc":{"start":{"line":58,"column":8},"end":{"line":59,"column":46}},"type":"binary-expr","locations":[{"start":{"line":58,"column":9},"end":{"line":58,"column":46}},{"start":{"line":59,"column":9},"end":{"line":59,"column":45}}]},"6":{"loc":{"start":{"line":64,"column":4},"end":{"line":64,"column":48}},"type":"default-arg","locations":[{"start":{"line":64,"column":28},"end":{"line":64,"column":48}}]},"7":{"loc":{"start":{"line":64,"column":6},"end":{"line":64,"column":23}},"type":"default-arg","locations":[{"start":{"line":64,"column":19},"end":{"line":64,"column":23}}]},"8":{"loc":{"start":{"line":77,"column":36},"end":{"line":77,"column":64}},"type":"default-arg","locations":[{"start":{"line":77,"column":58},"end":{"line":77,"column":64}}]},"9":{"loc":{"start":{"line":80,"column":8},"end":{"line":80,"column":85}},"type":"binary-expr","locations":[{"start":{"line":80,"column":9},"end":{"line":80,"column":44}},{"start":{"line":80,"column":50},"end":{"line":80,"column":84}}]},"10":{"loc":{"start":{"line":85,"column":4},"end":{"line":85,"column":75}},"type":"default-arg","locations":[{"start":{"line":85,"column":42},"end":{"line":85,"column":75}}]},"11":{"loc":{"start":{"line":85,"column":6},"end":{"line":85,"column":19}},"type":"default-arg","locations":[{"start":{"line":85,"column":15},"end":{"line":85,"column":19}}]},"12":{"loc":{"start":{"line":85,"column":21},"end":{"line":85,"column":37}},"type":"default-arg","locations":[{"start":{"line":85,"column":33},"end":{"line":85,"column":37}}]}},"s":{"0":5,"1":5,"2":5,"3":5,"4":5,"5":5,"6":5,"7":5,"8":5,"9":5,"10":5,"11":5,"12":5,"13":28,"14":5,"15":3,"16":3,"17":3,"18":5,"19":5,"20":15,"21":15,"22":15,"23":15,"24":15,"25":15,"26":5,"27":5,"28":2,"29":2,"30":2,"31":2,"32":2,"33":2,"34":2,"35":5,"36":2,"37":2,"38":2,"39":2,"40":2,"41":2,"42":2,"43":5,"44":5,"45":4,"46":4,"47":4,"48":5,"49":5,"50":7,"51":7,"52":7,"53":5,"54":5,"55":4,"56":4,"57":4,"58":5,"59":5,"60":9,"61":9,"62":9,"63":5},"f":{"0":28,"1":3,"2":3,"3":15,"4":15,"5":2,"6":2,"7":2,"8":2,"9":2,"10":2,"11":4,"12":4,"13":7,"14":7,"15":4,"16":4,"17":9,"18":9},"b":{"0":[1],"1":[3,0],"2":[12],"3":[0],"4":[4],"5":[4,1],"6":[5],"7":[0],"8":[4],"9":[4,1],"10":[5],"11":[0],"12":[1]}}
,"D:\\Proyectos\\back end\\Node JS\\typescript\\src\\utils\\controller.ts": {"path":"D:\\Proyectos\\back end\\Node JS\\typescript\\src\\utils\\controller.ts","statementMap":{"0":{"start":{"line":6,"column":4},"end":{"line":12,"column":6}},"1":{"start":{"line":6,"column":24},"end":{"line":12,"column":6}},"2":{"start":{"line":6,"column":82},"end":{"line":12,"column":6}},"3":{"start":{"line":7,"column":8},"end":{"line":11,"column":null}},"4":{"start":{"line":8,"column":12},"end":{"line":8,"column":31}},"5":{"start":{"line":10,"column":12},"end":{"line":10,"column":24}},"6":{"start":{"line":5,"column":13},"end":{"line":5,"column":null}}},"fnMap":{"0":{"name":"(anonymous_7)","decl":{"start":{"line":6,"column":4},"end":{"line":6,"column":5}},"loc":{"start":{"line":6,"column":24},"end":{"line":12,"column":6}}},"1":{"name":"(anonymous_8)","decl":{"start":{"line":6,"column":24},"end":{"line":6,"column":31}},"loc":{"start":{"line":6,"column":82},"end":{"line":12,"column":6}}},"2":{"name":"(anonymous_9)","decl":{"start":{"line":6,"column":82},"end":{"line":6,"column":null}},"loc":{"start":{"line":6,"column":82},"end":{"line":12,"column":5}}}},"branchMap":{},"s":{"0":5,"1":95,"2":51,"3":51,"4":51,"5":19,"6":5},"f":{"0":95,"1":51,"2":51},"b":{}}
,"D:\\Proyectos\\back end\\Node JS\\typescript\\src\\utils\\jwt.ts": {"path":"D:\\Proyectos\\back end\\Node JS\\typescript\\src\\utils\\jwt.ts","statementMap":{"0":{"start":{"line":1,"column":0},"end":{"line":1,"column":40}},"1":{"start":{"line":2,"column":0},"end":{"line":2,"column":28}},"2":{"start":{"line":3,"column":0},"end":{"line":3,"column":78}},"3":{"start":{"line":5,"column":0},"end":{"line":5,"column":16}},"4":{"start":{"line":6,"column":23},"end":{"line":6,"column":54}},"5":{"start":{"line":8,"column":4},"end":{"line":8,"column":53}},"6":{"start":{"line":9,"column":15},"end":{"line":9,"column":24}},"7":{"start":{"line":10,"column":15},"end":{"line":10,"column":24}},"8":{"start":{"line":23,"column":20},"end":{"line":29,"column":1}},"9":{"start":{"line":24,"column":22},"end":{"line":24,"column":78}},"10":{"start":{"line":25,"column":20},"end":{"line":25,"column":36}},"11":{"start":{"line":26,"column":19},"end":{"line":26,"column":25}},"12":{"start":{"line":28,"column":4},"end":{"line":28,"column":78}},"13":{"start":{"line":31,"column":28},"end":{"line":35,"column":1}},"14":{"start":{"line":32,"column":24},"end":{"line":32,"column":44}},"15":{"start":{"line":33,"column":25},"end":{"line":33,"column":51}},"16":{"start":{"line":34,"column":4},"end":{"line":34,"column":70}},"17":{"start":{"line":31,"column":13},"end":{"line":31,"column":28}},"18":{"start":{"line":37,"column":24},"end":{"line":40,"column":39}},"19":{"start":{"line":38,"column":4},"end":{"line":40,"column":39}},"20":{"start":{"line":37,"column":13},"end":{"line":37,"column":24}},"21":{"start":{"line":42,"column":22},"end":{"line":59,"column":1}},"22":{"start":{"line":43,"column":4},"end":{"line":45,"column":null}},"23":{"start":{"line":44,"column":8},"end":{"line":44,"column":77}},"24":{"start":{"line":46,"column":4},"end":{"line":58,"column":null}},"25":{"start":{"line":47,"column":22},"end":{"line":47,"column":58}},"26":{"start":{"line":48,"column":21},"end":{"line":48,"column":66}},"27":{"start":{"line":50,"column":8},"end":{"line":52,"column":null}},"28":{"start":{"line":51,"column":12},"end":{"line":51,"column":57}},"29":{"start":{"line":54,"column":8},"end":{"line":54,"column":75}},"30":{"start":{"line":56,"column":24},"end":{"line":56,"column":50}},"31":{"start":{"line":57,"column":8},"end":{"line":57,"column":62}},"32":{"start":{"line":42,"column":13},"end":{"line":42,"column":22}}},"fnMap":{"0":{"name":"(anonymous_1)","decl":{"start":{"line":23,"column":20},"end":{"line":23,"column":21}},"loc":{"start":{"line":23,"column":73},"end":{"line":29,"column":1}}},"1":{"name":"(anonymous_2)","decl":{"start":{"line":31,"column":28},"end":{"line":31,"column":29}},"loc":{"start":{"line":31,"column":57},"end":{"line":35,"column":1}}},"2":{"name":"(anonymous_3)","decl":{"start":{"line":37,"column":24},"end":{"line":37,"column":25}},"loc":{"start":{"line":38,"column":4},"end":{"line":40,"column":39}}},"3":{"name":"(anonymous_4)","decl":{"start":{"line":42,"column":22},"end":{"line":42,"column":23}},"loc":{"start":{"line":42,"column":55},"end":{"line":59,"column":1}}}},"branchMap":{"0":{"loc":{"start":{"line":6,"column":23},"end":{"line":6,"column":54}},"type":"binary-expr","locations":[{"start":{"line":6,"column":23},"end":{"line":6,"column":41}},{"start":{"line":6,"column":45},"end":{"line":6,"column":54}}]},"1":{"loc":{"start":{"line":8,"column":4},"end":{"line":8,"column":53}},"type":"binary-expr","locations":[{"start":{"line":8,"column":4},"end":{"line":8,"column":43}},{"start":{"line":8,"column":47},"end":{"line":8,"column":53}}]},"2":{"loc":{"start":{"line":23,"column":39},"end":{"line":23,"column":69}},"type":"default-arg","locations":[{"start":{"line":23,"column":68},"end":{"line":23,"column":69}}]},"3":{"loc":{"start":{"line":38,"column":4},"end":{"line":40,"column":39}},"type":"binary-expr","locations":[{"start":{"line":38,"column":4},"end":{"line":38,"column":24}},{"start":{"line":39,"column":4},"end":{"line":39,"column":48}},{"start":{"line":40,"column":4},"end":{"line":40,"column":39}}]},"4":{"loc":{"start":{"line":43,"column":4},"end":{"line":45,"column":null}},"type":"if","locations":[{"start":{"line":43,"column":4},"end":{"line":45,"column":null}}]},"5":{"loc":{"start":{"line":50,"column":8},"end":{"line":52,"column":null}},"type":"if","locations":[{"start":{"line":50,"column":8},"end":{"line":52,"column":null}}]},"6":{"loc":{"start":{"line":50,"column":12},"end":{"line":50,"column":53}},"type":"binary-expr","locations":[{"start":{"line":50,"column":12},"end":{"line":50,"column":20}},{"start":{"line":50,"column":24},"end":{"line":50,"column":38}},{"start":{"line":50,"column":42},"end":{"line":50,"column":53}}]}},"s":{"0":5,"1":5,"2":5,"3":5,"4":5,"5":5,"6":5,"7":5,"8":5,"9":8,"10":8,"11":8,"12":8,"13":5,"14":4,"15":4,"16":4,"17":5,"18":5,"19":11,"20":5,"21":5,"22":5,"23":1,"24":4,"25":4,"26":4,"27":4,"28":0,"29":4,"30":0,"31":0,"32":5},"f":{"0":8,"1":4,"2":11,"3":5},"b":{"0":[5,0],"1":[5,0],"2":[4],"3":[11,11,11],"4":[1],"5":[0],"6":[4,4,4]}}
,"D:\\Proyectos\\back end\\Node JS\\typescript\\src\\utils\\password.ts": {"path":"D:\\Proyectos\\back end\\Node JS\\typescript\\src\\utils\\password.ts","statementMap":{"0":{"start":{"line":1,"column":0},"end":{"line":1,"column":28}},"1":{"start":{"line":3,"column":19},"end":{"line":3,"column":21}},"2":{"start":{"line":5,"column":23},"end":{"line":8,"column":2}},"3":{"start":{"line":5,"column":50},"end":{"line":8,"column":2}},"4":{"start":{"line":6,"column":25},"end":{"line":6,"column":64}},"5":{"start":{"line":7,"column":4},"end":{"line":7,"column":24}},"6":{"start":{"line":5,"column":13},"end":{"line":5,"column":23}},"7":{"start":{"line":10,"column":23},"end":{"line":13,"column":2}},"8":{"start":{"line":10,"column":72},"end":{"line":13,"column":2}},"9":{"start":{"line":11,"column":20},"end":{"line":11,"column":64}},"10":{"start":{"line":12,"column":4},"end":{"line":12,"column":19}},"11":{"start":{"line":10,"column":13},"end":{"line":10,"column":23}}},"fnMap":{"0":{"name":"(anonymous_8)","decl":{"start":{"line":5,"column":23},"end":{"line":5,"column":30}},"loc":{"start":{"line":5,"column":50},"end":{"line":8,"column":2}}},"1":{"name":"(anonymous_9)","decl":{"start":{"line":5,"column":50},"end":{"line":5,"column":null}},"loc":{"start":{"line":5,"column":50},"end":{"line":8,"column":1}}},"2":{"name":"(anonymous_10)","decl":{"start":{"line":10,"column":23},"end":{"line":10,"column":30}},"loc":{"start":{"line":10,"column":72},"end":{"line":13,"column":2}}},"3":{"name":"(anonymous_11)","decl":{"start":{"line":10,"column":72},"end":{"line":10,"column":null}},"loc":{"start":{"line":10,"column":72},"end":{"line":13,"column":1}}}},"branchMap":{},"s":{"0":5,"1":5,"2":5,"3":19,"4":19,"5":19,"6":5,"7":5,"8":4,"9":4,"10":4,"11":5},"f":{"0":19,"1":19,"2":4,"3":4},"b":{}}
,"D:\\Proyectos\\back end\\Node JS\\typescript\\src\\utils\\validator.ts": {"path":"D:\\Proyectos\\back end\\Node JS\\typescript\\src\\utils\\validator.ts","statementMap":{"0":{"start":{"line":2,"column":0},"end":{"line":2,"column":53}},"1":{"start":{"line":4,"column":31},"end":{"line":16,"column":1}},"2":{"start":{"line":9,"column":4},"end":{"line":15,"column":null}},"3":{"start":{"line":10,"column":8},"end":{"line":10,"column":38}},"4":{"start":{"line":11,"column":8},"end":{"line":11,"column":15}},"5":{"start":{"line":13,"column":22},"end":{"line":13,"column":30}},"6":{"start":{"line":14,"column":8},"end":{"line":14,"column":20}},"7":{"start":{"line":4,"column":13},"end":{"line":4,"column":31}}},"fnMap":{"0":{"name":"(anonymous_0)","decl":{"start":{"line":4,"column":31},"end":{"line":4,"column":null}},"loc":{"start":{"line":8,"column":4},"end":{"line":16,"column":1}}}},"branchMap":{},"s":{"0":5,"1":5,"2":36,"3":36,"4":21,"5":15,"6":15,"7":5},"f":{"0":36},"b":{}}
}
