TN:
SF:app.ts
FN:25,(anonymous_1)
FNF:1
FNH:1
FNDA:1,(anonymous_1)
DA:1,1
DA:2,1
DA:3,1
DA:4,1
DA:5,1
DA:6,1
DA:7,1
DA:10,1
DA:11,1
DA:12,1
DA:15,1
DA:17,1
DA:19,1
DA:21,1
DA:22,1
DA:24,1
DA:25,1
DA:26,1
DA:29,1
LF:19
LH:19
BRDA:12,0,0,1
BRDA:12,0,1,0
BRF:2
BRH:1
end_of_record
TN:
SF:config\mongodb.ts
FN:3,(anonymous_0)
FN:10,(anonymous_1)
FNF:2
FNH:2
FNDA:1,(anonymous_0)
FNDA:1,(anonymous_1)
DA:1,1
DA:3,1
DA:4,1
DA:5,1
DA:7,1
DA:11,1
DA:12,1
DA:14,0
LF:8
LH:7
BRDA:5,0,0,1
BRDA:5,0,1,0
BRDA:11,1,0,1
BRDA:11,1,1,0
BRF:4
BRH:2
end_of_record
TN:
SF:src\components\role\role.repo.ts
FN:3,(anonymous_8)
FN:8,(anonymous_9)
FN:8,(anonymous_10)
FN:12,(anonymous_11)
FN:12,(anonymous_12)
FNF:5
FNH:5
FNDA:1,(anonymous_8)
FNDA:2,(anonymous_9)
FNDA:2,(anonymous_10)
FNDA:1,(anonymous_11)
FNDA:1,(anonymous_12)
DA:1,1
DA:3,1
DA:4,1
DA:5,1
DA:7,1
DA:8,2
DA:9,2
DA:10,2
DA:12,1
DA:13,1
DA:14,1
LF:11
LH:11
BRDA:3,0,0,1
BRDA:3,0,1,1
BRDA:10,1,0,2
BRDA:10,1,1,0
BRF:4
BRH:3
end_of_record
TN:
SF:src\components\role\model\mongodb.ts
FNF:0
FNH:0
DA:1,1
DA:2,1
DA:4,1
DA:9,1
LF:4
LH:4
BRF:0
BRH:0
end_of_record
TN:
SF:src\components\user\user.controller.ts
FN:14,(anonymous_8)
FN:14,(anonymous_9)
FN:20,(anonymous_10)
FN:20,(anonymous_11)
FN:27,(anonymous_12)
FN:27,(anonymous_13)
FN:34,(anonymous_14)
FN:34,(anonymous_15)
FN:42,(anonymous_16)
FN:42,(anonymous_17)
FN:49,(anonymous_18)
FN:49,(anonymous_19)
FN:56,(anonymous_20)
FN:56,(anonymous_21)
FNF:14
FNH:14
FNDA:2,(anonymous_8)
FNDA:2,(anonymous_9)
FNDA:2,(anonymous_10)
FNDA:2,(anonymous_11)
FNDA:2,(anonymous_12)
FNDA:2,(anonymous_13)
FNDA:3,(anonymous_14)
FNDA:3,(anonymous_15)
FNDA:3,(anonymous_16)
FNDA:3,(anonymous_17)
FNDA:3,(anonymous_18)
FNDA:3,(anonymous_19)
FNDA:3,(anonymous_20)
FNDA:3,(anonymous_21)
DA:1,1
DA:2,1
DA:5,1
DA:10,1
DA:12,1
DA:14,2
DA:15,2
DA:16,2
DA:17,2
DA:20,2
DA:21,2
DA:22,2
DA:23,1
DA:24,1
DA:27,2
DA:28,2
DA:29,2
DA:30,2
DA:31,2
DA:34,3
DA:35,3
DA:36,3
DA:37,3
DA:38,1
DA:39,1
DA:42,3
DA:43,3
DA:44,3
DA:45,1
DA:46,1
DA:49,3
DA:50,3
DA:51,3
DA:52,1
DA:53,1
DA:56,3
DA:57,3
DA:58,3
DA:59,2
DA:60,2
DA:63,1
DA:64,1
DA:65,1
DA:66,1
DA:67,1
DA:68,1
DA:69,1
DA:71,1
LF:48
LH:48
BRDA:16,0,0,1
BRDA:16,0,1,1
BRDA:50,1,0,3
BRDA:50,1,1,1
BRDA:57,2,0,3
BRDA:57,2,1,1
BRF:6
BRH:6
end_of_record
TN:
SF:src\components\user\user.repo.ts
FN:4,(anonymous_8)
FN:4,(anonymous_9)
FN:8,(anonymous_10)
FN:8,(anonymous_11)
FN:13,(anonymous_12)
FN:13,(anonymous_13)
FN:18,(anonymous_14)
FN:18,(anonymous_15)
FN:23,(anonymous_16)
FN:23,(anonymous_17)
FNF:10
FNH:10
FNDA:2,(anonymous_8)
FNDA:2,(anonymous_9)
FNDA:2,(anonymous_10)
FNDA:2,(anonymous_11)
FNDA:5,(anonymous_12)
FNDA:5,(anonymous_13)
FNDA:3,(anonymous_14)
FNDA:3,(anonymous_15)
FNDA:1,(anonymous_16)
FNDA:1,(anonymous_17)
DA:2,1
DA:4,2
DA:5,2
DA:8,2
DA:9,2
DA:10,1
DA:13,5
DA:14,5
DA:15,5
DA:18,3
DA:19,3
DA:20,2
DA:23,1
DA:24,1
DA:27,1
LF:15
LH:15
BRF:0
BRH:0
end_of_record
TN:
SF:src\components\user\user.service.ts
FN:8,(anonymous_14)
FN:8,(anonymous_15)
FN:29,(anonymous_16)
FN:29,(anonymous_17)
FN:34,(anonymous_18)
FN:34,(anonymous_19)
FN:36,(anonymous_20)
FN:43,(anonymous_21)
FN:43,(anonymous_22)
FN:47,(anonymous_23)
FN:47,(anonymous_24)
FN:52,(anonymous_25)
FN:52,(anonymous_26)
FN:71,(anonymous_27)
FN:71,(anonymous_28)
FN:99,(anonymous_29)
FN:99,(anonymous_30)
FN:116,(anonymous_31)
FN:116,(anonymous_32)
FNF:19
FNH:17
FNDA:2,(anonymous_14)
FNDA:2,(anonymous_15)
FNDA:0,(anonymous_16)
FNDA:0,(anonymous_17)
FNDA:2,(anonymous_18)
FNDA:2,(anonymous_19)
FNDA:1,(anonymous_20)
FNDA:2,(anonymous_21)
FNDA:2,(anonymous_22)
FNDA:2,(anonymous_23)
FNDA:2,(anonymous_24)
FNDA:3,(anonymous_25)
FNDA:3,(anonymous_26)
FNDA:3,(anonymous_27)
FNDA:3,(anonymous_28)
FNDA:3,(anonymous_29)
FNDA:3,(anonymous_30)
FNDA:3,(anonymous_31)
FNDA:3,(anonymous_32)
DA:1,1
DA:2,1
DA:4,1
DA:5,1
DA:6,1
DA:8,2
DA:9,2
DA:11,2
DA:13,2
DA:19,2
DA:20,2
DA:21,1
DA:22,1
DA:24,1
DA:25,1
DA:29,1
DA:30,0
DA:33,1
DA:34,2
DA:35,2
DA:36,2
DA:37,1
DA:38,1
DA:40,2
DA:43,2
DA:44,2
DA:47,2
DA:48,2
DA:49,2
DA:52,3
DA:53,3
DA:54,3
DA:55,3
DA:56,2
DA:58,1
DA:59,1
DA:62,2
DA:63,2
DA:64,1
DA:65,1
DA:68,1
DA:71,3
DA:72,3
DA:73,3
DA:74,1
DA:75,1
DA:78,2
DA:79,2
DA:80,1
DA:81,1
DA:84,1
DA:85,1
DA:86,1
DA:87,1
DA:88,1
DA:92,1
DA:99,3
DA:100,3
DA:101,1
DA:102,1
DA:105,2
DA:106,1
DA:107,1
DA:110,1
DA:113,1
DA:116,3
DA:117,3
DA:118,1
DA:119,1
DA:122,2
DA:123,2
DA:124,1
DA:126,1
LF:73
LH:72
BRDA:56,0,0,0
BRDA:63,1,0,1
BRDA:73,2,0,1
BRDA:79,3,0,1
BRDA:87,4,0,1
BRDA:87,4,1,0
BRDA:87,5,0,0
BRDA:87,5,1,1
BRDA:87,6,0,1
BRDA:87,6,1,1
BRDA:100,7,0,1
BRDA:105,8,0,1
BRDA:117,9,0,1
BRF:13
BRH:10
end_of_record
TN:
SF:src\components\user\dto\validator.ts
FNF:0
FNH:0
DA:1,1
DA:2,1
DA:4,1
DA:9,1
DA:14,1
LF:5
LH:5
BRF:0
BRH:0
end_of_record
TN:
SF:src\components\user\model\mongodb.ts
FNF:0
FNH:0
DA:1,1
DA:3,1
DA:19,1
LF:3
LH:3
BRF:0
BRH:0
end_of_record
TN:
SF:src\midlewares\handle404.ts
FN:3,(anonymous_0)
FNF:1
FNH:0
FNDA:0,(anonymous_0)
DA:3,1
DA:4,0
DA:5,0
LF:3
LH:1
BRF:0
BRH:0
end_of_record
TN:
SF:src\midlewares\handleHttpException.ts
FN:7,(anonymous_1)
FN:32,(anonymous_2)
FN:36,(anonymous_3)
FN:55,(anonymous_4)
FNF:4
FNH:4
FNDA:1,(anonymous_1)
FNDA:9,(anonymous_2)
FNDA:16,(anonymous_3)
FNDA:20,(anonymous_4)
DA:2,1
DA:4,1
DA:5,1
DA:7,1
DA:8,1
DA:9,1
DA:10,1
DA:11,1
DA:12,1
DA:13,1
DA:14,1
DA:15,1
DA:16,1
DA:17,1
DA:18,1
DA:21,1
DA:32,1
DA:33,9
DA:36,1
DA:42,16
DA:44,16
DA:45,8
DA:46,8
DA:51,8
DA:52,8
DA:53,8
DA:54,8
DA:55,20
DA:58,8
DA:59,8
DA:65,0
DA:66,0
LF:32
LH:30
BRDA:7,0,0,1
BRDA:7,0,1,1
BRDA:44,1,0,8
BRDA:44,1,1,8
BRDA:51,2,0,8
BRDA:51,2,1,0
BRDA:51,3,0,0
BRDA:51,3,1,8
BRDA:51,4,0,8
BRDA:51,4,1,8
BRDA:51,5,0,8
BRDA:51,5,1,0
BRDA:52,6,0,8
BRDA:52,6,1,0
BRDA:54,7,0,0
BRDA:54,7,1,8
BRDA:54,8,0,8
BRDA:54,8,1,8
BRDA:68,9,0,0
BRDA:68,9,1,0
BRF:20
BRH:13
end_of_record
TN:
SF:src\routers\index.ts
FNF:0
FNH:0
DA:1,1
DA:2,1
DA:4,1
DA:6,1
DA:8,1
LF:5
LH:5
BRF:0
BRH:0
end_of_record
TN:
SF:src\tests\helpers\index.ts
FN:9,(anonymous_8)
FN:11,(anonymous_9)
FN:11,(anonymous_10)
FN:16,(anonymous_11)
FN:16,(anonymous_12)
FN:28,(anonymous_13)
FN:28,(anonymous_14)
FN:31,(anonymous_15)
FN:38,(anonymous_16)
FN:38,(anonymous_17)
FN:40,(anonymous_18)
FNF:11
FNH:11
FNDA:6,(anonymous_8)
FNDA:3,(anonymous_9)
FNDA:3,(anonymous_10)
FNDA:9,(anonymous_11)
FNDA:9,(anonymous_12)
FNDA:2,(anonymous_13)
FNDA:2,(anonymous_14)
FNDA:2,(anonymous_15)
FNDA:2,(anonymous_16)
FNDA:2,(anonymous_17)
FNDA:2,(anonymous_18)
DA:1,1
DA:2,1
DA:3,1
DA:4,1
DA:5,1
DA:6,1
DA:7,1
DA:9,6
DA:11,3
DA:12,3
DA:13,3
DA:16,9
DA:17,9
DA:18,9
DA:19,9
DA:24,9
DA:25,9
DA:28,2
DA:29,2
DA:30,2
DA:31,2
DA:33,2
DA:35,2
DA:38,2
DA:39,2
DA:40,2
DA:41,2
DA:46,2
DA:47,2
LF:29
LH:29
BRDA:11,0,0,1
BRDA:13,1,0,3
BRDA:13,1,1,0
BRDA:16,2,0,6
BRDA:16,3,0,0
BRF:5
BRH:3
end_of_record
TN:
SF:src\utils\controller.ts
FN:6,(anonymous_7)
FN:6,(anonymous_8)
FN:6,(anonymous_9)
FNF:3
FNH:3
FNDA:7,(anonymous_7)
FNDA:18,(anonymous_8)
FNDA:18,(anonymous_9)
DA:5,1
DA:6,18
DA:7,18
DA:8,18
DA:10,8
LF:5
LH:5
BRF:0
BRH:0
end_of_record
TN:
SF:src\utils\jwt.ts
FN:23,(anonymous_1)
FN:31,(anonymous_2)
FN:37,(anonymous_3)
FN:42,(anonymous_4)
FNF:4
FNH:4
FNDA:8,(anonymous_1)
FNDA:4,(anonymous_2)
FNDA:11,(anonymous_3)
FNDA:5,(anonymous_4)
DA:1,1
DA:2,1
DA:3,1
DA:5,1
DA:6,1
DA:8,1
DA:9,1
DA:10,1
DA:23,1
DA:24,8
DA:25,8
DA:26,8
DA:28,8
DA:31,1
DA:32,4
DA:33,4
DA:34,4
DA:37,1
DA:38,11
DA:42,1
DA:43,5
DA:44,1
DA:46,4
DA:47,4
DA:48,4
DA:50,4
DA:51,0
DA:54,4
DA:56,0
DA:57,0
LF:30
LH:27
BRDA:6,0,0,1
BRDA:6,0,1,0
BRDA:8,1,0,1
BRDA:8,1,1,0
BRDA:23,2,0,4
BRDA:38,3,0,11
BRDA:38,3,1,11
BRDA:38,3,2,11
BRDA:43,4,0,1
BRDA:50,5,0,0
BRDA:50,6,0,4
BRDA:50,6,1,4
BRDA:50,6,2,4
BRF:13
BRH:10
end_of_record
TN:
SF:src\utils\password.ts
FN:5,(anonymous_8)
FN:5,(anonymous_9)
FN:10,(anonymous_10)
FN:10,(anonymous_11)
FNF:4
FNH:4
FNDA:11,(anonymous_8)
FNDA:11,(anonymous_9)
FNDA:4,(anonymous_10)
FNDA:4,(anonymous_11)
DA:1,1
DA:3,1
DA:5,11
DA:6,11
DA:7,11
DA:10,4
DA:11,4
DA:12,4
LF:8
LH:8
BRF:0
BRH:0
end_of_record
TN:
SF:src\utils\validator.ts
FN:4,(anonymous_0)
FNF:1
FNH:1
FNDA:18,(anonymous_0)
DA:2,1
DA:4,1
DA:9,18
DA:10,18
DA:11,10
DA:13,8
DA:14,8
LF:7
LH:7
BRF:0
BRH:0
end_of_record
