TN:
SF:app.ts
FN:25,(anonymous_1)
FNF:1
FNH:1
FNDA:5,(anonymous_1)
DA:1,5
DA:2,5
DA:3,5
DA:4,5
DA:5,5
DA:6,5
DA:7,5
DA:10,5
DA:11,5
DA:12,5
DA:15,5
DA:17,5
DA:19,5
DA:21,5
DA:22,5
DA:24,5
DA:25,5
DA:26,5
DA:29,5
LF:19
LH:19
BRDA:12,0,0,5
BRDA:12,0,1,0
BRF:2
BRH:1
end_of_record
TN:
SF:config\mongodb.ts
FN:3,(anonymous_0)
FN:10,(anonymous_1)
FNF:2
FNH:2
FNDA:5,(anonymous_0)
FNDA:5,(anonymous_1)
DA:1,5
DA:3,5
DA:4,5
DA:5,5
DA:7,5
DA:11,5
DA:12,5
DA:14,0
LF:8
LH:7
BRDA:5,0,0,5
BRDA:5,0,1,0
BRDA:11,1,0,5
BRDA:11,1,1,0
BRF:4
BRH:2
end_of_record
TN:
SF:src\components\category\category.controller.ts
FN:8,(anonymous_8)
FN:8,(anonymous_9)
FNF:2
FNH:2
FNDA:2,(anonymous_8)
FNDA:2,(anonymous_9)
DA:1,5
DA:2,5
DA:3,5
DA:6,5
DA:8,5
DA:9,2
DA:10,2
DA:11,2
DA:14,5
DA:16,5
LF:10
LH:10
BRDA:10,0,0,1
BRDA:10,0,1,1
BRF:2
BRH:2
end_of_record
TN:
SF:src\components\category\category.repo.ts
FN:4,(anonymous_8)
FN:4,(anonymous_9)
FN:8,(anonymous_10)
FN:8,(anonymous_11)
FNF:4
FNH:4
FNDA:2,(anonymous_8)
FNDA:2,(anonymous_9)
FNDA:4,(anonymous_10)
FNDA:4,(anonymous_11)
DA:1,5
DA:3,5
DA:4,2
DA:5,2
DA:6,2
DA:8,4
DA:9,4
DA:10,4
LF:8
LH:8
BRF:0
BRH:0
end_of_record
TN:
SF:src\components\category\category.service.ts
FN:4,(anonymous_8)
FN:10,(anonymous_9)
FN:10,(anonymous_10)
FNF:3
FNH:3
FNDA:1,(anonymous_8)
FNDA:2,(anonymous_9)
FNDA:2,(anonymous_10)
DA:1,5
DA:4,5
DA:5,1
DA:6,1
DA:9,5
DA:10,2
DA:11,2
DA:13,2
LF:8
LH:8
BRF:0
BRH:0
end_of_record
TN:
SF:src\components\category\model\mongodb.ts
FNF:0
FNH:0
DA:1,5
DA:4,5
DA:9,5
LF:3
LH:3
BRF:0
BRH:0
end_of_record
TN:
SF:src\components\country\country.controller.ts
FN:8,(anonymous_8)
FN:8,(anonymous_9)
FNF:2
FNH:2
FNDA:2,(anonymous_8)
FNDA:2,(anonymous_9)
DA:1,5
DA:2,5
DA:3,5
DA:6,5
DA:8,5
DA:9,2
DA:10,2
DA:11,2
DA:14,5
DA:16,5
LF:10
LH:10
BRDA:10,0,0,1
BRDA:10,0,1,1
BRF:2
BRH:2
end_of_record
TN:
SF:src\components\country\country.repo.ts
FN:4,(anonymous_8)
FN:4,(anonymous_9)
FN:8,(anonymous_10)
FN:8,(anonymous_11)
FN:12,(anonymous_12)
FN:12,(anonymous_13)
FNF:6
FNH:4
FNDA:2,(anonymous_8)
FNDA:2,(anonymous_9)
FNDA:0,(anonymous_10)
FNDA:0,(anonymous_11)
FNDA:2,(anonymous_12)
FNDA:2,(anonymous_13)
DA:1,5
DA:3,5
DA:4,2
DA:5,2
DA:6,2
DA:8,0
DA:9,0
DA:10,0
DA:12,2
DA:13,2
DA:15,2
DA:17,2
LF:12
LH:9
BRDA:15,0,0,2
BRDA:15,0,1,0
BRF:2
BRH:1
end_of_record
TN:
SF:src\components\country\country.service.ts
FN:4,(anonymous_8)
FN:10,(anonymous_9)
FN:10,(anonymous_10)
FNF:3
FNH:3
FNDA:1,(anonymous_8)
FNDA:2,(anonymous_9)
FNDA:2,(anonymous_10)
DA:1,5
DA:4,5
DA:5,1
DA:6,1
DA:9,5
DA:10,2
DA:11,2
DA:13,2
LF:8
LH:8
BRF:0
BRH:0
end_of_record
TN:
SF:src\components\country\model\mongodb.ts
FNF:0
FNH:0
DA:1,5
DA:4,5
DA:9,5
LF:3
LH:3
BRF:0
BRH:0
end_of_record
TN:
SF:src\components\customer\customer.controller.ts
FN:9,(anonymous_8)
FN:9,(anonymous_9)
FN:16,(anonymous_10)
FN:16,(anonymous_11)
FN:25,(anonymous_12)
FN:25,(anonymous_13)
FN:34,(anonymous_14)
FN:34,(anonymous_15)
FN:43,(anonymous_16)
FN:43,(anonymous_17)
FN:52,(anonymous_18)
FN:52,(anonymous_19)
FNF:12
FNH:12
FNDA:2,(anonymous_8)
FNDA:2,(anonymous_9)
FNDA:2,(anonymous_10)
FNDA:2,(anonymous_11)
FNDA:3,(anonymous_12)
FNDA:3,(anonymous_13)
FNDA:2,(anonymous_14)
FNDA:2,(anonymous_15)
FNDA:2,(anonymous_16)
FNDA:2,(anonymous_17)
FNDA:4,(anonymous_18)
FNDA:4,(anonymous_19)
DA:1,5
DA:2,5
DA:3,5
DA:5,5
DA:7,5
DA:9,5
DA:10,2
DA:12,2
DA:13,2
DA:16,5
DA:17,2
DA:19,2
DA:21,1
DA:22,1
DA:25,5
DA:26,3
DA:28,3
DA:30,1
DA:31,1
DA:34,5
DA:35,2
DA:37,2
DA:39,1
DA:40,1
DA:43,5
DA:44,2
DA:46,2
DA:48,2
DA:49,2
DA:52,5
DA:53,4
DA:54,4
DA:56,4
DA:58,1
DA:59,1
DA:62,5
DA:63,5
DA:64,5
DA:65,5
DA:66,5
DA:67,5
DA:69,5
LF:42
LH:42
BRDA:12,0,0,1
BRDA:12,0,1,1
BRF:2
BRH:2
end_of_record
TN:
SF:src\components\customer\customer.repo.ts
FN:7,(anonymous_8)
FN:7,(anonymous_9)
FN:14,(anonymous_10)
FN:14,(anonymous_11)
FN:20,(anonymous_12)
FN:20,(anonymous_13)
FN:24,(anonymous_14)
FN:24,(anonymous_15)
FN:31,(anonymous_16)
FN:31,(anonymous_17)
FN:34,(anonymous_18)
FN:34,(anonymous_19)
FNF:12
FNH:12
FNDA:2,(anonymous_8)
FNDA:2,(anonymous_9)
FNDA:7,(anonymous_10)
FNDA:7,(anonymous_11)
FNDA:8,(anonymous_12)
FNDA:8,(anonymous_13)
FNDA:1,(anonymous_14)
FNDA:1,(anonymous_15)
FNDA:2,(anonymous_16)
FNDA:2,(anonymous_17)
FNDA:1,(anonymous_18)
FNDA:1,(anonymous_19)
DA:4,5
DA:6,5
DA:7,2
DA:8,2
DA:11,2
DA:14,7
DA:15,7
DA:18,5
DA:20,8
DA:21,8
DA:22,8
DA:24,1
DA:25,1
DA:29,1
DA:31,2
DA:32,2
DA:34,1
DA:35,1
LF:18
LH:18
BRF:0
BRH:0
end_of_record
TN:
SF:src\components\customer\customer.service.ts
FN:7,(anonymous_8)
FN:13,(anonymous_9)
FN:31,(anonymous_10)
FN:31,(anonymous_11)
FN:37,(anonymous_12)
FN:37,(anonymous_13)
FN:43,(anonymous_14)
FN:43,(anonymous_15)
FN:55,(anonymous_16)
FN:55,(anonymous_17)
FN:82,(anonymous_18)
FN:82,(anonymous_19)
FN:92,(anonymous_20)
FN:95,(anonymous_21)
FNF:14
FNH:14
FNDA:5,(anonymous_8)
FNDA:4,(anonymous_9)
FNDA:8,(anonymous_10)
FNDA:8,(anonymous_11)
FNDA:2,(anonymous_12)
FNDA:2,(anonymous_13)
FNDA:2,(anonymous_14)
FNDA:2,(anonymous_15)
FNDA:3,(anonymous_16)
FNDA:3,(anonymous_17)
FNDA:2,(anonymous_18)
FNDA:2,(anonymous_19)
FNDA:4,(anonymous_20)
FNDA:4,(anonymous_21)
DA:2,5
DA:3,5
DA:4,5
DA:5,5
DA:7,5
DA:8,5
DA:9,5
DA:10,5
DA:13,5
DA:14,4
DA:15,4
DA:16,4
DA:17,4
DA:19,4
DA:31,8
DA:32,8
DA:33,8
DA:36,5
DA:37,2
DA:38,2
DA:40,2
DA:43,2
DA:44,2
DA:45,2
DA:46,1
DA:48,1
DA:50,1
DA:51,1
DA:55,3
DA:56,3
DA:57,3
DA:58,1
DA:59,1
DA:63,2
DA:68,1
DA:78,1
DA:79,1
DA:82,2
DA:83,2
DA:84,2
DA:86,1
DA:87,1
DA:95,4
DA:96,4
DA:97,4
DA:98,4
DA:99,3
DA:101,1
DA:102,1
DA:105,3
DA:107,3
DA:108,3
DA:109,3
DA:110,1
DA:111,1
DA:113,2
DA:116,2
DA:117,2
DA:118,2
DA:119,2
DA:120,2
DA:121,1
DA:122,1
DA:124,1
DA:127,1
DA:128,0
DA:129,0
DA:131,1
DA:132,0
DA:134,1
DA:135,0
DA:137,1
DA:138,0
DA:140,1
DA:141,1
DA:144,1
DA:145,1
DA:146,1
LF:78
LH:73
BRDA:7,0,0,5
BRDA:7,0,1,5
BRDA:46,1,0,0
BRDA:57,2,0,1
BRDA:99,3,0,0
BRDA:107,4,0,3
BRDA:109,5,0,1
BRDA:118,6,0,2
BRDA:120,7,0,1
BRDA:127,8,0,0
BRDA:131,9,0,0
BRDA:134,10,0,0
BRDA:137,11,0,0
BRDA:140,12,0,1
BRF:14
BRH:8
end_of_record
TN:
SF:src\components\customer\dto\validator.ts
FNF:0
FNH:0
DA:1,5
DA:2,5
DA:4,5
DA:19,5
DA:24,5
LF:5
LH:5
BRF:0
BRH:0
end_of_record
TN:
SF:src\components\customer\model\mongodb.ts
FNF:0
FNH:0
DA:1,5
DA:2,5
DA:5,5
DA:23,5
LF:4
LH:4
BRF:0
BRH:0
end_of_record
TN:
SF:src\components\product\product.controller.ts
FN:11,(anonymous_8)
FN:11,(anonymous_9)
FN:24,(anonymous_10)
FN:24,(anonymous_11)
FN:33,(anonymous_12)
FN:33,(anonymous_13)
FN:43,(anonymous_14)
FN:43,(anonymous_15)
FNF:8
FNH:8
FNDA:8,(anonymous_8)
FNDA:8,(anonymous_9)
FNDA:2,(anonymous_10)
FNDA:2,(anonymous_11)
FNDA:2,(anonymous_12)
FNDA:2,(anonymous_13)
FNDA:2,(anonymous_14)
FNDA:2,(anonymous_15)
DA:1,5
DA:2,5
DA:3,5
DA:5,5
DA:7,5
DA:11,8
DA:12,8
DA:13,8
DA:15,8
DA:20,7
DA:21,7
DA:24,5
DA:25,2
DA:27,2
DA:29,1
DA:30,1
DA:33,5
DA:34,2
DA:35,2
DA:37,2
DA:39,1
DA:40,1
DA:43,5
DA:44,2
DA:46,2
DA:48,1
DA:49,1
DA:52,5
DA:53,5
DA:54,5
DA:55,5
DA:57,5
LF:32
LH:32
BRDA:12,0,0,8
BRDA:12,0,1,5
BRDA:12,1,0,5
BRDA:12,1,1,3
BRDA:12,2,0,8
BRDA:12,2,1,8
BRDA:13,3,0,8
BRDA:13,3,1,4
BRDA:13,4,0,4
BRDA:13,4,1,4
BRDA:13,5,0,8
BRDA:13,5,1,8
BRDA:20,6,0,3
BRDA:20,6,1,4
BRF:14
BRH:14
end_of_record
TN:
SF:src\components\product\product.repo.ts
FN:5,(anonymous_8)
FN:5,(anonymous_9)
FN:9,(anonymous_10)
FN:9,(anonymous_11)
FN:13,(anonymous_12)
FN:13,(anonymous_13)
FN:17,(anonymous_14)
FN:17,(anonymous_15)
FNF:8
FNH:8
FNDA:7,(anonymous_8)
FNDA:7,(anonymous_9)
FNDA:3,(anonymous_10)
FNDA:3,(anonymous_11)
FNDA:2,(anonymous_12)
FNDA:2,(anonymous_13)
FNDA:2,(anonymous_14)
FNDA:2,(anonymous_15)
DA:2,5
DA:4,5
DA:5,7
DA:6,7
DA:7,7
DA:9,3
DA:10,3
DA:11,2
DA:13,2
DA:14,2
DA:15,1
DA:17,2
DA:18,2
LF:13
LH:13
BRDA:5,0,0,0
BRF:1
BRH:0
end_of_record
TN:
SF:src\components\product\product.service.ts
FN:6,(anonymous_8)
FN:12,(anonymous_9)
FN:15,(anonymous_10)
FN:38,(anonymous_11)
FN:38,(anonymous_12)
FN:51,(anonymous_13)
FN:51,(anonymous_14)
FN:69,(anonymous_15)
FN:69,(anonymous_16)
FNF:9
FNH:9
FNDA:6,(anonymous_8)
FNDA:8,(anonymous_9)
FNDA:8,(anonymous_10)
FNDA:2,(anonymous_11)
FNDA:2,(anonymous_12)
FNDA:2,(anonymous_13)
FNDA:2,(anonymous_14)
FNDA:2,(anonymous_15)
FNDA:2,(anonymous_16)
DA:2,5
DA:3,5
DA:4,5
DA:6,5
DA:7,6
DA:8,6
DA:11,5
DA:15,8
DA:16,8
DA:18,8
DA:20,8
DA:21,4
DA:22,4
DA:23,1
DA:24,1
DA:27,3
DA:28,3
DA:31,7
DA:32,7
DA:34,7
DA:35,7
DA:38,2
DA:39,2
DA:40,2
DA:41,2
DA:42,1
DA:44,1
DA:45,1
DA:48,1
DA:51,2
DA:52,2
DA:53,0
DA:54,0
DA:57,2
DA:58,2
DA:59,1
DA:60,1
DA:62,1
DA:64,1
DA:65,1
DA:69,2
DA:70,2
DA:71,2
DA:73,1
DA:74,1
LF:45
LH:43
BRDA:13,0,0,0
BRDA:14,1,0,0
BRDA:18,2,0,3
BRDA:20,3,0,4
BRDA:22,4,0,1
BRDA:42,5,0,0
BRDA:52,6,0,0
BRDA:52,7,0,2
BRDA:52,7,1,2
BRDA:60,8,0,0
BRF:10
BRH:5
end_of_record
TN:
SF:src\components\product\dto\validator.ts
FNF:0
FNH:0
DA:1,5
DA:2,5
DA:4,5
LF:3
LH:3
BRF:0
BRH:0
end_of_record
TN:
SF:src\components\product\model\mongodb.ts
FNF:0
FNH:0
DA:1,5
DA:4,5
DA:16,5
LF:3
LH:3
BRF:0
BRH:0
end_of_record
TN:
SF:src\components\role\role.repo.ts
FN:3,(anonymous_8)
FN:8,(anonymous_9)
FN:8,(anonymous_10)
FN:12,(anonymous_11)
FN:12,(anonymous_12)
FNF:5
FNH:3
FNDA:5,(anonymous_8)
FNDA:4,(anonymous_9)
FNDA:4,(anonymous_10)
FNDA:0,(anonymous_11)
FNDA:0,(anonymous_12)
DA:1,5
DA:3,5
DA:4,5
DA:5,5
DA:7,5
DA:8,4
DA:9,4
DA:10,4
DA:12,0
DA:13,0
DA:14,0
LF:11
LH:8
BRDA:3,0,0,5
BRDA:3,0,1,5
BRDA:10,1,0,4
BRDA:10,1,1,0
BRF:4
BRH:3
end_of_record
TN:
SF:src\components\role\model\mongodb.ts
FNF:0
FNH:0
DA:1,5
DA:3,5
DA:5,5
DA:10,5
LF:4
LH:4
BRF:0
BRH:0
end_of_record
TN:
SF:src\components\user\user.controller.ts
FN:14,(anonymous_8)
FN:14,(anonymous_9)
FN:20,(anonymous_10)
FN:20,(anonymous_11)
FN:27,(anonymous_12)
FN:27,(anonymous_13)
FN:34,(anonymous_14)
FN:34,(anonymous_15)
FN:42,(anonymous_16)
FN:42,(anonymous_17)
FN:49,(anonymous_18)
FN:49,(anonymous_19)
FN:56,(anonymous_20)
FN:56,(anonymous_21)
FNF:14
FNH:14
FNDA:2,(anonymous_8)
FNDA:2,(anonymous_9)
FNDA:2,(anonymous_10)
FNDA:2,(anonymous_11)
FNDA:2,(anonymous_12)
FNDA:2,(anonymous_13)
FNDA:3,(anonymous_14)
FNDA:3,(anonymous_15)
FNDA:3,(anonymous_16)
FNDA:3,(anonymous_17)
FNDA:3,(anonymous_18)
FNDA:3,(anonymous_19)
FNDA:3,(anonymous_20)
FNDA:3,(anonymous_21)
DA:1,5
DA:2,5
DA:5,5
DA:10,5
DA:12,5
DA:14,5
DA:15,2
DA:16,2
DA:17,2
DA:20,5
DA:21,2
DA:22,2
DA:23,1
DA:24,1
DA:27,5
DA:28,2
DA:29,2
DA:30,2
DA:31,2
DA:34,5
DA:35,3
DA:36,3
DA:37,3
DA:38,1
DA:39,1
DA:42,5
DA:43,3
DA:44,3
DA:45,1
DA:46,1
DA:49,5
DA:50,3
DA:51,3
DA:52,1
DA:53,1
DA:56,5
DA:57,3
DA:58,3
DA:59,2
DA:60,2
DA:63,5
DA:64,5
DA:65,5
DA:66,5
DA:67,5
DA:68,5
DA:69,5
DA:71,5
LF:48
LH:48
BRDA:16,0,0,1
BRDA:16,0,1,1
BRDA:50,1,0,3
BRDA:50,1,1,1
BRDA:57,2,0,3
BRDA:57,2,1,1
BRF:6
BRH:6
end_of_record
TN:
SF:src\components\user\user.repo.ts
FN:5,(anonymous_8)
FN:5,(anonymous_9)
FN:9,(anonymous_10)
FN:9,(anonymous_11)
FN:14,(anonymous_12)
FN:14,(anonymous_13)
FN:21,(anonymous_14)
FN:21,(anonymous_15)
FN:26,(anonymous_16)
FN:26,(anonymous_17)
FN:30,(anonymous_18)
FN:30,(anonymous_19)
FNF:12
FNH:12
FNDA:2,(anonymous_8)
FNDA:2,(anonymous_9)
FNDA:4,(anonymous_10)
FNDA:4,(anonymous_11)
FNDA:7,(anonymous_12)
FNDA:7,(anonymous_13)
FNDA:3,(anonymous_14)
FNDA:3,(anonymous_15)
FNDA:1,(anonymous_16)
FNDA:1,(anonymous_17)
FNDA:1,(anonymous_18)
FNDA:1,(anonymous_19)
DA:3,5
DA:5,5
DA:6,2
DA:9,5
DA:10,4
DA:11,2
DA:14,7
DA:15,7
DA:18,7
DA:21,5
DA:22,3
DA:23,2
DA:26,5
DA:27,1
DA:30,5
DA:31,1
DA:34,5
LF:17
LH:17
BRF:0
BRH:0
end_of_record
TN:
SF:src\components\user\user.service.ts
FN:8,(anonymous_14)
FN:13,(anonymous_15)
FN:13,(anonymous_16)
FN:32,(anonymous_17)
FN:32,(anonymous_18)
FN:37,(anonymous_19)
FN:37,(anonymous_20)
FN:42,(anonymous_21)
FN:42,(anonymous_22)
FN:47,(anonymous_23)
FN:47,(anonymous_24)
FN:52,(anonymous_25)
FN:52,(anonymous_26)
FN:71,(anonymous_27)
FN:71,(anonymous_28)
FN:84,(anonymous_29)
FN:94,(anonymous_30)
FN:94,(anonymous_31)
FN:111,(anonymous_32)
FN:111,(anonymous_33)
FN:125,(anonymous_34)
FN:125,(anonymous_35)
FNF:22
FNH:22
FNDA:2,(anonymous_14)
FNDA:4,(anonymous_15)
FNDA:4,(anonymous_16)
FNDA:2,(anonymous_17)
FNDA:2,(anonymous_18)
FNDA:2,(anonymous_19)
FNDA:2,(anonymous_20)
FNDA:2,(anonymous_21)
FNDA:2,(anonymous_22)
FNDA:4,(anonymous_23)
FNDA:4,(anonymous_24)
FNDA:3,(anonymous_25)
FNDA:3,(anonymous_26)
FNDA:3,(anonymous_27)
FNDA:3,(anonymous_28)
FNDA:1,(anonymous_29)
FNDA:3,(anonymous_30)
FNDA:3,(anonymous_31)
FNDA:3,(anonymous_32)
FNDA:3,(anonymous_33)
FNDA:1,(anonymous_34)
FNDA:1,(anonymous_35)
DA:1,5
DA:2,5
DA:4,5
DA:5,5
DA:6,5
DA:8,5
DA:9,2
DA:10,2
DA:13,5
DA:14,4
DA:15,4
DA:17,4
DA:23,4
DA:24,4
DA:26,2
DA:27,2
DA:31,5
DA:32,2
DA:33,2
DA:34,2
DA:37,2
DA:38,2
DA:39,1
DA:42,2
DA:43,2
DA:44,1
DA:47,4
DA:48,4
DA:49,4
DA:52,3
DA:53,3
DA:54,3
DA:55,3
DA:56,2
DA:58,1
DA:59,1
DA:62,2
DA:63,2
DA:64,1
DA:65,1
DA:68,1
DA:71,3
DA:72,3
DA:73,3
DA:74,1
DA:75,1
DA:78,2
DA:79,2
DA:80,1
DA:81,1
DA:84,1
DA:87,1
DA:94,3
DA:95,3
DA:96,1
DA:97,1
DA:100,2
DA:101,1
DA:102,1
DA:105,1
DA:108,1
DA:111,3
DA:112,3
DA:113,1
DA:114,1
DA:117,2
DA:118,2
DA:119,1
DA:121,1
DA:125,1
DA:126,1
LF:71
LH:71
BRDA:56,0,0,0
BRDA:63,1,0,1
BRDA:73,2,0,1
BRDA:79,3,0,1
BRDA:95,4,0,1
BRDA:100,5,0,1
BRDA:112,6,0,1
BRF:7
BRH:6
end_of_record
TN:
SF:src\components\user\dto\validator.ts
FNF:0
FNH:0
DA:1,5
DA:2,5
DA:4,5
DA:9,5
DA:14,5
LF:5
LH:5
BRF:0
BRH:0
end_of_record
TN:
SF:src\components\user\model\mongodb.ts
FNF:0
FNH:0
DA:1,5
DA:4,5
DA:20,5
LF:3
LH:3
BRF:0
BRH:0
end_of_record
TN:
SF:src\midlewares\handle404.ts
FN:3,(anonymous_0)
FNF:1
FNH:0
FNDA:0,(anonymous_0)
DA:3,5
DA:4,0
DA:5,0
LF:3
LH:1
BRF:0
BRH:0
end_of_record
TN:
SF:src\midlewares\handleHttpException.ts
FN:7,(anonymous_1)
FN:32,(anonymous_2)
FN:36,(anonymous_3)
FN:55,(anonymous_4)
FNF:4
FNH:4
FNDA:5,(anonymous_1)
FNDA:20,(anonymous_2)
FNDA:34,(anonymous_3)
FNDA:72,(anonymous_4)
DA:2,5
DA:4,5
DA:5,5
DA:7,5
DA:8,5
DA:9,5
DA:10,5
DA:11,5
DA:12,5
DA:13,5
DA:14,5
DA:15,5
DA:16,5
DA:17,5
DA:18,5
DA:21,5
DA:32,5
DA:33,20
DA:36,5
DA:42,34
DA:44,34
DA:45,15
DA:46,15
DA:51,19
DA:52,19
DA:53,19
DA:54,19
DA:55,72
DA:58,19
DA:59,19
DA:65,0
DA:66,0
LF:32
LH:30
BRDA:7,0,0,5
BRDA:7,0,1,5
BRDA:44,1,0,15
BRDA:44,1,1,19
BRDA:51,2,0,19
BRDA:51,2,1,0
BRDA:51,3,0,0
BRDA:51,3,1,19
BRDA:51,4,0,19
BRDA:51,4,1,19
BRDA:51,5,0,19
BRDA:51,5,1,0
BRDA:52,6,0,19
BRDA:52,6,1,0
BRDA:54,7,0,0
BRDA:54,7,1,19
BRDA:54,8,0,19
BRDA:54,8,1,19
BRDA:68,9,0,0
BRDA:68,9,1,0
BRF:20
BRH:13
end_of_record
TN:
SF:src\routers\index.ts
FNF:0
FNH:0
DA:1,5
DA:2,5
DA:3,5
DA:4,5
DA:5,5
DA:6,5
DA:8,5
DA:10,5
DA:11,5
DA:12,5
DA:13,5
DA:14,5
DA:16,5
LF:13
LH:13
BRF:0
BRH:0
end_of_record
TN:
SF:src\tests\app-fabric.ts
FN:14,(anonymous_8)
FN:16,(anonymous_9)
FN:16,(anonymous_10)
FN:21,(anonymous_11)
FN:21,(anonymous_12)
FN:33,(anonymous_13)
FN:33,(anonymous_14)
FN:36,(anonymous_15)
FN:43,(anonymous_16)
FN:43,(anonymous_17)
FN:45,(anonymous_18)
FN:55,(anonymous_19)
FN:55,(anonymous_20)
FN:63,(anonymous_21)
FN:65,(anonymous_22)
FN:77,(anonymous_23)
FN:77,(anonymous_24)
FN:84,(anonymous_25)
FN:86,(anonymous_26)
FNF:19
FNH:19
FNDA:28,(anonymous_8)
FNDA:3,(anonymous_9)
FNDA:3,(anonymous_10)
FNDA:15,(anonymous_11)
FNDA:15,(anonymous_12)
FNDA:2,(anonymous_13)
FNDA:2,(anonymous_14)
FNDA:2,(anonymous_15)
FNDA:2,(anonymous_16)
FNDA:2,(anonymous_17)
FNDA:2,(anonymous_18)
FNDA:4,(anonymous_19)
FNDA:4,(anonymous_20)
FNDA:7,(anonymous_21)
FNDA:7,(anonymous_22)
FNDA:4,(anonymous_23)
FNDA:4,(anonymous_24)
FNDA:9,(anonymous_25)
FNDA:9,(anonymous_26)
DA:1,5
DA:2,5
DA:3,5
DA:4,5
DA:5,5
DA:6,5
DA:7,5
DA:8,5
DA:9,5
DA:10,5
DA:11,5
DA:12,5
DA:14,28
DA:16,5
DA:17,3
DA:18,3
DA:21,15
DA:22,15
DA:23,15
DA:24,15
DA:29,15
DA:30,15
DA:33,5
DA:34,2
DA:35,2
DA:36,2
DA:38,2
DA:40,2
DA:43,5
DA:44,2
DA:45,2
DA:46,2
DA:51,2
DA:52,2
DA:55,5
DA:56,4
DA:57,4
DA:63,5
DA:65,7
DA:66,7
DA:74,7
DA:77,5
DA:78,4
DA:79,4
DA:84,5
DA:86,9
DA:87,9
DA:96,9
LF:48
LH:48
BRDA:16,0,0,1
BRDA:18,1,0,3
BRDA:18,1,1,0
BRDA:21,2,0,12
BRDA:21,3,0,0
BRDA:55,4,0,4
BRDA:58,5,0,4
BRDA:58,5,1,1
BRDA:64,6,0,5
BRDA:64,7,0,0
BRDA:77,8,0,4
BRDA:80,9,0,4
BRDA:80,9,1,1
BRDA:85,10,0,5
BRDA:85,11,0,0
BRDA:85,12,0,1
BRF:16
BRH:12
end_of_record
TN:
SF:src\utils\controller.ts
FN:6,(anonymous_7)
FN:6,(anonymous_8)
FN:6,(anonymous_9)
FNF:3
FNH:3
FNDA:95,(anonymous_7)
FNDA:51,(anonymous_8)
FNDA:51,(anonymous_9)
DA:5,5
DA:6,95
DA:7,51
DA:8,51
DA:10,19
LF:5
LH:5
BRF:0
BRH:0
end_of_record
TN:
SF:src\utils\jwt.ts
FN:23,(anonymous_1)
FN:31,(anonymous_2)
FN:37,(anonymous_3)
FN:42,(anonymous_4)
FNF:4
FNH:4
FNDA:8,(anonymous_1)
FNDA:4,(anonymous_2)
FNDA:11,(anonymous_3)
FNDA:5,(anonymous_4)
DA:1,5
DA:2,5
DA:3,5
DA:5,5
DA:6,5
DA:8,5
DA:9,5
DA:10,5
DA:23,5
DA:24,8
DA:25,8
DA:26,8
DA:28,8
DA:31,5
DA:32,4
DA:33,4
DA:34,4
DA:37,5
DA:38,11
DA:42,5
DA:43,5
DA:44,1
DA:46,4
DA:47,4
DA:48,4
DA:50,4
DA:51,0
DA:54,4
DA:56,0
DA:57,0
LF:30
LH:27
BRDA:6,0,0,5
BRDA:6,0,1,0
BRDA:8,1,0,5
BRDA:8,1,1,0
BRDA:23,2,0,4
BRDA:38,3,0,11
BRDA:38,3,1,11
BRDA:38,3,2,11
BRDA:43,4,0,1
BRDA:50,5,0,0
BRDA:50,6,0,4
BRDA:50,6,1,4
BRDA:50,6,2,4
BRF:13
BRH:10
end_of_record
TN:
SF:src\utils\password.ts
FN:5,(anonymous_8)
FN:5,(anonymous_9)
FN:10,(anonymous_10)
FN:10,(anonymous_11)
FNF:4
FNH:4
FNDA:19,(anonymous_8)
FNDA:19,(anonymous_9)
FNDA:4,(anonymous_10)
FNDA:4,(anonymous_11)
DA:1,5
DA:3,5
DA:5,19
DA:6,19
DA:7,19
DA:10,5
DA:11,4
DA:12,4
LF:8
LH:8
BRF:0
BRH:0
end_of_record
TN:
SF:src\utils\validator.ts
FN:4,(anonymous_0)
FNF:1
FNH:1
FNDA:36,(anonymous_0)
DA:2,5
DA:4,5
DA:9,36
DA:10,36
DA:11,21
DA:13,15
DA:14,15
LF:7
LH:7
BRF:0
BRH:0
end_of_record
